0.000000000000
0.000000000000
0.000000000000
0.000000000000
0.000000000000
0.000000000000
0.000000000000
0.000000000000
0.510727000000
0.000000000000
0.054180000000
0.000000000000
0.000000000000
0.582923000000
0.000000000000
0.055152000000
0.528563000000
0.000000000000
0.000000000000
0.527877000000
0.538510000000
0.552230000000
0.000000000000
0.563025000000
0.000000000000
0.000000000000
0.000000000000
0.000000000000
0.000000000000
0.000000000000
0.524790000000
0.000000000000
0.514843000000
0.000000000000
0.056052000000
0.538510000000
0.551201000000
0.000000000000
0.537481000000
0.000000000000
0.057492000000
0.000000000000
0.000000000000
0.055584000000
0.000000000000
0.000000000000
0.000000000000
0.000000000000
0.000000000000
0.526162000000
0.000000000000
0.054288000000
0.000000000000
0.000000000000
0.517930000000
0.000000000000
0.000000000000
0.000000000000
0.524104000000
0.000000000000
0.000000000000
0.000000000000
0.534051000000
0.000000000000
0.053496000000
0.000000000000
0.000000000000
0.000000000000
0.559776000000
0.000000000000
0.000000000000
0.000000000000
0.000000000000
0.055404000000
0.000000000000
0.000000000000
0.000000000000
0.585322000000
0.000000000000
0.000000000000
0.000000000000
0.052992000000
0.000000000000
0.000000000000
0.514843000000
0.000000000000
0.000000000000
0.000000000000
0.000000000000
0.000000000000
0.000000000000
0.000000000000
0.542626000000
0.000000000000
0.000000000000
0.000000000000
0.539882000000
0.000000000000
0.528563000000
0.000000000000
0.000000000000
0.000000000000
0.000000000000
0.000000000000
0.000000000000
0.000000000000
0.000000000000
0.000000000000
0.000000000000
0.000000000000
0.530964000000
0.000000000000
0.000000000000
0.513471000000
0.000000000000
0.000000000000
0.000000000000
0.000000000000
0.000000000000
0.583611000000
0.000000000000
0.000000000000
0.000000000000
0.000000000000
0.000000000000
0.000000000000
0.000000000000
0.509698000000
0.000000000000
0.000000000000
0.000000000000
0.000000000000
0.000000000000
0.000000000000
0.000000000000
0.055692000000
0.000000000000
0.000000000000
0.000000000000
0.000000000000
0.000000000000
0.000000000000
0.055440000000
0.000000000000
0.505239000000
0.000000000000
0.567665000000
0.000000000000
0.533365000000
0.000000000000
0.054000000000
0.000000000000
0.000000000000
0.000000000000
0.000000000000
0.000000000000
0.000000000000
0.524790000000
0.000000000000
0.506611000000
0.000000000000
0.000000000000
0.052704000000
0.057276000000
0.000000000000
0.000000000000
0.000000000000
0.000000000000
0.000000000000
0.000000000000
0.000000000000
0.000000000000
0.000000000000
0.000000000000
0.000000000000
0.000000000000
0.000000000000
0.000000000000
0.055692000000
0.000000000000
0.000000000000
0.000000000000
0.000000000000
0.000000000000
0.000000000000
0.000000000000
0.055188000000
0.056160000000
0.000000000000
0.055476000000
0.573825000000
0.543655000000
0.000000000000
0.529249000000
0.000000000000
0.583662000000
0.000000000000
0.000000000000
0.054432000000
0.057168000000
0.000000000000
0.000000000000
0.522389000000
0.542626000000
0.000000000000
0.000000000000
0.000000000000
0.000000000000
0.000000000000
0.000000000000
0.000000000000
0.000000000000
0.055980000000
0.000000000000
0.000000000000
0.000000000000
0.000000000000
0.000000000000
0.530278000000
0.000000000000
0.000000000000
0.000000000000
0.000000000000
0.000000000000
0.000000000000
0.056196000000
0.598398000000
0.000000000000
0.000000000000
0.000000000000
0.000000000000
0.000000000000
0.000000000000
0.544684000000
0.000000000000
0.000000000000
0.000000000000
0.056520000000
0.587321000000
0.000000000000
0.000000000000
0.055260000000
0.000000000000
0.000000000000
0.000000000000
0.000000000000
0.000000000000
0.000000000000
0.000000000000
0.000000000000
0.000000000000
0.000000000000
0.000000000000
0.053892000000
0.000000000000
0.000000000000
0.000000000000
0.000000000000
0.000000000000
0.000000000000
0.000000000000
0.000000000000
0.000000000000
0.521360000000
0.529935000000
0.054540000000
0.000000000000
0.000000000000
0.000000000000
0.000000000000
0.000000000000
0.056268000000
0.000000000000
0.000000000000
0.000000000000
0.000000000000
0.000000000000
0.000000000000
0.531993000000
0.000000000000
0.000000000000
0.000000000000
0.000000000000
0.000000000000
0.000000000000
0.000000000000
0.000000000000
0.524104000000
0.000000000000
0.541254000000
0.000000000000
0.000000000000
0.000000000000
0.544341000000
0.000000000000
0.056700000000
0.509698000000
0.518273000000
0.582669000000
0.000000000000
0.000000000000
0.000000000000
0.588864000000
0.000000000000
0.000000000000
0.000000000000
0.000000000000
0.000000000000
0.000000000000
0.000000000000
0.000000000000
0.000000000000
0.000000000000
0.000000000000
0.000000000000
0.000000000000
0.530964000000
0.000000000000
0.000000000000
0.519988000000
0.530621000000
0.527191000000
0.054576000000
0.000000000000
0.000000000000
0.000000000000
0.000000000000
0.000000000000
0.057060000000
0.000000000000
0.053568000000
0.056916000000
0.000000000000
0.000000000000
0.526162000000
0.055080000000
0.000000000000
0.573122000000
0.000000000000
0.528563000000
0.000000000000
0.056520000000
0.000000000000
0.000000000000
0.000000000000
0.536452000000
0.000000000000
0.000000000000
0.000000000000
0.053712000000
0.000000000000
0.000000000000
0.000000000000
0.000000000000
0.000000000000
0.000000000000
0.000000000000
0.053100000000
0.000000000000
0.000000000000
0.000000000000
0.000000000000
0.000000000000
0.000000000000
0.000000000000
0.056016000000
0.054972000000
0.000000000000
0.000000000000
0.544684000000
0.000000000000
0.056340000000
0.000000000000
0.000000000000
0.000000000000
0.000000000000
0.000000000000
0.000000000000
0.000000000000
0.000000000000
0.000000000000
0.055224000000
0.000000000000
0.000000000000
0.000000000000
0.000000000000
0.000000000000
0.000000000000
0.542283000000
0.000000000000
0.056844000000
0.000000000000
0.054036000000
0.000000000000
0.000000000000
0.508326000000
0.055440000000
0.506954000000
0.000000000000
0.000000000000
0.000000000000
0.000000000000
0.055944000000
0.513128000000
0.000000000000
0.000000000000
0.000000000000
0.587975000000
0.000000000000
0.000000000000
0.537824000000
0.000000000000
0.000000000000
0.055764000000
0.000000000000
0.569002000000
0.000000000000
0.059004000000
0.054000000000
0.000000000000
0.000000000000
0.056556000000
0.000000000000
0.000000000000
0.000000000000
0.000000000000
0.000000000000
0.000000000000
0.000000000000
0.055224000000
0.532336000000
0.000000000000
0.000000000000
0.000000000000
0.055296000000
0.057636000000
0.053748000000
0.000000000000
0.000000000000
0.000000000000
0.582771000000
0.000000000000
0.000000000000
0.000000000000
0.000000000000
0.000000000000
0.000000000000
0.000000000000
0.000000000000
0.000000000000
0.000000000000
0.055368000000
0.000000000000
0.000000000000
0.531993000000
0.000000000000
0.000000000000
0.000000000000
0.578733000000
0.000000000000
0.000000000000
0.527534000000
0.000000000000
0.000000000000
0.000000000000
0.536109000000
0.000000000000
0.000000000000
0.055440000000
0.000000000000
0.000000000000
0.054684000000
0.000000000000
0.000000000000
0.000000000000
0.000000000000
0.000000000000
0.000000000000
0.000000000000
0.054288000000
0.000000000000
0.000000000000
0.000000000000
0.000000000000
0.547428000000
0.000000000000
0.000000000000
0.000000000000
0.000000000000
0.000000000000
0.000000000000
0.055440000000
0.000000000000
0.513814000000
0.000000000000
0.000000000000
0.000000000000
0.000000000000
0.000000000000
0.000000000000
0.056340000000
0.512442000000
0.000000000000
0.527191000000
0.000000000000
0.000000000000
0.000000000000
0.000000000000
0.528563000000
0.000000000000
0.000000000000
0.609241000000
0.000000000000
0.000000000000
0.000000000000
0.000000000000
0.000000000000
0.000000000000
0.056052000000
0.000000000000
0.051660000000
0.000000000000
0.000000000000
0.057528000000
0.000000000000
0.000000000000
0.000000000000
0.000000000000
0.000000000000
0.052812000000
0.000000000000
0.055836000000
0.000000000000
0.586347000000
0.000000000000
0.000000000000
0.000000000000
0.000000000000
0.000000000000
0.524104000000
0.000000000000
0.000000000000
0.000000000000
0.000000000000
0.057672000000
0.055980000000
0.522046000000
0.000000000000
0.000000000000
0.054936000000
0.055728000000
0.000000000000
0.000000000000
0.530964000000
0.000000000000
0.516215000000
0.000000000000
0.000000000000
0.000000000000
0.529592000000
0.611676000000
0.000000000000
0.000000000000
0.000000000000
0.000000000000
0.054288000000
0.055116000000
0.000000000000
0.000000000000
0.000000000000
0.054432000000
0.000000000000
0.578407000000
0.000000000000
0.000000000000
0.000000000000
0.587863000000
0.000000000000
0.000000000000
0.000000000000
0.548457000000
0.000000000000
0.000000000000
0.000000000000
0.000000000000
0.000000000000
0.000000000000
0.056736000000
0.055692000000
0.054612000000
0.000000000000
0.000000000000
0.000000000000
0.000000000000
0.000000000000
0.000000000000
0.000000000000
0.000000000000
0.000000000000
0.000000000000
0.000000000000
0.510384000000
0.000000000000
0.054576000000
0.000000000000
0.000000000000
0.000000000000
0.510384000000
0.525819000000
0.000000000000
0.000000000000
0.000000000000
0.000000000000
0.000000000000
0.000000000000
0.529592000000
0.000000000000
0.000000000000
0.000000000000
0.056880000000
0.000000000000
0.000000000000
0.000000000000
0.000000000000
0.000000000000
0.000000000000
0.055404000000
0.000000000000
0.000000000000
0.000000000000
0.000000000000
0.000000000000
0.000000000000
0.000000000000
0.000000000000
0.000000000000
0.514843000000
0.000000000000
0.000000000000
0.000000000000
0.054072000000
0.000000000000
0.524104000000
0.000000000000
0.000000000000
0.000000000000
0.056772000000
0.000000000000
0.054792000000
0.524790000000
0.000000000000
0.000000000000
0.000000000000
0.000000000000
0.000000000000
0.519302000000
0.537824000000
0.000000000000
0.054432000000
0.553945000000
0.000000000000
0.000000000000
0.000000000000
0.000000000000
0.055332000000
0.000000000000
0.056556000000
0.000000000000
0.055836000000
0.000000000000
0.591536000000
0.055008000000
0.539539000000
0.000000000000
0.515529000000
0.057060000000
0.000000000000
0.000000000000
0.000000000000
0.000000000000
0.535766000000
0.000000000000
0.533365000000
0.000000000000
0.000000000000
0.000000000000
0.000000000000
0.000000000000
0.053892000000
0.000000000000
0.000000000000
0.000000000000
0.000000000000
0.055404000000
0.000000000000
0.000000000000
0.000000000000
0.000000000000
0.000000000000
0.000000000000
0.000000000000
0.000000000000
0.000000000000
0.000000000000
0.000000000000
0.000000000000
0.000000000000
0.055224000000
0.052092000000
0.000000000000
0.000000000000
0.000000000000
0.529592000000
0.000000000000
0.000000000000
0.536452000000
0.000000000000
0.000000000000
0.000000000000
0.000000000000
0.000000000000
0.525476000000
0.000000000000
0.000000000000
0.055296000000
0.000000000000
0.000000000000
0.000000000000
0.583702000000
0.000000000000
0.000000000000
0.000000000000
0.000000000000
0.552230000000
0.053604000000
0.000000000000
0.000000000000
0.000000000000
0.054072000000
0.515186000000
0.580160000000
0.000000000000
0.524447000000
0.000000000000
0.000000000000
0.000000000000
0.000000000000
0.555317000000
0.000000000000
0.055296000000
0.000000000000
0.527877000000
0.000000000000
0.000000000000
0.504210000000
0.000000000000
0.000000000000
0.000000000000
0.527534000000
0.000000000000
0.052164000000
0.000000000000
0.000000000000
0.000000000000
0.000000000000
0.000000000000
0.000000000000
0.000000000000
0.000000000000
0.000000000000
0.054792000000
0.054972000000
0.000000000000
0.000000000000
0.505239000000
0.000000000000
0.000000000000
0.000000000000
0.000000000000
0.055800000000
0.570810000000
0.000000000000
0.000000000000
0.000000000000
0.541254000000
0.584621000000
0.516215000000
0.000000000000
0.054432000000
0.055008000000
0.000000000000
0.000000000000
0.000000000000
0.000000000000
0.054144000000
0.000000000000
0.000000000000
0.000000000000
0.000000000000
0.000000000000
0.533022000000
0.000000000000
0.000000000000
0.000000000000
0.000000000000
0.000000000000
0.000000000000
0.000000000000
0.000000000000
0.000000000000
0.000000000000
0.000000000000
0.000000000000
0.000000000000
0.000000000000
0.000000000000
0.000000000000
0.000000000000
0.000000000000
0.000000000000
0.534394000000
0.000000000000
0.511413000000
0.000000000000
0.588735000000
0.000000000000
0.000000000000
0.518273000000
0.000000000000
0.000000000000
0.000000000000
0.000000000000
0.000000000000
0.000000000000
0.000000000000
0.000000000000
0.000000000000
0.000000000000
0.055836000000
0.000000000000
0.000000000000
0.000000000000
0.606016000000
0.524790000000
0.000000000000
0.000000000000
0.000000000000
0.000000000000
0.000000000000
0.000000000000
0.000000000000
0.000000000000
0.000000000000
0.000000000000
0.000000000000
0.000000000000
0.000000000000
0.000000000000
0.000000000000
0.000000000000
0.000000000000
0.055224000000
0.000000000000
0.000000000000
0.000000000000
0.000000000000
0.000000000000
0.000000000000
0.000000000000
0.000000000000
0.000000000000
0.000000000000
0.000000000000
0.000000000000
0.052884000000
0.513128000000
0.517587000000
0.507983000000
0.000000000000
0.000000000000
0.000000000000
0.000000000000
0.000000000000
0.000000000000
0.000000000000
0.000000000000
0.000000000000
0.000000000000
0.057060000000
0.052668000000
0.541597000000
0.000000000000
0.501809000000
0.052920000000
0.000000000000
0.000000000000
0.000000000000
0.053676000000
0.054072000000
0.000000000000
0.053532000000
0.053964000000
0.000000000000
0.000000000000
0.000000000000
0.000000000000
0.528220000000
0.000000000000
0.000000000000
0.000000000000
0.000000000000
0.000000000000
0.000000000000
0.000000000000
0.000000000000
0.000000000000
0.000000000000
0.000000000000
0.054288000000
0.522389000000
0.000000000000
0.529935000000
0.000000000000
0.000000000000
0.000000000000
0.000000000000
0.000000000000
0.000000000000
0.000000000000
0.527877000000
0.054972000000
0.000000000000
0.000000000000
0.054252000000
0.000000000000
0.000000000000
0.000000000000
0.000000000000
0.000000000000
0.000000000000
0.519988000000
0.000000000000
0.000000000000
0.000000000000
0.055404000000
0.506611000000
0.541597000000
0.052920000000
0.000000000000
0.000000000000
0.055008000000
0.057204000000
0.000000000000
0.000000000000
0.000000000000
0.000000000000
0.000000000000
0.000000000000
0.000000000000
0.487746000000
0.000000000000
0.000000000000
0.055872000000
0.000000000000
0.000000000000
0.000000000000
0.000000000000
0.000000000000
0.000000000000
0.055260000000
0.000000000000
0.000000000000
0.536452000000
0.535766000000
0.000000000000
0.544684000000
0.000000000000
0.000000000000
0.000000000000
0.000000000000
0.000000000000
0.540568000000
0.523761000000
0.000000000000
0.000000000000
0.000000000000
0.000000000000
0.536795000000
0.000000000000
0.000000000000
0.000000000000
0.000000000000
0.000000000000
0.055548000000
0.000000000000
0.000000000000
0.506268000000
0.000000000000
0.000000000000
0.502495000000
0.000000000000
0.000000000000
0.000000000000
0.000000000000
0.000000000000
0.000000000000
0.000000000000
0.000000000000
0.000000000000
0.000000000000
0.000000000000
0.055296000000
0.000000000000
0.000000000000
0.000000000000
0.000000000000
0.000000000000
0.055512000000
0.055764000000
0.000000000000
0.000000000000
0.000000000000
0.000000000000
0.000000000000
0.000000000000
0.000000000000
0.000000000000
0.000000000000
0.579241000000
0.000000000000
0.053568000000
0.000000000000
0.536109000000
0.000000000000
0.536452000000
0.000000000000
0.000000000000
0.000000000000
0.052812000000
0.000000000000
0.000000000000
0.000000000000
0.557032000000
0.569381000000
0.057312000000
0.000000000000
0.525476000000
0.000000000000
0.000000000000
0.056664000000
0.000000000000
0.543655000000
0.000000000000
0.000000000000
0.000000000000
0.000000000000
0.519645000000
0.000000000000
0.517244000000
0.000000000000
0.000000000000
0.000000000000
0.000000000000
0.000000000000
0.056844000000
0.000000000000
0.054000000000
0.000000000000
0.000000000000
0.000000000000
0.000000000000
0.000000000000
0.000000000000
0.000000000000
0.000000000000
0.000000000000
0.053784000000
0.000000000000
0.000000000000
0.000000000000
0.000000000000
0.000000000000
0.055008000000
0.000000000000
0.000000000000
0.055584000000
0.526505000000
0.513814000000
0.000000000000
0.055008000000
0.000000000000
0.543312000000
0.000000000000
0.000000000000
0.000000000000
0.000000000000
0.000000000000
0.057276000000
0.532679000000
0.000000000000
0.000000000000
0.000000000000
0.000000000000
0.515529000000
0.527534000000
0.000000000000
0.502152000000
0.000000000000
0.000000000000
0.052884000000
0.000000000000
0.000000000000
0.000000000000
0.000000000000
0.000000000000
0.053964000000
0.000000000000
0.055872000000
0.510727000000
0.000000000000
0.000000000000
0.000000000000
0.000000000000
0.000000000000
0.529592000000
0.055296000000
0.000000000000
0.539539000000
0.055224000000
0.000000000000
0.000000000000
0.000000000000
0.000000000000
0.054756000000
0.533365000000
0.533022000000
0.000000000000
0.000000000000
0.000000000000
0.606753000000
0.000000000000
0.000000000000
0.000000000000
0.000000000000
0.000000000000
0.000000000000
0.000000000000
0.000000000000
0.000000000000
0.055728000000
0.000000000000
0.000000000000
0.000000000000
0.055548000000
0.000000000000
0.000000000000
0.000000000000
0.575339000000
0.547771000000
0.000000000000
0.000000000000
0.054792000000
0.000000000000
0.000000000000
0.000000000000
0.056160000000
0.000000000000
0.054504000000
0.000000000000
0.054792000000
0.509698000000
0.000000000000
0.000000000000
0.000000000000
0.000000000000
0.000000000000
0.000000000000
0.000000000000
0.000000000000
0.000000000000
0.000000000000
0.000000000000
0.057096000000
0.000000000000
0.000000000000
0.000000000000
0.000000000000
0.529935000000
0.533365000000
0.000000000000
0.000000000000
0.000000000000
0.000000000000
0.531993000000
0.524104000000
0.000000000000
0.000000000000
0.000000000000
0.000000000000
0.000000000000
0.053928000000
0.052848000000
0.000000000000
0.054900000000
0.000000000000
0.000000000000
0.530621000000
0.000000000000
0.563751000000
0.000000000000
0.000000000000
0.563046000000
0.000000000000
0.000000000000
0.000000000000
0.000000000000
0.000000000000
0.000000000000
0.055332000000
0.000000000000
0.000000000000
0.000000000000
0.000000000000
0.000000000000
0.000000000000
0.000000000000
0.052056000000
0.000000000000
0.000000000000
0.000000000000
0.000000000000
0.523075000000
0.000000000000
0.000000000000
0.057528000000
0.000000000000
0.531993000000
0.000000000000
0.000000000000
0.536109000000
0.000000000000
0.054936000000
0.054360000000
0.000000000000
0.000000000000
0.000000000000
0.000000000000
0.000000000000
0.052992000000
0.053820000000
0.000000000000
0.000000000000
0.000000000000
0.056304000000
0.000000000000
0.000000000000
0.518616000000
0.055728000000
0.054540000000
0.559038000000
0.000000000000
0.052344000000
0.057384000000
0.000000000000
0.000000000000
0.000000000000
0.000000000000
0.053712000000
0.000000000000
0.000000000000
0.000000000000
0.000000000000
0.057636000000
0.053892000000
0.053856000000
0.054828000000
0.000000000000
0.000000000000
0.000000000000
0.055224000000
0.000000000000
0.055980000000
0.000000000000
0.000000000000
0.560805000000
0.054036000000
0.055620000000
0.534051000000
0.056844000000
0.000000000000
0.535423000000
0.000000000000
0.000000000000
0.056628000000
0.000000000000
0.000000000000
0.543312000000
0.056052000000
0.539196000000
0.000000000000
0.000000000000
0.000000000000
0.000000000000
0.588110000000
0.000000000000
0.000000000000
0.000000000000
0.000000000000
0.000000000000
0.532336000000
0.000000000000
0.000000000000
0.000000000000
0.508326000000
0.000000000000
0.000000000000
0.053964000000
0.000000000000
0.526505000000
0.521017000000
0.000000000000
0.056772000000
0.000000000000
0.000000000000
0.538510000000
0.000000000000
0.000000000000
0.000000000000
0.055908000000
0.000000000000
0.000000000000
0.000000000000
0.000000000000
0.583810000000
0.000000000000
0.055368000000
0.000000000000
0.054756000000
0.056196000000
0.055512000000
0.573931000000
0.000000000000
0.000000000000
0.586061000000
0.000000000000
0.517587000000
0.000000000000
0.527534000000
0.000000000000
0.000000000000
0.058104000000
0.530621000000
0.054540000000
0.000000000000
0.054612000000
0.000000000000
0.000000000000
0.000000000000
0.056880000000
0.055584000000
0.000000000000
0.000000000000
0.000000000000
0.520331000000
0.000000000000
0.000000000000
0.000000000000
0.056016000000
0.000000000000
0.056124000000
0.000000000000
0.052128000000
0.000000000000
0.000000000000
0.055440000000
0.000000000000
0.000000000000
0.054576000000
0.000000000000
0.518273000000
0.000000000000
0.000000000000
0.509698000000
0.000000000000
0.000000000000
0.000000000000
0.524447000000
0.526162000000
0.552573000000
0.000000000000
0.000000000000
0.513128000000
0.052848000000
0.000000000000
0.000000000000
0.000000000000
0.000000000000
0.000000000000
0.000000000000
0.568871000000
0.000000000000
0.000000000000
0.501466000000
0.000000000000
0.000000000000
0.000000000000
0.000000000000
0.507297000000
0.056268000000
0.056088000000
0.000000000000
0.537481000000
0.000000000000
0.000000000000
0.000000000000
0.000000000000
0.000000000000
0.000000000000
0.521360000000
0.531650000000
0.000000000000
0.000000000000
0.000000000000
0.000000000000
0.000000000000
0.056448000000
0.000000000000
0.570586000000
0.000000000000
0.000000000000
0.053316000000
0.000000000000
0.000000000000
0.000000000000
0.054612000000
0.000000000000
0.000000000000
0.000000000000
0.000000000000
0.000000000000
0.052236000000
0.571354000000
0.000000000000
0.521703000000
0.000000000000
0.513814000000
0.000000000000
0.000000000000
0.000000000000
0.516901000000
0.592125000000
0.000000000000
0.000000000000
0.000000000000
0.000000000000
0.000000000000
0.000000000000
0.000000000000
0.000000000000
0.000000000000
0.000000000000
0.000000000000
0.000000000000
0.000000000000
0.000000000000
0.000000000000
0.000000000000
0.538167000000
0.000000000000
0.000000000000
0.054324000000
0.000000000000
0.521017000000
0.000000000000
0.000000000000
0.000000000000
0.000000000000
0.000000000000
0.000000000000
0.055260000000
0.000000000000
0.000000000000
0.000000000000
0.000000000000
0.000000000000
0.000000000000
0.000000000000
0.000000000000
0.000000000000
0.000000000000
0.000000000000
0.000000000000
0.000000000000
0.054180000000
0.000000000000
0.000000000000
0.000000000000
0.000000000000
0.056196000000
0.000000000000
0.000000000000
0.538167000000
0.000000000000
0.000000000000
0.000000000000
0.000000000000
0.000000000000
0.547085000000
0.000000000000
0.000000000000
0.000000000000
0.000000000000
0.000000000000
0.056412000000
0.511070000000
0.000000000000
0.000000000000
0.000000000000
0.537138000000
0.527534000000
0.052956000000
0.000000000000
0.547085000000
0.000000000000
0.000000000000
0.053604000000
0.000000000000
0.536452000000
0.000000000000
0.000000000000
0.000000000000
0.000000000000
0.053820000000
0.000000000000
0.000000000000
0.000000000000
0.000000000000
0.000000000000
0.000000000000
0.054036000000
0.000000000000
0.000000000000
0.000000000000
0.000000000000
0.000000000000
0.000000000000
0.000000000000
0.000000000000
0.000000000000
0.000000000000
0.000000000000
0.549829000000
0.000000000000
0.000000000000
0.000000000000
0.055188000000
0.000000000000
0.000000000000
0.556689000000
0.527191000000
0.000000000000
0.000000000000
0.000000000000
0.000000000000
0.000000000000
0.000000000000
0.531650000000
0.053892000000
0.000000000000
0.000000000000
0.540568000000
0.000000000000
0.000000000000
0.571382000000
0.000000000000
0.507983000000
0.000000000000
0.052524000000
0.053856000000
0.000000000000
0.000000000000
0.000000000000
0.000000000000
0.605466000000
0.519302000000
0.000000000000
0.531993000000
0.000000000000
0.054468000000
0.000000000000
0.054792000000
0.000000000000
0.000000000000
0.000000000000
0.000000000000
0.000000000000
0.000000000000
0.055224000000
0.000000000000
0.000000000000
0.000000000000
0.055116000000
0.577723000000
0.000000000000
0.527534000000
0.000000000000
0.000000000000
0.529935000000
0.511070000000
0.516901000000
0.000000000000
0.000000000000
0.000000000000
0.055512000000
0.000000000000
0.000000000000
0.056160000000
0.537138000000
0.055548000000
0.000000000000
0.000000000000
0.603247000000
0.556003000000
0.548800000000
0.000000000000
0.000000000000
0.054972000000
0.000000000000
0.054396000000
0.053388000000
0.000000000000
0.534737000000
0.526505000000
0.000000000000
0.000000000000
0.000000000000
0.054864000000
0.000000000000
0.000000000000
0.000000000000
0.578017000000
0.000000000000
0.000000000000
0.058320000000
0.000000000000
0.053244000000
0.057456000000
0.000000000000
0.000000000000
0.000000000000
0.505582000000
0.000000000000
0.000000000000
0.531993000000
0.000000000000
0.000000000000
0.000000000000
0.000000000000
0.000000000000
0.000000000000
0.000000000000
0.000000000000
0.052776000000
0.000000000000
0.563963000000
0.000000000000
0.000000000000
0.000000000000
0.000000000000
0.000000000000
0.000000000000
0.545027000000
0.000000000000
0.052488000000
0.000000000000
0.525819000000
0.000000000000
0.000000000000
0.000000000000
0.000000000000
0.000000000000
0.000000000000
0.000000000000
0.535423000000
0.505925000000
0.519645000000
0.000000000000
0.000000000000
0.000000000000
0.000000000000
0.055872000000
0.000000000000
0.000000000000
0.000000000000
0.000000000000
0.000000000000
0.000000000000
0.000000000000
0.000000000000
0.000000000000
0.055152000000
0.527877000000
0.055728000000
0.000000000000
0.000000000000
0.054504000000
0.055044000000
0.605216000000
0.000000000000
0.000000000000
0.000000000000
0.000000000000
0.000000000000
0.057024000000
0.000000000000
0.055908000000
0.000000000000
0.000000000000
0.000000000000
0.000000000000
0.000000000000
0.000000000000
0.000000000000
0.056268000000
0.053388000000
0.055836000000
0.055512000000
0.056484000000
0.000000000000
0.499751000000
0.000000000000
0.000000000000
0.000000000000
0.000000000000
0.000000000000
0.000000000000
0.056088000000
0.542283000000
0.000000000000
0.000000000000
0.000000000000
0.056844000000
0.000000000000
0.000000000000
0.000000000000
0.055404000000
0.000000000000
0.000000000000
0.000000000000
0.000000000000
0.054972000000
0.000000000000
0.000000000000
0.510041000000
0.000000000000
0.000000000000
0.000000000000
0.000000000000
0.000000000000
0.000000000000
0.509355000000
0.524447000000
0.000000000000
0.054828000000
0.000000000000
0.508669000000
0.000000000000
0.000000000000
0.000000000000
0.055404000000
0.526162000000
0.000000000000
0.000000000000
0.543655000000
0.000000000000
0.000000000000
0.000000000000
0.000000000000
0.000000000000
0.000000000000
0.523075000000
0.000000000000
0.053388000000
0.000000000000
0.000000000000
0.000000000000
0.051624000000
0.056052000000
0.000000000000
0.513471000000
0.000000000000
0.000000000000
0.056088000000
0.000000000000
0.547085000000
0.000000000000
0.000000000000
0.000000000000
0.530278000000
0.000000000000
0.055908000000
0.054432000000
0.515872000000
0.000000000000
0.000000000000
0.000000000000
0.000000000000
0.000000000000
0.000000000000
0.000000000000
0.055800000000
0.000000000000
0.545713000000
0.000000000000
0.000000000000
0.054072000000
0.000000000000
0.507640000000
0.000000000000
0.000000000000
0.000000000000
0.000000000000
0.000000000000
0.556689000000
0.000000000000
0.000000000000
0.056052000000
0.520331000000
0.055260000000
0.054108000000
0.000000000000
0.000000000000
0.000000000000
0.000000000000
0.527191000000
0.000000000000
0.055728000000
0.000000000000
0.000000000000
0.000000000000
0.000000000000
0.054216000000
0.502152000000
0.000000000000
0.057384000000
0.000000000000
0.055476000000
0.000000000000
0.000000000000
0.000000000000
0.000000000000
0.000000000000
0.053928000000
0.514157000000
0.538853000000
0.000000000000
0.000000000000
0.052524000000
0.000000000000
0.000000000000
0.000000000000
0.056232000000
0.000000000000
0.054900000000
0.000000000000
0.000000000000
0.000000000000
0.000000000000
0.000000000000
0.000000000000
0.509355000000
0.514500000000
0.000000000000
0.000000000000
0.000000000000
0.000000000000
0.055656000000
0.532336000000
0.054720000000
0.000000000000
0.000000000000
0.000000000000
0.000000000000
0.538510000000
0.000000000000
0.000000000000
0.530278000000
0.000000000000
0.000000000000
0.000000000000
0.000000000000
0.000000000000
0.000000000000
0.577446000000
0.000000000000
0.000000000000
0.000000000000
0.000000000000
0.000000000000
0.000000000000
0.000000000000
0.000000000000
0.000000000000
0.000000000000
0.000000000000
0.000000000000
0.000000000000
0.528906000000
0.000000000000
0.000000000000
0.000000000000
0.000000000000
0.000000000000
0.000000000000
0.000000000000
0.055368000000
0.000000000000
0.000000000000
0.000000000000
0.000000000000
0.000000000000
0.000000000000
0.000000000000
0.512442000000
0.000000000000
0.000000000000
0.053208000000
0.056664000000
0.000000000000
0.000000000000
0.000000000000
0.573893000000
0.052344000000
0.000000000000
0.054648000000
0.000000000000
0.056304000000
0.054036000000
0.000000000000
0.000000000000
0.053856000000
0.000000000000
0.000000000000
0.000000000000
0.000000000000
0.000000000000
0.000000000000
0.000000000000
0.000000000000
0.000000000000
0.000000000000
0.000000000000
0.000000000000
0.000000000000
0.572834000000
0.000000000000
0.000000000000
0.000000000000
0.055044000000
0.000000000000
0.000000000000
0.000000000000
0.000000000000
0.000000000000
0.000000000000
0.000000000000
0.000000000000
0.530278000000
0.537824000000
0.000000000000
0.000000000000
0.000000000000
0.000000000000
0.000000000000
0.000000000000
0.000000000000
0.548457000000
0.000000000000
0.055656000000
0.000000000000
0.000000000000
0.000000000000
0.000000000000
0.000000000000
0.525819000000
0.511413000000
0.000000000000
0.000000000000
0.000000000000
0.579870000000
0.000000000000
0.000000000000
0.539539000000
0.000000000000
0.000000000000
0.000000000000
0.569620000000
0.054144000000
0.054144000000
0.000000000000
0.528563000000
0.055116000000
0.057996000000
0.000000000000
0.000000000000
0.000000000000
0.000000000000
0.512442000000
0.057384000000
0.000000000000
0.000000000000
0.518616000000
0.000000000000
0.000000000000
0.000000000000
0.000000000000
0.561491000000
0.054108000000
0.000000000000
0.000000000000
0.000000000000
0.000000000000
0.000000000000
0.000000000000
0.000000000000
0.000000000000
0.055116000000
0.000000000000
0.000000000000
0.000000000000
0.053676000000
0.000000000000
0.000000000000
0.579211000000
0.000000000000
0.000000000000
0.000000000000
0.000000000000
0.545027000000
0.537073000000
0.000000000000
0.000000000000
0.000000000000
0.055800000000
0.000000000000
0.000000000000
0.000000000000
0.000000000000
0.000000000000
0.000000000000
0.000000000000
0.527534000000
0.000000000000
0.000000000000
0.000000000000
0.000000000000
0.000000000000
0.000000000000
0.000000000000
0.000000000000
0.000000000000
0.057420000000
0.000000000000
0.000000000000
0.000000000000
0.054648000000
0.056844000000
0.000000000000
0.000000000000
0.000000000000
0.054540000000
0.000000000000
0.516558000000
0.000000000000
0.000000000000
0.000000000000
0.000000000000
0.000000000000
0.000000000000
0.000000000000
0.000000000000
0.000000000000
0.000000000000
0.000000000000
0.000000000000
0.000000000000
0.000000000000
0.000000000000
0.000000000000
0.000000000000
0.000000000000
0.566300000000
0.000000000000
0.055476000000
0.000000000000
0.000000000000
0.000000000000
0.000000000000
0.000000000000
0.000000000000
0.515529000000
0.000000000000
0.518959000000
0.000000000000
0.055332000000
0.056052000000
0.000000000000
0.000000000000
0.000000000000
0.000000000000
0.000000000000
0.000000000000
0.000000000000
0.053784000000
0.000000000000
0.000000000000
0.000000000000
0.000000000000
0.511413000000
0.000000000000
0.054540000000
0.508326000000
0.000000000000
0.000000000000
0.000000000000
0.510041000000
0.000000000000
0.055260000000
0.000000000000
0.055728000000
0.000000000000
0.553602000000
0.000000000000
0.054288000000
0.000000000000
0.000000000000
0.000000000000
0.000000000000
0.000000000000
0.000000000000
0.000000000000
0.000000000000
0.549143000000
0.000000000000
0.052632000000
0.000000000000
0.524104000000
0.531993000000
0.000000000000
0.541254000000
0.527534000000
0.527534000000
0.000000000000
0.055836000000
0.000000000000
0.000000000000
0.000000000000
0.000000000000
0.000000000000
0.000000000000
0.000000000000
0.000000000000
0.000000000000
0.000000000000
0.000000000000
0.000000000000
0.551887000000
0.000000000000
0.000000000000
0.000000000000
0.000000000000
0.000000000000
0.569184000000
0.000000000000
0.056376000000
0.056232000000
0.000000000000
0.000000000000
0.000000000000
0.541940000000
0.000000000000
0.000000000000
0.000000000000
0.000000000000
0.510041000000
0.000000000000
0.000000000000
0.053280000000
0.528220000000
0.000000000000
0.000000000000
0.000000000000
0.000000000000
0.056988000000
0.000000000000
0.000000000000
0.000000000000
0.000000000000
0.000000000000
0.053172000000
0.000000000000
0.000000000000
0.000000000000
0.000000000000
0.000000000000
0.053784000000
0.564578000000
0.000000000000
0.000000000000
0.054324000000
0.000000000000
0.000000000000
0.527877000000
0.000000000000
0.054756000000
0.527191000000
0.000000000000
0.000000000000
0.519302000000
0.547428000000
0.000000000000
0.000000000000
0.000000000000
0.515872000000
0.000000000000
0.000000000000
0.055692000000
0.000000000000
0.000000000000
0.000000000000
0.000000000000
0.000000000000
0.000000000000
0.000000000000
0.000000000000
0.000000000000
0.000000000000
0.055404000000
0.530278000000
0.000000000000
0.000000000000
0.000000000000
0.000000000000
0.000000000000
0.000000000000
0.000000000000
0.000000000000
0.055332000000
0.000000000000
0.510384000000
0.000000000000
0.000000000000
0.520331000000
0.000000000000
0.000000000000
0.000000000000
0.000000000000
0.000000000000
0.545027000000
0.054432000000
0.000000000000
0.524104000000
0.000000000000
0.000000000000
0.000000000000
0.527191000000
0.000000000000
0.584051000000
0.550515000000
0.055440000000
0.000000000000
0.000000000000
0.054720000000
0.052668000000
0.000000000000
0.539882000000
0.000000000000
0.000000000000
0.000000000000
0.000000000000
0.000000000000
0.000000000000
0.000000000000
0.000000000000
0.536452000000
0.000000000000
0.000000000000
0.000000000000
0.586679000000
0.000000000000
0.000000000000
0.000000000000
0.000000000000
0.000000000000
0.000000000000
0.000000000000
0.000000000000
0.000000000000
0.000000000000
0.055116000000
0.000000000000
0.000000000000
0.000000000000
0.000000000000
0.057384000000
0.000000000000
0.000000000000
0.524104000000
0.000000000000
0.000000000000
0.000000000000
0.000000000000
0.000000000000
0.000000000000
0.000000000000
0.000000000000
0.000000000000
0.000000000000
0.000000000000
0.000000000000
0.000000000000
0.000000000000
0.000000000000
0.000000000000
0.000000000000
0.000000000000
0.547085000000
0.055224000000
0.548800000000
0.000000000000
0.000000000000
0.000000000000
0.000000000000
0.000000000000
0.000000000000
0.590143000000
0.506954000000
0.000000000000
0.000000000000
0.534737000000
0.055512000000
0.000000000000
0.000000000000
0.000000000000
0.000000000000
0.056772000000
0.000000000000
0.000000000000
0.000000000000
0.000000000000
0.000000000000
0.000000000000
0.000000000000
0.000000000000
0.539882000000
0.000000000000
0.000000000000
0.523418000000
0.000000000000
0.000000000000
0.000000000000
0.505925000000
0.000000000000
0.000000000000
0.508326000000
0.000000000000
0.000000000000
0.521360000000
0.000000000000
0.000000000000
0.000000000000
0.000000000000
0.000000000000
0.519302000000
0.000000000000
0.000000000000
0.000000000000
0.000000000000
0.518273000000
0.000000000000
0.000000000000
0.000000000000
0.000000000000
0.053748000000
0.000000000000
0.054648000000
0.000000000000
0.000000000000
0.056736000000
0.000000000000
0.000000000000
0.054288000000
0.000000000000
0.000000000000
0.556003000000
0.000000000000
0.057276000000
0.000000000000
0.000000000000
0.000000000000
0.000000000000
0.000000000000
0.519302000000
0.056664000000
0.516901000000
0.549829000000
0.055764000000
0.057456000000
0.000000000000
0.057060000000
0.000000000000
0.000000000000
0.527534000000
0.000000000000
0.000000000000
0.055080000000
0.000000000000
0.000000000000
0.000000000000
0.000000000000
0.000000000000
0.000000000000
0.000000000000
0.000000000000
0.000000000000
0.055944000000
0.000000000000
0.000000000000
0.000000000000
0.000000000000
0.000000000000
0.000000000000
0.000000000000
0.000000000000
0.540911000000
0.000000000000
0.000000000000
0.530964000000
0.000000000000
0.000000000000
0.000000000000
0.000000000000
0.000000000000
0.000000000000
0.000000000000
0.057348000000
0.000000000000
0.054324000000
0.000000000000
0.000000000000
0.586277000000
0.000000000000
0.052812000000
0.000000000000
0.000000000000
0.000000000000
0.000000000000
0.000000000000
0.000000000000
0.000000000000
0.052956000000
0.000000000000
0.520674000000
0.521703000000
0.000000000000
0.000000000000
0.056880000000
0.529249000000
0.000000000000
0.000000000000
0.000000000000
0.559090000000
0.000000000000
0.000000000000
0.524447000000
0.000000000000
0.000000000000
0.000000000000
0.000000000000
0.000000000000
0.000000000000
0.525133000000
0.055764000000
0.000000000000
0.000000000000
0.057384000000
0.541254000000
0.541254000000
0.000000000000
0.000000000000
0.000000000000
0.000000000000
0.520674000000
0.609635000000
0.521703000000
0.000000000000
0.531307000000
0.054000000000
0.546399000000
0.000000000000
0.000000000000
0.000000000000
0.540225000000
0.000000000000
0.000000000000
0.000000000000
0.000000000000
0.529249000000
0.000000000000
0.000000000000
0.000000000000
0.055656000000
0.000000000000
0.594155000000
0.000000000000
0.000000000000
0.054864000000
0.000000000000
0.000000000000
0.000000000000
0.000000000000
0.000000000000
0.000000000000
0.000000000000
0.536452000000
0.000000000000
0.000000000000
0.000000000000
0.000000000000
0.000000000000
0.000000000000
0.000000000000
0.576618000000
0.000000000000
0.000000000000
0.000000000000
0.510041000000
0.497350000000
0.000000000000
0.056484000000
0.000000000000
0.000000000000
0.000000000000
0.521360000000
0.000000000000
0.000000000000
0.000000000000
0.000000000000
0.056808000000
0.055152000000
0.598445000000
0.588081000000
0.000000000000
0.539882000000
0.000000000000
0.000000000000
0.057420000000
0.054720000000
0.000000000000
0.000000000000
0.000000000000
0.000000000000
0.000000000000
0.596656000000
0.000000000000
0.000000000000
0.000000000000
0.054576000000
0.000000000000
0.000000000000
0.000000000000
0.000000000000
0.526162000000
0.000000000000
0.000000000000
0.056304000000
0.000000000000
0.000000000000
0.055008000000
0.000000000000
0.571405000000
0.558747000000
0.478485000000
0.000000000000
0.000000000000
0.059148000000
0.056736000000
0.000000000000
0.000000000000
0.055044000000
0.057132000000
0.000000000000
0.000000000000
0.000000000000
0.054504000000
0.000000000000
0.000000000000
0.000000000000
0.000000000000
0.053280000000
0.514500000000
0.000000000000
0.000000000000
0.053820000000
0.000000000000
0.000000000000
0.529935000000
0.000000000000
0.000000000000
0.000000000000
0.542969000000
0.000000000000
0.000000000000
0.000000000000
0.052344000000
0.000000000000
0.000000000000
0.000000000000
0.534051000000
0.000000000000
0.000000000000
0.000000000000
0.000000000000
0.000000000000
0.531307000000
0.526162000000
0.000000000000
0.519988000000
0.000000000000
0.000000000000
0.000000000000
0.549829000000
0.519302000000
0.000000000000
0.000000000000
0.055080000000
0.000000000000
0.000000000000
0.055800000000
0.000000000000
0.567325000000
0.000000000000
0.545027000000
0.000000000000
0.000000000000
0.000000000000
0.000000000000
0.000000000000
0.535080000000
0.000000000000
0.000000000000
0.547085000000
0.000000000000
0.000000000000
0.055872000000
0.000000000000
0.000000000000
0.000000000000
0.597507000000
0.000000000000
0.000000000000
0.000000000000
0.000000000000
0.000000000000
0.522389000000
0.000000000000
0.000000000000
0.000000000000
0.000000000000
0.053676000000
0.000000000000
0.535423000000
0.000000000000
0.000000000000
0.000000000000
0.000000000000
0.000000000000
0.000000000000
0.513814000000
0.000000000000
0.000000000000
0.000000000000
0.053928000000
0.000000000000
0.000000000000
0.000000000000
0.000000000000
0.000000000000
0.000000000000
0.000000000000
0.516558000000
0.000000000000
0.000000000000
0.000000000000
0.000000000000
0.054576000000
0.000000000000
0.000000000000
0.505239000000
0.055260000000
0.000000000000
0.000000000000
0.000000000000
0.000000000000
0.054864000000
0.000000000000
0.000000000000
0.000000000000
0.000000000000
0.000000000000
0.000000000000
0.000000000000
0.000000000000
0.539882000000
0.000000000000
0.000000000000
0.000000000000
0.000000000000
0.000000000000
0.000000000000
0.000000000000
0.000000000000
0.000000000000
0.000000000000
0.053028000000
0.512099000000
0.000000000000
0.000000000000
0.512099000000
0.525819000000
0.000000000000
0.000000000000
0.000000000000
0.547771000000
0.000000000000
0.000000000000
0.000000000000
0.054576000000
0.000000000000
0.000000000000
0.000000000000
0.000000000000
0.521360000000
0.000000000000
0.000000000000
0.000000000000
0.000000000000
0.050832000000
0.056196000000
0.574939000000
0.000000000000
0.000000000000
0.056196000000
0.000000000000
0.000000000000
0.053532000000
0.000000000000
0.000000000000
0.000000000000
0.000000000000
0.000000000000
0.000000000000
0.000000000000
0.054792000000
0.000000000000
0.055872000000
0.000000000000
0.000000000000
0.000000000000
0.000000000000
0.054000000000
0.000000000000
0.000000000000
0.000000000000
0.000000000000
0.000000000000
0.000000000000
0.056520000000
0.000000000000
0.000000000000
0.000000000000
0.000000000000
0.000000000000
0.000000000000
0.000000000000
0.000000000000
0.528563000000
0.053208000000
0.000000000000
0.558061000000
0.589330000000
0.000000000000
0.000000000000
0.000000000000
0.000000000000
0.000000000000
0.000000000000
0.000000000000
0.512442000000
0.521703000000
0.000000000000
0.000000000000
0.000000000000
0.000000000000
0.054468000000
0.000000000000
0.000000000000
0.000000000000
0.055152000000
0.522732000000
0.000000000000
0.000000000000
0.000000000000
0.000000000000
0.000000000000
0.000000000000
0.543998000000
0.000000000000
0.000000000000
0.000000000000
0.000000000000
0.000000000000
0.536109000000
0.513471000000
0.000000000000
0.000000000000
0.058248000000
0.000000000000
0.052488000000
0.000000000000
0.000000000000
0.000000000000
0.000000000000
0.000000000000
0.532679000000
0.000000000000
0.000000000000
0.000000000000
0.513814000000
0.000000000000
0.566893000000
0.000000000000
0.056304000000
0.000000000000
0.000000000000
0.000000000000
0.000000000000
0.055296000000
0.000000000000
0.000000000000
0.000000000000
0.000000000000
0.000000000000
0.514157000000
0.000000000000
0.501123000000
0.534051000000
0.000000000000
0.000000000000
0.000000000000
0.000000000000
0.000000000000
0.000000000000
0.000000000000
0.000000000000
0.056808000000
0.000000000000
0.000000000000
0.526162000000
0.000000000000
0.000000000000
0.000000000000
0.000000000000
0.000000000000
0.523418000000
0.000000000000
0.000000000000
0.000000000000
0.000000000000
0.506954000000
0.000000000000
0.000000000000
0.000000000000
0.000000000000
0.055944000000
0.000000000000
0.000000000000
0.000000000000
0.055440000000
0.538510000000
0.000000000000
0.000000000000
0.000000000000
0.000000000000
0.000000000000
0.000000000000
0.000000000000
0.000000000000
0.053784000000
0.000000000000
0.000000000000
0.000000000000
0.055368000000
0.000000000000
0.000000000000
0.000000000000
0.000000000000
0.589440000000
0.523418000000
0.000000000000
0.000000000000
0.000000000000
0.000000000000
0.000000000000
0.000000000000
0.000000000000
0.516215000000
0.000000000000
0.000000000000
0.000000000000
0.000000000000
0.000000000000
0.000000000000
0.000000000000
0.000000000000
0.000000000000
0.000000000000
0.541254000000
0.538853000000
0.000000000000
0.000000000000
0.514157000000
0.054720000000
0.000000000000
0.000000000000
0.585722000000
0.052884000000
0.000000000000
0.000000000000
0.518273000000
0.510384000000
0.000000000000
0.056016000000
0.000000000000
0.000000000000
0.056052000000
0.000000000000
0.000000000000
0.000000000000
0.000000000000
0.056736000000
0.056448000000
0.000000000000
0.000000000000
0.576343000000
0.000000000000
0.527877000000
0.539882000000
0.514157000000
0.000000000000
0.522732000000
0.000000000000
0.000000000000
0.000000000000
0.000000000000
0.523075000000
0.000000000000
0.529592000000
0.530621000000
0.000000000000
0.503867000000
0.000000000000
0.000000000000
0.531993000000
0.000000000000
0.054828000000
0.000000000000
0.000000000000
0.000000000000
0.055332000000
0.000000000000
0.594022000000
0.000000000000
0.000000000000
0.000000000000
0.000000000000
0.000000000000
0.000000000000
0.000000000000
0.000000000000
0.518959000000
0.000000000000
0.528906000000
0.055152000000
0.053208000000
0.000000000000
0.598693000000
0.541597000000
0.000000000000
0.000000000000
0.520331000000
0.000000000000
0.607202000000
0.000000000000
0.000000000000
0.517587000000
0.000000000000
0.000000000000
0.000000000000
0.000000000000
0.526505000000
0.000000000000
0.000000000000
0.000000000000
0.000000000000
0.533365000000
0.000000000000
0.000000000000
0.000000000000
0.000000000000
0.000000000000
0.056772000000
0.056880000000
0.000000000000
0.000000000000
0.000000000000
0.000000000000
0.000000000000
0.543998000000
0.000000000000
0.000000000000
0.000000000000
0.000000000000
0.000000000000
0.000000000000
0.055620000000
0.000000000000
0.000000000000
0.000000000000
0.000000000000
0.000000000000
0.515529000000
0.000000000000
0.000000000000
0.056232000000
0.000000000000
0.057528000000
0.054144000000
0.599603000000
0.000000000000
0.000000000000
0.000000000000
0.055332000000
0.000000000000
0.000000000000
0.000000000000
0.000000000000
0.538167000000
0.594026000000
0.536452000000
0.057636000000
0.000000000000
0.000000000000
0.505925000000
0.000000000000
0.055836000000
0.000000000000
0.000000000000
0.000000000000
0.000000000000
0.000000000000
0.053208000000
0.498722000000
0.510041000000
0.000000000000
0.000000000000
0.000000000000
0.053640000000
0.000000000000
0.000000000000
0.592250000000
0.000000000000
0.000000000000
0.000000000000
0.000000000000
0.000000000000
0.000000000000
0.000000000000
0.000000000000
0.000000000000
0.000000000000
0.000000000000
0.000000000000
0.000000000000
0.000000000000
0.000000000000
0.000000000000
0.000000000000
0.000000000000
0.000000000000
0.000000000000
0.000000000000
0.000000000000
0.000000000000
0.000000000000
0.511070000000
0.000000000000
0.000000000000
0.000000000000
0.000000000000
0.000000000000
0.527534000000
0.053460000000
0.000000000000
0.000000000000
0.000000000000
0.000000000000
0.054720000000
0.000000000000
0.524104000000
0.000000000000
0.056232000000
0.000000000000
0.056052000000
0.000000000000
0.000000000000
0.000000000000
0.000000000000
0.000000000000
0.000000000000
0.000000000000
0.525476000000
0.000000000000
0.000000000000
0.056484000000
0.000000000000
0.000000000000
0.000000000000
0.054936000000
0.546399000000
0.570427000000
0.000000000000
0.000000000000
0.000000000000
0.056160000000
0.000000000000
0.000000000000
0.000000000000
0.055152000000
0.000000000000
0.000000000000
0.000000000000
0.527534000000
0.056916000000
0.000000000000
0.000000000000
0.000000000000
0.537138000000
0.000000000000
0.000000000000
0.000000000000
0.000000000000
0.000000000000
0.057348000000
0.000000000000
0.000000000000
0.000000000000
0.056808000000
0.546742000000
0.514500000000
0.000000000000
0.000000000000
0.000000000000
0.531650000000
0.000000000000
0.510041000000
0.055944000000
0.000000000000
0.055152000000
0.592290000000
0.054288000000
0.054324000000
0.000000000000
0.000000000000
0.054540000000
0.531650000000
0.000000000000
0.054828000000
0.000000000000
0.570467000000
0.000000000000
0.000000000000
0.000000000000
0.000000000000
0.000000000000
0.532336000000
0.000000000000
0.000000000000
0.000000000000
0.000000000000
0.000000000000
0.000000000000
0.000000000000
0.053460000000
0.000000000000
0.000000000000
0.000000000000
0.055692000000
0.553602000000
0.056304000000
0.525476000000
0.000000000000
0.000000000000
0.000000000000
0.000000000000
0.054504000000
0.000000000000
0.000000000000
0.053964000000
0.000000000000
0.000000000000
0.052416000000
0.000000000000
0.000000000000
0.553602000000
0.533022000000
0.000000000000
0.000000000000
0.000000000000
0.000000000000
0.537481000000
0.000000000000
0.000000000000
0.000000000000
0.000000000000
0.000000000000
0.528563000000
0.000000000000
0.057528000000
0.000000000000
0.000000000000
0.000000000000
0.000000000000
0.054900000000
0.000000000000
0.000000000000
0.000000000000
0.000000000000
0.000000000000
0.000000000000
0.000000000000
0.054504000000
0.535766000000
0.525133000000
0.000000000000
0.000000000000
0.055188000000
0.054936000000
0.000000000000
0.580448000000
0.000000000000
0.000000000000
0.515529000000
0.522732000000
0.531650000000
0.000000000000
0.000000000000
0.000000000000
0.000000000000
0.000000000000
0.000000000000
0.000000000000
0.503524000000
0.000000000000
0.000000000000
0.525819000000
0.000000000000
0.000000000000
0.054576000000
0.000000000000
0.000000000000
0.000000000000
0.055224000000
0.000000000000
0.055908000000
0.000000000000
0.055764000000
0.058860000000
0.000000000000
0.495292000000
0.000000000000
0.000000000000
0.000000000000
0.000000000000
0.000000000000
0.000000000000
0.523761000000
0.554312000000
0.551887000000
0.053676000000
0.000000000000
0.000000000000
0.518273000000
0.000000000000
0.000000000000
0.000000000000
0.000000000000
0.000000000000
0.056808000000
0.054936000000
0.000000000000
0.000000000000
0.559436000000
0.000000000000
0.000000000000
0.000000000000
0.000000000000
0.000000000000
0.000000000000
0.000000000000
0.054540000000
0.000000000000
0.000000000000
0.000000000000
0.000000000000
0.000000000000
0.055620000000
0.000000000000
0.057384000000
0.000000000000
0.000000000000
0.000000000000
0.000000000000
0.000000000000
0.532679000000
0.000000000000
0.533022000000
0.000000000000
0.529935000000
0.000000000000
0.000000000000
0.000000000000
0.000000000000
0.501809000000
0.000000000000
0.000000000000
0.052560000000
0.000000000000
0.000000000000
0.000000000000
0.000000000000
0.000000000000
0.000000000000
0.531650000000
0.054468000000
0.531307000000
0.549143000000
0.000000000000
0.000000000000
0.055368000000
0.000000000000
0.000000000000
0.054072000000
0.000000000000
0.518959000000
0.000000000000
0.000000000000
0.525819000000
0.000000000000
0.000000000000
0.000000000000
0.000000000000
0.000000000000
0.000000000000
0.053676000000
0.000000000000
0.607147000000
0.000000000000
0.000000000000
0.000000000000
0.053892000000
0.055836000000
0.000000000000
0.000000000000
0.056448000000
0.000000000000
0.000000000000
0.000000000000
0.547771000000
0.052776000000
0.054540000000
0.054252000000
0.000000000000
0.526162000000
0.603844000000
0.000000000000
0.000000000000
0.000000000000
0.000000000000
0.000000000000
0.000000000000
0.000000000000
0.000000000000
0.523761000000
0.056124000000
0.000000000000
0.000000000000
0.000000000000
0.000000000000
0.519302000000
0.000000000000
0.000000000000
0.055764000000
0.000000000000
0.000000000000
0.499751000000
0.000000000000
0.054828000000
0.550172000000
0.000000000000
0.000000000000
0.540225000000
0.000000000000
0.000000000000
0.055440000000
0.517587000000
0.000000000000
0.055476000000
0.000000000000
0.522046000000
0.000000000000
0.569451000000
0.000000000000
0.000000000000
0.000000000000
0.000000000000
0.514843000000
0.000000000000
0.000000000000
0.526505000000
0.000000000000
0.054936000000
0.529249000000
0.000000000000
0.000000000000
0.000000000000
0.055332000000
0.000000000000
0.000000000000
0.000000000000
0.513128000000
0.000000000000
0.000000000000
0.531307000000
0.531650000000
0.000000000000
0.000000000000
0.000000000000
0.523761000000
0.000000000000
0.000000000000
0.000000000000
0.054828000000
0.505582000000
0.000000000000
0.000000000000
0.000000000000
0.000000000000
0.000000000000
0.058212000000
0.000000000000
0.000000000000
0.000000000000
0.055548000000
0.000000000000
0.058392000000
0.000000000000
0.000000000000
0.056448000000
0.000000000000
0.000000000000
0.000000000000
0.000000000000
0.055656000000
0.000000000000
0.053604000000
0.537138000000
0.000000000000
0.510041000000
0.000000000000
0.000000000000
0.531650000000
0.000000000000
0.000000000000
0.000000000000
0.000000000000
0.000000000000
0.000000000000
0.055692000000
0.056628000000
0.000000000000
0.056232000000
0.548114000000
0.000000000000
0.056592000000
0.000000000000
0.000000000000
0.000000000000
0.000000000000
0.000000000000
0.057060000000
0.000000000000
0.000000000000
0.000000000000
0.055584000000
0.000000000000
0.056232000000
0.000000000000
0.000000000000
0.000000000000
0.000000000000
0.055296000000
0.000000000000
0.054936000000
0.521017000000
0.000000000000
0.000000000000
0.543655000000
0.000000000000
0.545027000000
0.055872000000
0.000000000000
0.000000000000
0.000000000000
0.000000000000
0.000000000000
0.000000000000
0.540911000000
0.000000000000
0.000000000000
0.510727000000
0.000000000000
0.000000000000
0.000000000000
0.000000000000
0.056016000000
0.000000000000
0.000000000000
0.000000000000
0.000000000000
0.000000000000
0.000000000000
0.000000000000
0.000000000000
0.000000000000
0.521017000000
0.000000000000
0.000000000000
0.000000000000
0.526848000000
0.000000000000
0.000000000000
0.055368000000
0.053712000000
0.000000000000
0.000000000000
0.000000000000
0.000000000000
0.000000000000
0.000000000000
0.000000000000
0.000000000000
0.520674000000
0.000000000000
0.503181000000
0.000000000000
0.000000000000
0.000000000000
0.000000000000
0.584994000000
0.000000000000
0.000000000000
0.000000000000
0.519645000000
0.000000000000
0.000000000000
0.055080000000
0.000000000000
0.555660000000
0.000000000000
0.000000000000
0.000000000000
0.000000000000
0.054108000000
0.000000000000
0.000000000000
0.531307000000
0.000000000000
0.527534000000
0.000000000000
0.512442000000
0.000000000000
0.000000000000
0.000000000000
0.000000000000
0.000000000000
0.000000000000
0.000000000000
0.000000000000
0.530621000000
0.000000000000
0.000000000000
0.056628000000
0.000000000000
0.000000000000
0.512785000000
0.000000000000
0.000000000000
0.000000000000
0.000000000000
0.000000000000
0.054540000000
0.000000000000
0.000000000000
0.000000000000
0.054144000000
0.000000000000
0.524447000000
0.000000000000
0.517244000000
0.052920000000
0.000000000000
0.054324000000
0.000000000000
0.000000000000
0.000000000000
0.000000000000
0.000000000000
0.000000000000
0.000000000000
0.511070000000
0.000000000000
0.000000000000
0.000000000000
0.000000000000
0.580222000000
0.000000000000
0.000000000000
0.000000000000
0.590535000000
0.503867000000
0.000000000000
0.055728000000
0.000000000000
0.000000000000
0.000000000000
0.000000000000
0.503867000000
0.000000000000
0.000000000000
0.000000000000
0.000000000000
0.000000000000
0.000000000000
0.000000000000
0.000000000000
0.000000000000
0.000000000000
0.000000000000
0.000000000000
0.529592000000
0.000000000000
0.000000000000
0.056052000000
0.583793000000
0.532336000000
0.000000000000
0.000000000000
0.000000000000
0.000000000000
0.000000000000
0.000000000000
0.057960000000
0.000000000000
0.000000000000
0.000000000000
0.547085000000
0.000000000000
0.000000000000
0.000000000000
0.000000000000
0.055404000000
0.526505000000
0.054648000000
0.000000000000
0.000000000000
0.000000000000
0.000000000000
0.000000000000
0.000000000000
0.000000000000
0.052992000000
0.530278000000
0.000000000000
0.559536000000
0.000000000000
0.056052000000
0.593067000000
0.000000000000
0.546399000000
0.000000000000
0.000000000000
0.000000000000
0.000000000000
0.000000000000
0.058320000000
0.594151000000
0.051480000000
0.552573000000
0.000000000000
0.528563000000
0.526848000000
0.000000000000
0.000000000000
0.000000000000
0.553602000000
0.000000000000
0.553945000000
0.000000000000
0.518273000000
0.000000000000
0.000000000000
0.000000000000
0.524790000000
0.526505000000
0.000000000000
0.517930000000
0.000000000000
0.511756000000
0.000000000000
0.000000000000
0.000000000000
0.523075000000
0.054252000000
0.000000000000
0.000000000000
0.000000000000
0.000000000000
0.000000000000
0.504896000000
0.000000000000
0.000000000000
0.000000000000
0.000000000000
0.000000000000
0.000000000000
0.000000000000
0.000000000000
0.000000000000
0.000000000000
0.000000000000
0.000000000000
0.000000000000
0.055692000000
0.000000000000
0.000000000000
0.583366000000
0.056700000000
0.552573000000
0.000000000000
0.000000000000
0.000000000000
0.000000000000
0.000000000000
0.000000000000
0.000000000000
0.000000000000
0.526162000000
0.000000000000
0.000000000000
0.000000000000
0.527534000000
0.000000000000
0.000000000000
0.000000000000
0.000000000000
0.055512000000
0.000000000000
0.000000000000
0.000000000000
0.000000000000
0.585506000000
0.000000000000
0.000000000000
0.054864000000
0.000000000000
0.055188000000
0.053424000000
0.000000000000
0.000000000000
0.562520000000
0.000000000000
0.591426000000
0.000000000000
0.000000000000
0.000000000000
0.000000000000
0.000000000000
0.547771000000
0.567600000000
0.000000000000
0.000000000000
0.057276000000
0.000000000000
0.000000000000
0.000000000000
0.000000000000
0.000000000000
0.054648000000
0.053892000000
0.000000000000
0.532679000000
0.000000000000
0.000000000000
0.521017000000
0.055044000000
0.053748000000
0.000000000000
0.000000000000
0.519302000000
0.000000000000
0.502152000000
0.000000000000
0.000000000000
0.000000000000
0.000000000000
0.000000000000
0.000000000000
0.578481000000
0.055296000000
0.000000000000
0.000000000000
0.000000000000
0.054756000000
0.000000000000
0.000000000000
0.000000000000
0.000000000000
0.000000000000
0.056556000000
0.000000000000
0.000000000000
0.055944000000
0.000000000000
0.541254000000
0.056160000000
0.000000000000
0.054000000000
0.000000000000
0.000000000000
0.000000000000
0.000000000000
0.000000000000
0.000000000000
0.539539000000
0.000000000000
0.000000000000
0.000000000000
0.055512000000
0.000000000000
0.000000000000
0.000000000000
0.054540000000
0.000000000000
0.000000000000
0.000000000000
0.000000000000
0.000000000000
0.000000000000
0.000000000000
0.000000000000
0.000000000000
0.000000000000
0.000000000000
0.535080000000
0.000000000000
0.505582000000
0.000000000000
0.532336000000
0.000000000000
0.000000000000
0.000000000000
0.000000000000
0.000000000000
0.000000000000
0.000000000000
0.000000000000
0.000000000000
0.527534000000
0.053316000000
0.000000000000
0.000000000000
0.000000000000
0.537481000000
0.000000000000
0.000000000000
0.538167000000
0.000000000000
0.000000000000
0.000000000000
0.546056000000
0.528906000000
0.546399000000
0.581096000000
0.000000000000
0.000000000000
0.534051000000
0.512442000000
0.000000000000
0.054900000000
0.000000000000
0.057132000000
0.522389000000
0.054144000000
0.000000000000
0.000000000000
0.000000000000
0.529249000000
0.000000000000
0.000000000000
0.057060000000
0.517930000000
0.000000000000
0.000000000000
0.000000000000
0.000000000000
0.000000000000
0.583046000000
0.000000000000
0.000000000000
0.057420000000
0.054864000000
0.531650000000
0.530278000000
0.000000000000
0.000000000000
0.000000000000
0.000000000000
0.000000000000
0.000000000000
0.000000000000
0.000000000000
0.055476000000
0.000000000000
0.537138000000
0.000000000000
0.515529000000
0.000000000000
0.054792000000
0.000000000000
0.540911000000
0.524447000000
0.000000000000
0.000000000000
0.000000000000
0.000000000000
0.514500000000
0.526505000000
0.000000000000
0.000000000000
0.000000000000
0.526848000000
0.000000000000
0.589637000000
0.057924000000
0.000000000000
0.055080000000
0.000000000000
0.000000000000
0.052344000000
0.000000000000
0.000000000000
0.558458000000
0.000000000000
0.000000000000
0.000000000000
0.000000000000
0.000000000000
0.055980000000
0.000000000000
0.000000000000
0.543655000000
0.000000000000
0.537824000000
0.000000000000
0.000000000000
0.000000000000
0.000000000000
0.000000000000
0.000000000000
0.000000000000
0.054000000000
0.000000000000
0.000000000000
0.000000000000
0.000000000000
0.000000000000
0.055224000000
0.000000000000
0.510727000000
0.000000000000
0.000000000000
0.000000000000
0.000000000000
0.000000000000
0.000000000000
0.000000000000
0.000000000000
0.000000000000
0.000000000000
0.000000000000
0.000000000000
0.000000000000
0.569620000000
0.000000000000
0.000000000000
0.000000000000
0.000000000000
0.056988000000
0.000000000000
0.000000000000
0.000000000000
0.000000000000
0.000000000000
0.000000000000
0.000000000000
0.514500000000
0.000000000000
0.000000000000
0.000000000000
0.525133000000
0.053676000000
0.000000000000
0.055332000000
0.000000000000
0.588352000000
0.000000000000
0.000000000000
0.000000000000
0.579040000000
0.000000000000
0.000000000000
0.000000000000
0.054216000000
0.054144000000
0.000000000000
0.000000000000
0.529592000000
0.524104000000
0.055404000000
0.000000000000
0.523075000000
0.000000000000
0.600522000000
0.000000000000
