0.000000000000
0.000000000000
0.000000000000
0.000000000000
0.000000000000
0.000000000000
0.000000000000
0.000000000000
0.000000000000
0.000000000000
0.000000000000
0.000000000000
0.000000000000
0.000000000000
0.000000000000
0.000000000000
0.000000000000
0.000000000000
0.000000000000
0.000000000000
0.000000000000
0.000000000000
0.000000000000
0.000000000000
0.000000000000
0.000000000000
0.000000000000
0.000000000000
0.000000000000
0.000000000000
0.000000000000
0.000000000000
0.000000000000
0.000000000000
0.000000000000
0.000000000000
0.000000000000
0.000000000000
0.000000000000
0.000000000000
0.000000000000
0.000000000000
0.000000000000
0.000000000000
0.000000000000
0.000000000000
0.000000000000
0.000000000000
14.342112254135
8.404917661854
11.205148754793
11.522535733647
12.585684664129
10.526569080600
9.460640324220
10.811890587515
12.233897678852
14.455053520431
13.920695605876
13.631547722583
10.632250966762
11.191084995022
12.693899912840
11.523514767578
8.810227313438
7.454641735230
10.360904464513
15.687955040928
14.590481234420
10.663879998163
11.769792764955
12.195578055531
14.985736532250
10.673324609811
13.117094511538
11.862979283353
12.052130494435
10.249155390005
13.125699937572
9.482492420439
13.140675223879
8.945752496595
11.173119961610
11.869825794544
12.631679621877
13.785559734724
7.221398452982
13.202457734341
13.452742578775
15.384103936895
12.717409311496
9.995363750361
9.354590926682
9.912531767338
15.238846161385
13.400546436067
11.321254369254
10.431309101949
11.456971707691
12.645285884630
6.084271163871
13.021577786953
10.430747404460
12.449199231891
10.770560995227
6.672621333167
13.830435246675
11.318230883699
11.125836817036
11.292098435065
13.710543236558
13.326428501507
12.321811110691
9.497244714752
14.390155449807
12.167303933379
10.837415391530
11.610463110066
14.421847926997
15.367545683547
11.818405320443
7.895992310885
8.478593272009
10.985657407922
11.116219520608
7.555588897775
12.620642386483
10.983129284268
11.605438569180
10.450950601374
15.145374212830
9.878984538035
14.472213877052
9.601680898913
8.595435370423
7.968256159756
13.617828208412
11.566712524165
11.352332167369
11.267267982434
13.826025261820
12.996171335979
12.781131053590
13.433401589736
14.415992558703
12.931324160617
12.506779664056
12.238857673653
11.353066838761
10.985587845530
12.555501446810
14.794893706534
12.033777971242
13.189676009250
16.479913990751
13.272377359422
12.991180108408
12.993900632039
13.046602910499
8.601600798087
8.608052618215
7.448063534755
14.777250559468
10.988980988465
10.079722655129
7.025787731730
13.721854085788
15.062633976579
10.933408675899
9.687763603155
12.654986044131
8.725025401004
12.086494618609
11.465818279604
13.527137327576
9.578875401802
13.866878380908
13.690191325232
10.066576720288
9.530304947986
12.516339641355
13.705050068305
12.121137825139
13.042585638002
12.105595283120
14.571878952087
11.877136656277
8.881409356863
14.227062445161
12.499612321313
12.488562823239
10.592757784501
10.827626247295
9.532088463518
11.337507283060
10.765068074955
7.837774730450
9.795917241923
11.304837743105
11.215119873106
11.055092229880
10.864295598259
11.538893527247
12.648208468521
12.501913740908
9.376621682030
13.642462103418
10.895838949346
15.089062608056
11.823445948462
16.551344425413
10.031585810010
11.738569619999
14.831163791334
10.939851147006
11.031228914242
12.795874139998
10.977173149137
10.993415219577
10.588025557678
15.937831494264
8.438899733651
11.377006580486
13.133775179614
6.222048636923
12.402581943680
11.685044978798
12.310792924772
11.926407736912
9.161563996675
11.516396924956
12.948362187132
9.941795328210
12.199688411027
11.209097963327
12.186216019082
13.372414822501
11.991220876880
12.098789503106
13.426307013758
10.424674524664
10.706200213189
11.935513409810
9.848952806683
10.708423622133
10.137225505258
13.776941223541
10.795429672113
13.273882035351
12.944368389190
15.769019463206
10.121825070529
14.369181487636
11.257050154367
13.965895762029
13.193048451229
12.105810998724
15.851289637487
11.983074726898
13.722440525076
15.197785094094
9.520144769322
11.290891565174
10.935743794661
11.915509469586
12.300269939333
10.874760486293
9.297697141130
12.104663877136
12.051471322394
14.131277894185
10.792957540445
11.949235923677
14.901006144041
10.268925709527
14.377973189448
8.618350361460
14.344362561020
13.863039072693
12.959363430704
9.765493058446
9.441950957969
11.764421118893
13.345775222202
12.557601476954
14.563323882437
12.947509306974
11.746215990603
12.417912256764
12.999270955606
15.755139962710
10.867806421872
13.463309408590
13.181233522833
11.282857127975
11.451300333623
11.192816009607
11.311083914362
10.141318436607
8.387371898605
10.431293380286
11.642967707454
15.617386748096
12.111963157872
13.115895294020
12.156206713336
12.395005861674
12.084510171227
13.242203743918
13.090527626211
12.889362831825
13.717666681846
8.741476304354
11.934122095788
13.922259342002
13.610406268515
11.751977688135
8.183720695519
13.638148434424
13.484062637926
13.081638974330
10.005118576661
13.438027614837
12.905860458308
11.244243554626
12.576620754093
13.110344176437
7.606203042844
14.961745315064
12.240497246404
10.385685858410
8.569643205267
11.140194464738
12.828881084709
14.763510200986
15.318847491563
10.845938080589
13.091469762754
9.463716596985
9.762502038793
13.512651010756
12.672936729898
11.332374077474
11.290221842036
13.011122177077
8.987108313105
11.278580012853
8.449267564261
11.971157924051
15.939321861543
13.818957291108
8.775517723189
13.724135159877
9.671272012611
11.023916736760
13.866326911587
12.108112866534
10.378230728579
12.033552924001
11.042546216229
11.550674703580
11.174852925690
11.879137850598
16.336770694166
14.879219392168
7.777992610140
10.679932397845
13.128708059639
7.237685945941
13.344088196829
7.638374470570
8.329519369033
12.934066385919
13.863287446117
10.670892992041
12.861275208466
11.891798766933
11.663007903989
12.166594652033
12.307196796341
12.881548058210
12.605919850559
11.640574133974
8.301243245246
13.304320321387
17.347787629619
9.868359535169
12.489495639895
14.133593227432
9.002701003862
13.351719972558
12.269400312459
14.478262517679
12.675439943908
10.532904054651
10.941804109851
12.887232119717
10.559684269933
12.282271723800
12.587995041398
11.075604717685
11.819742455241
14.802260816631
11.802417285281
14.656780375102
11.863525907787
13.818425054411
9.908779216900
9.688978957800
14.777945625184
8.341511928072
12.035513713327
9.852381495948
16.375311885648
12.205253845300
11.187611696648
11.258069123157
11.008666403039
12.969171315122
11.373417186614
13.451855185545
14.067204946256
10.924488532569
14.934484965365
11.368447167261
9.772798807532
12.304648539135
11.278341158691
11.046438566917
13.241365229979
10.938895069101
7.978447396443
16.372127808644
10.475595557385
11.558302247970
12.848986012772
15.703970225871
11.063577896796
8.718048176721
14.946240103708
11.338371559617
12.000086835904
12.907311107952
12.755110161368
10.980947222261
13.706544895957
13.273141734837
9.782107447722
13.794664969420
7.059277378605
12.203049173919
11.278836951358
12.205099757719
11.147278350094
10.664003603429
12.990584896893
9.553496994569
12.824861388830
13.531632122123
12.840158358206
10.752097778810
13.152956791465
11.700943328491
14.538446087949
12.032879384469
11.703849948111
10.524882100173
10.476881406658
11.105464849636
13.474713044576
9.671801179966
11.278731690614
10.472251793538
12.981519847441
9.789819124385
9.397381331431
8.712018502237
9.369137561593
12.038909400715
8.963466803327
13.473242980279
10.129935337667
11.508963532349
14.430025478224
10.451924486586
13.923832269558
11.572358202984
8.814770921995
10.646869390039
12.426022109981
10.743103746137
11.723306890982
11.372902406693
9.946893785376
12.440502802952
11.345486684891
9.310012806367
8.546877709135
12.530472532036
11.376029554743
9.284448798604
9.406884230007
11.319795066679
13.046682118349
11.969998828826
10.699008457859
13.298841079351
11.234614476560
14.493318954659
10.891314556970
7.306644915628
9.993438750692
10.402456628697
11.345400225838
12.862284910617
8.318147287820
9.522633179984
12.707481212027
11.634321977478
10.493098756112
6.198136093045
13.081089798741
11.163198717957
9.878103089346
8.363566971837
11.057056945466
10.721953210400
12.327694143080
13.731090027870
15.216340212234
14.146376935653
9.901009061554
12.157571535779
9.632741650094
11.455288276551
12.173574042727
10.337909129295
11.701669487267
11.477164722172
10.586074377729
11.890985066969
12.552250408716
10.343198461263
13.319068678067
13.582412205099
12.551344756305
8.088727247121
14.948575235685
10.192403905918
10.225348663096
14.367084113931
12.072613866894
13.232839882590
12.477327458994
13.361793497759
10.315035485797
11.742950098937
11.838462203093
10.393120148164
13.215987567780
14.826351304585
12.397587810798
12.116483960694
11.517952939561
13.755286739352
12.487782765755
9.683784021779
7.781643826710
12.411944917446
14.871169124356
9.739146407972
10.140718262706
11.134125339946
12.328140917670
7.731447364848
10.804703565513
15.780915004201
11.881845810679
11.531832009549
11.688233754707
13.850660106428
6.374495259821
8.888824646661
12.360041177212
10.498574860722
10.133151668239
15.855953240911
13.242595832988
13.222187280503
9.054044410874
8.225401752839
12.005822038369
11.075643012424
12.737498648233
13.847645230238
9.100858714168
11.326229410316
14.390502508744
13.926716505487
7.836111521853
8.958270110149
9.492162537479
13.537096419426
11.639406181879
8.402141912300
11.118481560829
10.429232348394
8.786313691335
14.956346849911
11.068578087345
7.920798815695
7.452957915425
11.897466490888
11.369067099405
11.590335952494
12.567810740390
11.729348741604
13.026031668018
9.358560803531
12.900511617038
14.175925524854
13.829535262696
13.263451859214
14.651598059917
12.122157183829
11.540273578466
7.546197754258
8.448564778676
10.362773455910
13.947807958309
9.900214112278
12.791412586228
17.367956952752
12.079996578969
10.669372383299
9.897788998598
10.544816849401
11.051638351164
10.074088068528
11.591918327925
13.118772535119
12.410029552579
10.962226266141
8.926019968341
11.360739261567
11.375107395277
10.204021394169
11.028117929035
10.684970218808
16.312831768391
10.077437587965
9.507339120577
14.796363842428
12.352639494266
13.637183570803
13.715110530311
15.736328885669
11.943158561167
13.691941446795
11.073019796614
9.493150137191
11.861790168414
15.174852878080
13.917522299250
10.892521690245
9.744590138148
11.748684392949
11.870155765365
9.036952906398
10.476329314687
12.259626939541
11.989074750047
9.549515287977
10.822936593392
14.811191553005
14.312362054037
11.142978001979
11.934963031599
12.471332223340
7.903824281689
12.543790269101
11.226281276992
13.843722175839
10.687164819525
14.430164544881
8.563978388689
13.449146474922
9.333076472354
14.182880077735
13.668085912299
11.470919786079
11.044153120735
12.708650138842
7.170447476319
10.574734387268
8.906770350264
11.699766825466
10.369452852047
6.935624790164
11.127594242001
7.943711017448
10.042613982801
6.388989225999
13.338654309224
11.408920729351
12.292349444652
13.029368469450
10.076297350113
7.619696578007
13.457460747630
10.952582969540
13.425178937134
11.613217037824
12.874406813181
12.663344642705
10.347591473180
11.116827548836
10.024347357348
9.747323708903
11.536672783028
11.418260521041
13.104048602527
10.005358400846
9.013435339149
11.080523391604
14.808973531192
11.954932641733
11.782762969254
11.524706024078
12.258909080268
11.568547819969
13.970442710608
11.806943774476
12.055174698080
11.107012574301
13.928479693498
11.726409465445
13.043222655802
13.016632296825
12.669027339416
11.406403090149
12.957641623515
11.775135403370
8.616971392577
11.838339290404
14.162661557058
12.830132273048
13.299252641611
9.073554259644
14.244442242539
13.248106617126
11.284460165042
11.308357381078
10.406192860449
14.722989377083
14.777351720495
10.007519093768
12.119671323398
11.015341007655
9.630529235572
15.295485389302
12.788949034710
12.625927603734
16.010624227107
14.260387137099
11.676997373885
9.434306888282
10.113911986247
12.136580030850
12.413711996820
11.368337232000
11.725195764913
13.745806592225
10.131185712901
11.082994557740
10.225336601079
10.080502578415
13.387955594431
16.560154653635
15.469641433973
11.116476058294
11.416194187909
10.945962354194
12.645030876052
9.655457734869
13.316124719317
9.596139983681
14.128115957312
8.743451231342
12.711722938116
11.139545620840
8.616875332951
14.389354441870
9.899955755055
12.534216132577
13.286959880775
12.002929838670
9.546248022797
7.503324654269
13.093004484108
12.637044770015
13.148060753269
13.756076488000
9.487435011454
14.536889282166
13.059451797848
13.348173096036
10.404142581229
15.759134210496
12.069726062824
10.067764723749
11.963429526421
9.688892221830
11.898805523240
12.179954563100
11.058679993727
11.896183593838
7.118329139901
10.455065008754
12.207456209980
10.338162299737
9.019195447646
13.494687820669
13.401991135000
10.696964134517
11.527039556080
6.329635769245
15.285756327378
9.360624409682
11.033832122114
12.162027379440
12.518017317084
13.390357985191
14.357245459132
13.869261174609
12.229495227516
11.647010867483
11.722729000782
15.765586408307
12.333455375283
12.301666528257
14.568859856268
10.073137930790
12.757922419750
11.082816605405
11.843521722081
12.269215298578
16.203723786110
11.834699615290
8.450261758068
8.618512159705
13.579521181826
10.834755336718
10.769313769688
11.550773552132
16.085074043595
14.490548629446
9.971380268958
8.930028999797
7.249733858851
9.844451080831
11.643027509043
9.460802331394
13.018814278829
9.779733489388
9.913009416050
14.366331900894
11.324913104644
11.066892011662
12.564437484859
14.885427136792
14.498590264838
14.078888516952
14.806964902227
12.259891187977
7.486580701472
13.325347264868
10.961416366969
11.692311989740
12.326211435027
12.455077344917
12.938475747043
13.408548368327
11.898794661378
10.395909640165
12.910595501478
11.898819360369
12.432273148729
11.296653011124
12.362406719199
13.533945294038
10.967294242928
10.804490439112
12.528591876601
13.130894493002
14.434577994460
10.389997369932
12.721441921553
11.081365131943
11.614908092104
12.024815958069
10.081612805973
11.152673274746
9.035984912949
13.558632080583
13.071306127734
10.935359725139
12.415777415445
14.411210269625
13.992599856983
10.527056899532
13.044466908818
11.037842848691
12.635497722133
12.562181722504
10.932480802706
12.888049509426
11.796771040969
12.993667178155
11.501883338329
12.107022411185
11.730694119442
9.853390717341
9.089254378520
11.039842637971
10.897187100048
11.211090800856
9.266133028602
13.488861274229
11.538621104285
12.548609006759
8.934884686188
11.842867709356
10.265429405475
10.561920198247
14.506707839050
11.347487783400
11.315489928909
9.241208832601
9.504092034791
8.079691092097
13.326281531243
12.362498535936
11.631686855118
12.930473068893
12.427111282716
7.386127962722
12.147995995624
6.430132522959
9.090954219499
11.467653522023
13.248582318997
14.650940416019
14.079663497877
10.772800106453
11.849738957299
14.272125327751
10.506891523865
11.503572252087
10.722310647342
13.439406856295
9.114061441897
13.168336080123
11.627798683430
9.046130631650
8.680302809137
11.687259645975
9.115711034977
9.929832838082
10.265756331928
12.506675748897
10.928157840484
11.768675945192
14.641865884699
12.112546528073
10.222325262053
15.749322147478
12.271867264249
12.516585718132
11.708169178333
10.693041229634
10.067567274477
11.444095632792
13.355524839875
13.546140466044
10.322637271163
11.540090490420
8.383799005415
12.457649478979
10.993584614322
9.603506588624
11.719646240313
13.216447036026
10.749926164457
8.290580639765
12.885519969727
9.479905338820
10.374075310975
12.654122772771
9.376102574296
11.400823321033
9.432322337872
13.887730048411
14.613962817105
13.512477743549
15.837811431295
13.615826803272
11.882515490991
11.077686886965
16.665369951189
8.505004968896
9.298439777634
9.770377745987
11.287247897016
12.458139645970
12.272490862290
11.982371795422
13.112285145510
14.608009959699
8.077118658403
12.008968080602
12.891288646746
11.163098269381
9.977041526331
11.897812975287
12.916543570083
13.144640886691
12.678881114226
10.851382169905
12.334099564478
13.288793815555
12.490060057130
10.581855902103
10.148387960232
11.799245299165
12.425034588712
8.502294391300
16.203959681901
12.493757225565
12.552390089507
9.452625418678
8.689961727990
12.478354226489
9.907871149186
10.686417049786
10.252892907854
14.128021007327
13.230804948650
10.737802139142
13.012331192263
8.780093201046
12.559818470670
12.465706881801
10.619834542173
14.619477953334
10.708349583206
10.087576788047
12.906022003666
12.386973023938
13.370258322824
12.406164028651
10.343146819968
14.452121472245
14.892448658599
9.975278273126
10.532696374826
9.388766850348
9.879826907661
13.211138442581
12.100320694902
13.847721678956
11.514204835976
9.323743118327
15.069169812177
11.653369266868
8.317253683206
10.777652072277
10.228334645103
11.859045544006
9.904972479647
9.982480259587
14.012324011103
11.478615395632
10.380191934929
10.457867833695
14.841468486442
15.015733295691
12.602951882715
16.148276379806
13.281115182631
12.984690527610
9.833488851209
9.970922845384
11.535845160790
13.510003535463
17.731875711509
10.965475312363
9.375430173258
8.756690573814
9.780388309286
12.170960278782
13.984383973317
10.825860436247
13.987935787576
12.568765144066
8.672780236897
11.250355608807
12.877520498375
9.957200312408
12.304123082180
15.248755844926
10.126495354712
15.109229916848
13.591953879889
11.491054119184
11.396022973967
11.052176552247
9.784302541442
9.481281491372
9.397636123015
12.933939297245
10.587459972955
12.143355759792
13.044292957916
9.723965223074
10.987983196153
12.047345676403
10.856284571393
11.053703759288
14.210751566858
12.036098086390
14.425628173129
13.292548591478
12.568375633927
12.844877223539
10.939804574154
10.562884029879
11.981716522876
15.648464306083
9.599061107840
10.324347824360
12.430913992716
10.086320078337
10.304736989016
14.301070334447
12.382896765349
12.465046804830
14.889405112743
10.705845267427
10.561056360699
12.452295058651
9.118318984814
11.090953268327
11.949801575487
12.417127219496
10.947307956370
12.439217972535
11.754364056526
8.978037971744
13.599531813309
9.964626700498
10.502503498546
10.540462618696
9.417236983288
12.905258063619
12.869921772338
13.068339089761
9.835926231285
8.507720673998
7.605574312245
11.680802822875
12.785773270870
15.685825501946
9.937811933106
11.047181987068
9.207230492788
13.773021033249
14.853663170421
10.413340101745
8.106390621849
8.916134053212
12.095173499831
10.951529930260
10.791144519979
11.290776471631
14.765016949002
11.208743405030
14.284005833036
13.044355024768
12.724449290603
10.171999742135
13.194801606357
11.387455065107
10.074294166419
11.563488656537
10.802123261093
13.589979842832
10.672489170291
11.627466531415
11.489073093979
12.774416591335
15.409735640135
13.427890003078
12.427411703819
11.868394103681
15.246266379385
9.106342932467
11.441242310920
9.484029681739
10.394112590699
11.655090602925
13.200453888047
16.817133415010
10.874259039497
10.525887572622
12.911743195201
9.489059888553
12.232252805816
11.767302370625
10.459755389434
7.757225304400
10.466065084318
11.130339338439
10.496530060401
13.275409071389
12.169449214471
14.873959758225
9.851995804118
7.860889533070
13.190079123636
12.120787679396
11.911737025202
6.979851347325
10.979618914554
13.738090313993
14.367061963398
9.449753796263
10.237595111292
11.490318141608
8.622539756194
13.392656777334
8.919754835153
13.281454546873
10.509859425665
13.502121649156
14.300613925546
11.548888065069
10.668487938105
9.590316071139
12.047571106187
13.039752438901
11.891340712642
7.788703986510
10.484753752222
8.949662647757
10.402952416789
14.533093331682
10.299888658641
15.099519203199
11.850519445477
7.681757872737
14.856106783495
11.526089914785
10.506363002376
9.463063992283
11.952384518102
10.198867319531
12.432277035309
11.480702397651
6.891193993599
10.343673755549
10.247559223745
14.409315464192
11.559313018061
8.859072767995
11.664496786065
10.757185503201
9.517912327231
13.966885851661
11.935192778651
6.185163119770
12.221450438498
15.179128476300
11.415007352530
13.704223868015
14.113851068572
12.375721972348
11.097587902862
10.855228984743
12.918950288466
12.810284884839
15.254278931289
12.725600971131
14.313973488596
12.862062130402
9.295857827398
11.694844091826
10.268397714167
14.785138837096
13.840059146344
13.481062466551
13.309551373326
12.251157930202
12.075689693787
11.124572410416
9.768543858171
11.324681466254
13.989839255452
9.393457184097
9.423560896134
15.706087791406
12.226146617894
13.394225105096
11.511784377271
14.949861607560
11.202036688324
13.300982406572
12.294626672648
15.103700294147
12.031001870635
11.264828697712
8.090279009344
10.230011617880
11.509867791238
12.953983249021
9.699571014032
12.794102107777
11.591492031403
12.355232529130
12.206058230462
14.282193506755
10.197721603547
13.089771621034
12.224192118879
8.303373035559
10.613744180901
7.557209234111
10.061118655551
9.872165487017
9.723009275794
9.522651983033
11.044063873322
11.582203910397
11.630909888623
12.339561825136
11.750839607800
14.116870250124
13.060454506441
8.780830591544
11.509834626054
11.954189186552
8.994846708269
12.256659480593
11.862335590643
12.225425797348
11.312841044178
11.109639237836
10.107859613934
9.341607851053
13.196207666297
12.039343100034
9.119166117619
12.987976653408
11.852153311123
12.055115289839
8.284484795969
11.133593546915
10.986373651589
12.827693458303
12.532796243652
10.310474519592
11.341741825752
10.815563635019
16.049137021710
10.677422132071
14.971093018563
11.037947681847
8.700720874609
12.171415646995
9.495347600578
10.952380737136
9.100416586674
7.247121086085
7.323790954445
12.803579173665
6.913655079437
10.146007226537
11.249154134275
15.156205605393
13.403606156655
11.872161731633
8.964952493937
10.515011907833
14.202475124428
9.408592801322
14.153840444738
10.082252778968
13.055203246894
11.358010032757
8.987479172820
11.174751999392
11.551659320798
9.929630834246
13.609423943171
15.981223990104
11.790416038938
10.152013721343
8.635393132245
10.031343871833
13.899700044349
13.622038811600
13.176881980689
10.191527734723
11.423912575744
11.292594903023
12.927834678784
12.651732273238
12.899957593022
11.137692332272
12.272012111192
11.934672730377
15.867964797623
12.191704074182
13.199254564356
9.177352759692
10.422199596507
12.430053108217
11.117899459125
8.690958227536
7.055282091503
14.996885564155
10.032459122878
11.204418220577
9.885287547365
13.052378965833
10.384603163290
9.749790371255
9.077116075932
14.183416106731
10.166791230511
12.505358526000
9.610601275398
12.820315360419
12.656057749279
11.985834340074
12.820371047595
10.258093238560
13.927433435466
7.279220383067
17.046861387756
14.488720137224
10.050040396804
11.666649403026
14.194758025368
11.632819022040
12.577945827927
12.685347855485
8.742408092218
9.316143625158
10.322334734416
12.587714575020
13.502150163471
9.646149953625
11.129645162309
8.018905082843
11.685695278226
12.719005552324
9.089607294344
12.993499367345
11.824901639947
8.991348996037
12.941679437018
12.727402806788
12.344799951776
10.108329613730
10.299285792408
11.041682932387
12.102468471285
9.751651966267
13.169469303207
12.714414528497
8.900340147738
11.940392554274
7.645974752297
10.801863027827
12.730373364820
12.968544827797
11.500426363534
7.511581609046
11.361842642235
11.456816660809
13.158478130102
9.502769102153
10.707085927643
11.915103050140
9.484726796905
10.896369974906
11.429686236198
13.151819197396
14.366884778585
13.970775073971
9.859653286036
9.580602933489
12.981136048494
14.117588884102
11.611790921664
10.055200374845
11.163363270720
9.510892691539
9.652472040920
12.232390787741
14.134590157767
11.418297090144
10.489848070495
11.828484936632
8.270050520674
10.497530421186
13.420743840855
8.335461691907
11.479621905239
14.221255926251
13.075186265993
14.483076667696
10.310935763416
12.176087654515
11.335797302351
9.465458223660
14.111522383550
12.308439827679
7.946949314756
10.645842887430
14.316833947515
10.376660218131
12.305566979068
11.438684806584
12.131624940627
12.940232535374
12.388442307043
11.213079252476
10.517513373123
10.134437612563
12.374124581816
9.545989949728
11.371750840901
8.938896314361
11.613570054979
11.770027789665
13.749903578253
11.412079160211
12.960001698993
14.110643230081
11.831631278168
10.398213475368
10.706608254559
11.668439794022
14.369697882959
13.907159293299
10.621469681290
8.536255227370
7.292931384703
11.285236898008
12.392763250351
9.249051049320
7.703858672847
10.336004557448
15.210837077508
8.442516640138
8.553993044681
12.517750036173
13.208238089356
14.329352787205
12.632433994055
12.725090240805
12.201698087640
9.839844588101
11.819936140706
12.697518715589
9.282182866731
10.425375446064
10.147582315648
9.725128652027
11.410399755923
9.626984978432
12.274326251918
14.240567117130
14.846924628793
16.316510301725
9.639362819683
10.495311147546
8.942920300010
11.463275945864
12.042554785348
12.638571060340
11.554338226458
11.676507096674
9.687071797031
11.352852517023
12.186263745338
10.230923220837
14.307506213441
7.651075194543
11.921026281677
12.006701404140
13.101249036356
13.052073646685
8.586547195557
11.179655864723
10.848982805935
10.385850259792
10.742829392938
11.479389249052
13.594612386910
12.730076254525
13.417894240858
12.062464484208
11.166166091178
12.545160202568
11.189409770897
10.894509152225
10.729189170933
12.182696977795
9.327043231808
10.533523424145
15.268091888550
12.557998131999
14.705480055376
10.199438776923
10.064853422406
12.764311279983
8.553386922320
13.846717763672
12.333086969186
9.647667831742
9.574056778303
13.436910780039
8.748970434685
11.777917390705
14.250241968593
14.134477380170
11.800181789118
9.673644136544
10.106573877762
9.817896566256
13.254400214479
6.099785918745
8.915564336151
11.141661552870
12.664712261536
13.289508687415
13.682902892879
11.301019918875
9.117546943188
10.818035797685
11.754082104151
9.727508814391
10.895106982093
10.775843703242
11.944175902076
14.340895821174
7.623244703375
12.929716868041
13.775952116693
12.064937511044
14.069445626888
11.446850290678
11.448175653503
10.830188045981
12.848075501353
10.679278190088
14.798005471219
9.399140468231
12.979076293387
13.058768808793
12.340943206785
11.700296419877
13.077395716003
9.032394756722
9.706077459087
9.377809711215
9.359223800374
10.934926523014
11.018802436342
12.799294266557
10.405303970954
12.482509320209
13.722328752282
12.857505402320
11.580314057704
14.995343679367
12.782700485536
13.135360079657
12.465230970927
10.391802195910
9.443015113242
8.114740166925
10.015722176345
9.750184974708
16.586173301903
9.473047261568
13.469064175041
11.811065738785
12.392228471624
12.224489313455
11.137699838871
7.278339887045
9.759517257297
11.123098556034
9.622199308421
7.869660396475
9.811756092144
11.404265563483
10.997986712444
13.029741338501
11.146382098484
11.031928932011
9.456053289026
15.044428648130
13.092226395401
10.762540706889
13.158981181981
11.070176101822
10.326594681514
12.397560831060
16.146523116059
9.773395564169
10.930713563335
11.848821530931
12.573441327989
15.292684536243
11.451026821335
7.772335679256
9.564120481304
11.122200695885
14.499757558497
11.144699967625
12.419932965693
9.567536767658
11.431603674901
9.686549484723
12.971627842610
12.431213446027
12.852532824574
10.041212455468
12.030589646503
12.105038568406
13.495057899286
12.627483710279
14.493066259062
10.879195699435
11.839502379165
14.957823386643
11.293525942468
12.547891762358
12.549042774404
9.727254678105
11.572152954163
13.086678873864
12.849092099520
13.383713974245
12.893541875487
11.143603761000
12.797520741733
8.980113943077
11.401970843882
12.698525847014
11.467815820915
15.326655369550
9.054492312516
11.512801664042
13.973052804256
15.353010532792
11.689824499296
10.027354494495
8.067693288761
8.854506487113
12.154411912753
10.330893943434
11.067868104913
12.070155025119
10.080800470530
15.396540750903
15.075235929817
14.010861756928
11.067391958019
13.514804834106
9.546545142044
11.353392313441
9.756888292788
13.620791726586
10.684424035843
7.873783292344
8.301256862096
11.446847935455
12.001658867774
9.248590631622
8.445760294093
12.394714392957
14.501423289462
11.781396497227
10.823208891859
9.236252929611
12.122015288389
8.553705929596
9.762175700584
11.751584244040
13.114017701091
14.264413416640
14.798224606839
11.223008783774
13.404054317951
15.896627334102
9.425078641240
11.054187588926
11.843622764745
8.584971082420
11.626019328961
12.402671690057
11.069217317480
15.579703959923
12.086410652378
9.777542018554
13.538982622698
14.130016768682
13.002434507557
15.025429662804
11.712611858938
12.672623331207
11.811927064348
14.609996904308
11.486649038685
12.132032377699
10.429232305427
7.584657290704
11.996812168745
13.313738441412
12.349951905213
9.969320941378
9.916276555353
9.212362910203
13.476414068729
11.844697597842
12.199300089234
8.659416293273
12.707226166820
15.820706946018
15.838943808360
11.551178132906
10.411168316397
11.154735506402
11.078524225166
15.092864734111
11.914355351831
9.564975242608
13.461719538755
10.194132321237
8.562546315366
12.046909665945
12.891187920279
15.648725416817
13.506051889424
10.241860240831
11.359300402371
13.606758959066
14.925230659329
11.971139062187
16.471460577541
10.502401390220
11.006242459263
10.429836629215
13.710883301391
12.159308740577
16.529829813591
13.992429806118
12.421155871622
8.375368460470
8.907753369875
7.998740879094
13.387212681157
10.049065990791
16.362488488109
11.276286816042
9.092517955751
11.930354851566
8.868425603648
10.822809720496
12.851959789711
11.392894672451
12.401413468740
12.424155961149
13.526958924331
12.749326895674
14.058770902488
14.698880668954
13.010636729010
12.810080719474
13.853925507123
15.793952885217
13.805517597163
11.637071830247
9.944405200879
14.194621316159
10.796800533536
8.312243604404
11.428034824647
10.129801886067
14.760117547162
12.745020783606
14.893653878247
12.744873713070
9.842467388332
11.457403021561
11.556067561857
11.779449654008
11.222692415945
15.163111389433
14.418596461208
9.237053205755
11.285094590869
10.652664540288
9.506208720505
14.606413401052
12.712622570225
13.044665835726
12.117659854503
10.992514768506
14.703772012944
11.016143609445
10.891816465431
12.656978465828
13.654670231538
12.528544837198
9.756767483778
13.460402533781
13.087831055782
13.168957731876
10.194477258091
14.430070384090
14.348629280102
8.631387856838
10.977100888458
12.179591801516
11.807193191333
11.559962119918
12.698537627706
12.373632353765
11.866704475318
12.906467533060
13.217450559500
12.400868114841
7.905213425471
10.949711102184
11.518881172594
10.380899896276
13.676135617312
14.682110510646
10.260937995842
12.429445341519
11.785949514355
16.270307235005
9.858188968433
11.319241915537
10.165440425463
9.808887111649
13.176853607793
13.266285187235
9.338696141483
10.375284735578
10.783316479834
9.038108755658
11.400737114643
9.564076540488
9.830432144778
12.734411395254
13.704653371715
12.157132749260
12.488307695325
11.412967336865
8.957716036293
11.215798408747
11.474911282017
12.141751874660
10.563449358636
10.209508825677
7.333651383618
10.994717533177
10.112316828900
12.478788284674
11.704612858490
14.662597888491
11.760634283706
13.128813276919
11.625725302875
15.305041582618
11.078872737964
11.847289426001
11.078395313769
14.381885413736
11.229285445588
12.313582467776
10.335247747743
9.146277919558
11.829097031696
11.648686598254
13.032355057086
8.629329923482
13.574621669936
13.452254910376
13.327961191081
15.194284914263
11.597742692528
17.313358013221
13.754320136967
12.552077031479
12.230732081131
12.699588948866
13.698018585435
12.709449339804
10.744110593916
8.086874496193
11.979245456975
13.518225974978
11.486167788598
12.641723466029
12.193864952901
10.968509238365
7.914764187963
13.954239343236
15.093391926585
7.760689280648
13.953036860020
11.063517478725
11.168904712571
12.744707936069
10.188198042326
12.456831275950
14.495614068073
11.956751089339
10.726482572757
11.296462694092
9.782481065374
9.807642476701
13.733288446891
12.171503926261
10.386544436889
11.202145531033
10.096908375514
17.556513238469
10.890552475400
9.253662414295
12.901905465129
10.969615138592
10.194182626076
9.919911980133
11.917101090855
11.723225256967
12.112763472315
8.618628383673
12.841323290603
