0.000000000000
0.000000000000
0.000000000000
0.000000000000
0.000000000000
0.000000000000
0.000000000000
0.000000000000
0.000000000000
0.000000000000
0.000000000000
0.000000000000
0.000000000000
0.000000000000
0.000000000000
0.000000000000
0.000000000000
0.000000000000
0.000000000000
0.000000000000
0.000000000000
0.000000000000
0.000000000000
2.502760106239
1.649495064612
1.635091051798
4.651401889971
7.728232027378
3.854261218564
3.766822178515
4.650621720490
6.809801374400
5.296460611727
2.578799346039
3.178499200626
4.747938462738
3.250237937870
4.630759112684
4.005548723817
5.120594089326
6.696473943269
10.599592234137
4.351626428909
7.750167321735
2.531219346269
3.243218090782
7.107505826455
2.438071858265
7.513281105457
6.174206533287
6.145323907196
6.396771603195
5.222130865282
4.397463017716
8.005642891248
3.534405692862
3.080103083423
8.256200371823
3.843418305893
3.492876283172
8.018738648984
4.522594760478
4.277805278646
4.146189076200
2.854898248026
4.428994793398
7.262707464980
5.242611243178
7.721682572507
1.011914387885
5.185033674069
4.565968712313
2.908134592566
3.628875633952
6.264963884084
7.036126089584
2.620522072127
5.157699894713
3.514691447518
3.192802125584
5.339015230909
4.210080812811
3.667983252922
2.322021691880
8.842440417748
3.816613629003
2.711651538915
4.531034346990
8.399735744528
3.590120422017
3.919841432183
5.742835752520
3.977674138652
7.340204729052
4.500127903247
7.797321621277
2.100058775584
8.353830296900
5.993667943413
3.145278781005
7.055986771241
2.407416397406
4.781109892628
1.632150559215
3.545409668899
5.632936018516
0.000000000000
4.377434289225
5.124419944021
6.068594697167
5.183340175090
4.637790444285
8.339702712805
4.146032684374
5.112414894903
3.998603498837
4.548172899668
4.740486753037
3.519109979691
4.651123508376
3.645700479837
4.361934160329
2.486123242233
4.138716433137
5.756061808106
6.603313955761
7.560518345841
4.110575868404
4.498463919051
8.617529530508
7.021177811543
4.605738250899
5.713411625113
5.403203201481
6.495687291993
4.593809429835
4.567440822149
4.043672567073
4.422587894871
0.893020533733
4.241183431648
7.047853649216
4.526186784377
6.003341806987
5.587347756617
3.894961746662
5.628790708786
5.836413116413
5.442080359950
5.820508203278
5.347054989489
4.731090041363
7.611097991737
6.015641089030
7.367553910280
5.024962055812
3.291150603730
2.345602548814
7.631808612585
5.052113466119
5.167748707771
4.017283699144
4.200898258512
5.642614826866
2.495311158105
2.791717867597
5.994490345995
6.933360894666
3.931881692976
2.252776611667
7.352988164272
7.606198701361
6.303314157992
5.094075349582
7.766038614976
4.603051129638
5.149504844666
3.719807127276
6.602934904898
4.403017142311
8.177995730012
6.428812282022
5.547908917744
6.673546276103
3.867413520975
4.794776194733
3.992571567854
4.030590355779
6.733390608784
6.219221771695
4.075429513124
5.378876269263
5.327763025656
4.567613158524
7.739267491465
1.616859654959
4.496148785811
5.642745881076
4.698181477862
3.237526834414
5.572001909966
2.731530302221
4.390288233051
2.462073448388
3.911699428475
5.106859776271
4.148601281698
6.026931934962
2.896501702503
1.762106766584
4.682962721108
6.160051659930
2.144866821691
5.019219471713
5.515877046302
4.093740257804
5.147143288133
3.737928252197
2.694425671708
3.391127667957
3.807426289964
5.598644121845
4.584429050735
5.369057236762
5.829894295445
4.081895924279
7.355655706186
5.121371620208
4.794356732573
3.030994412437
4.569248415995
3.914063356220
5.315847066855
0.578770851963
4.072806724344
4.187659829685
3.865932739882
4.510015990197
5.624132383971
5.696272790397
3.993928870022
4.090064624209
3.606780371524
7.049038503729
2.581642133633
5.189931381283
9.628754463545
5.072704752143
4.080029748386
2.255620636116
6.291895163284
0.501020043686
4.145023657822
6.119275718491
4.715842822166
8.438378204080
6.677917701680
2.899731881259
2.146783129765
4.728870255316
5.841165264530
3.854604771919
2.041103426997
4.075658079023
4.625312952989
3.651146843888
3.752175974231
4.349885024146
5.900789063144
4.156915242392
2.594615800728
6.354920461920
10.928588156358
5.829598189867
5.795176411484
3.112281865104
6.448445161103
2.917735422132
5.507453685563
4.728627830327
4.605738355943
2.020343377753
5.813020343309
1.735762344661
3.835311967598
5.529955937965
4.718799400633
5.552596625309
6.409192549381
6.030695696801
2.573467631290
6.955687233781
4.565977664967
4.955673196457
3.913937654763
1.265490427788
5.351617785739
4.882521597874
5.559595756637
7.349689202946
5.312335964692
6.152678962974
7.403892188395
4.559132153729
5.002558493054
8.313905664402
4.082720448209
5.686003774325
8.190826643075
9.348817003166
2.488773488573
4.060012389096
5.995723470576
3.914965387108
7.832669367443
3.534225980340
7.390661828784
5.843450386812
5.677150920519
5.631978239599
5.169878371292
6.368244899030
8.139304605115
4.043875585069
3.510828811927
2.843524207609
3.226101492514
4.276936660152
5.138800154631
3.872672098326
2.005050604331
6.072726347202
2.996679684684
2.096667825360
4.322143858916
5.778960261562
3.411190134174
7.501604698519
3.643460028563
2.038562124204
2.680140002152
4.433797316678
5.562656835850
2.625966354651
5.262760957239
5.345215121217
6.381667248126
3.622572099886
3.591367206256
4.333594923499
4.330612438464
3.414632812181
4.524919770939
2.910825164569
3.258265581663
4.523587021300
8.847014573053
6.909296192587
4.444496014090
4.667359945416
4.214887991038
3.541910369538
5.937640765432
6.572783492255
6.012420647675
3.759402510786
4.834249284966
7.203449100873
7.729587804321
7.263146335878
7.962779831402
3.790064939906
4.491646110699
3.926357539802
7.795739416377
1.848273804385
3.806122773867
5.225242136377
6.745226281613
2.812147644970
3.114398293915
6.188722651354
4.050167354813
4.958647536859
6.174736313451
2.487592637775
5.547694912532
8.431499980862
4.402227403294
9.036354926409
5.017733967649
5.177465149286
5.002748998438
3.901451654504
1.954627578202
6.319282700024
2.943029398100
4.343958089865
5.955809810108
7.121385079818
4.863704490654
5.321137434178
6.183213613889
5.313832329307
3.565731376028
2.431785757686
6.712853081618
4.499578624767
6.497041271416
7.729375241867
5.846736728679
4.059112510359
5.654138618122
4.652543335141
3.810706473928
3.830957707949
4.043188623240
4.403341658331
7.140020154307
6.176108701552
5.454406132574
5.373092530798
8.429973829993
3.084845187321
5.178445324704
6.434920540839
4.487178321550
5.469869380130
4.884463196201
6.924891011147
5.070610659580
6.158852504824
4.016903547667
5.839650849765
3.577996290696
4.035335437276
7.900348296809
2.455642947830
4.618808696123
3.297758607821
5.670579572731
6.166764947786
5.011830350443
4.599737345716
3.162041297673
3.619362976686
2.921835574416
3.651941096999
4.453996830008
3.721892794235
2.390532649450
7.173286537821
6.772749093975
3.071371564007
4.525565019258
5.858713502434
4.870180342996
7.179122997843
2.865902668313
8.670860232224
3.979346746771
3.718675966031
3.924820576301
5.505012408350
5.263300640014
6.539063287488
5.027064913639
4.685102338463
3.049688196888
3.280792531651
2.845713849895
4.838262477110
8.348345070095
3.701707541144
3.443170676960
4.380385350128
4.764254331026
3.888486606400
5.880746101860
4.983642007569
3.327467278848
4.232766158142
9.453538043132
5.348294677922
4.805960531930
4.380932566017
3.725660232916
3.513539682829
2.731977486597
7.878877069424
5.452581186979
3.146709786750
5.424806983808
6.406660202771
6.774123333259
6.733269249678
3.637269409701
4.860559059617
5.411567493702
2.223434092716
3.331445139529
3.694512577107
5.567168460614
3.395980736533
7.032998607706
3.985034259063
7.533348402154
3.921852237554
2.916926412639
5.785315903544
6.034664159435
0.808345572812
5.478513827564
4.477650734132
3.783763284990
4.636180322680
4.280761173125
5.074680515247
2.554423816769
3.974575860369
3.061260016634
2.546327347670
5.099030923632
7.807294618611
6.658567199444
5.395654797413
5.929824609328
5.466647103055
3.062393566446
4.315892977165
2.888260937829
5.711252391089
5.465780020895
5.410789490155
3.323912585030
3.862067146968
8.462924865273
4.454362923986
3.892681853257
5.991315272703
5.188975566533
6.273031196315
5.032663231926
4.041078793763
2.412077134132
4.727747775904
6.376398916681
3.139632692045
6.993338946913
2.571375046279
4.799585641628
4.201655169719
3.113853950655
4.728426170254
6.039100063089
5.198392120833
5.957754379340
5.189235343769
2.846654399058
4.494707424200
4.295602805061
4.558274783915
5.079850274785
5.260791611491
6.882175572998
10.062520590201
4.547358957270
7.513595600778
7.193631495064
4.264558221466
5.235284784985
5.502151494533
5.003214437338
7.190076671175
5.879513490579
2.836445730809
7.099136985592
6.479912936160
4.692547029767
4.750809470882
5.255186821215
3.572580292645
5.910292607121
2.386668823376
3.975962742154
8.167845825522
4.329139708587
5.133913702025
4.919831593558
5.704131797265
6.081560524351
5.693613046480
5.731205846001
6.796772863436
7.882287623099
7.277273495279
4.607098800891
5.750068532083
6.768254405729
5.513688793659
4.041154772431
4.001496289141
6.289275876017
6.230365510971
1.540270104849
5.566678689072
2.835554485940
6.713592951358
4.517308267526
2.061330276109
2.657155872279
7.635410250824
2.797117086114
2.595764829432
6.401406098482
4.014403873745
3.223780693321
8.484947739654
3.775063049831
2.475238725875
6.512539512406
4.596681516186
0.280090477316
8.204346710982
2.731547015697
5.553559790285
2.174005582789
5.219045590713
3.604636846228
2.098372645065
5.792885306112
4.487321165349
5.215163828416
3.285743931183
3.653483757504
4.206310518436
6.903696017057
7.911531777398
5.864553336811
2.210060846410
3.383710700858
2.537619094142
9.343345492839
3.707452084587
5.862395281130
4.417671483345
2.827966841769
4.332628481718
4.551127498682
2.245846425637
2.565283684056
5.244305593588
5.199930946767
4.602167346758
3.418248933716
0.999285482654
1.479032694842
4.647825921488
5.449294827821
5.609213948900
5.004497803822
5.683690207234
4.892058958676
4.618330045759
3.754274938546
6.943810654524
3.963375154446
2.017968031957
5.724677566411
7.498404040754
5.206415936382
4.813287508615
2.794812012589
4.769779964842
2.976434832057
5.159357110420
0.079899399573
3.645607198193
4.191391042823
6.989623245830
5.377866798955
1.452232961909
4.738753348708
4.487044928500
3.555716302741
3.580209782977
1.188060999165
4.032209031359
6.441514375235
8.236064491012
2.005247162802
3.560493684064
6.699524677315
6.358825817998
7.894265811109
4.783915466925
5.425319160335
5.954082342327
4.868551402166
6.296833501571
2.082892531315
3.692308109022
4.657982135792
1.752678609580
6.213807492124
6.069591167293
8.441271909898
4.687053236398
7.572057088276
2.984353230135
6.049349426673
4.001938449905
6.068879984731
9.662763197287
2.560703480662
4.843179953162
2.583339002873
5.513164369053
5.812051118919
1.529452785450
2.707364097905
3.079607390576
6.684744462867
4.458068972113
6.757889238799
4.672066338400
7.608215188659
2.427666580408
8.303049503117
5.661380216917
7.072239528226
4.913172807810
3.753813381937
3.538517097734
3.373476711581
5.107756194967
7.713522283381
4.590996989971
8.051975449257
4.211470298134
3.220929127938
3.222738684727
4.714401894359
4.604417321621
3.817348361675
4.980816843348
2.565698389251
5.774510933394
3.668192302514
4.127881747641
5.041852144828
6.963064074886
6.427411978799
4.570537299464
5.275222514721
7.687113530710
2.913151215391
4.328843889218
4.223603317592
5.347157186177
3.522171466242
3.727625699009
3.870833323365
3.848920711449
3.679607494824
7.479243960979
8.157283240861
6.216472315149
5.217895807521
6.431879344743
1.924327996048
5.099613411264
2.624611346033
4.133614244927
4.811778939372
4.991427873502
6.270353799233
6.567189918872
7.938736897350
5.236450743092
5.400696533213
3.540070341759
7.077930088727
3.107680002940
5.879347595941
3.745970079516
2.752155419704
3.857253551425
2.825221967231
3.922273714977
4.513382136566
3.511664874821
3.835047871369
3.923777516206
4.062443453740
2.908824014168
3.619431156440
2.773604889691
6.765471661584
4.257710397227
3.789331163476
6.590727354685
5.252602556474
5.170767382240
3.018542203260
4.538608154118
4.893941301773
4.067993750956
8.437695302374
4.586649101059
4.207430725276
4.088011245895
3.121217070769
5.205761951176
5.178042535604
6.823426852307
6.453693986125
5.530527761109
8.845808503210
2.286455529116
7.903400541909
4.778995471638
2.454059285714
4.848663929707
4.967856269554
2.226345581688
3.289879047029
1.315190811451
6.732499473904
6.486585873853
5.433367308492
5.171997697227
6.073112156289
3.449908604339
2.574284915528
6.335963791893
9.054676695207
3.933630558320
7.384663890740
7.117160162989
3.199381480178
3.832178619026
7.382700715903
5.860235954194
2.914809283621
2.943280778955
4.561562726319
5.022326907821
4.238964957667
4.714379623703
4.303097607209
6.813726672223
4.368256277046
4.397224606513
4.939723222564
4.978894662152
6.177748420055
3.977968969129
3.949812696055
2.814477430229
4.211835986915
6.293830361381
6.448246810489
4.557178052460
2.984996390930
5.618850579836
4.558628749597
3.213621828870
4.311953742292
5.405408810758
3.297908478575
6.466837548159
4.224128759052
3.985657554581
5.222286831064
5.658035856999
5.077156856366
2.330975530417
6.204595969541
5.756658630794
4.545638008008
3.699936499150
6.181275764101
3.947289116960
2.992934048427
4.736097394493
4.713383145128
1.927237163153
6.382545828638
3.611043532199
2.872346962463
5.590064461396
5.473101185619
5.415126120571
7.060616406948
3.651640834648
7.268898289487
7.838094288676
6.347500542228
9.453947265363
5.096707773253
0.904126516915
8.016889795427
8.397786291927
4.543460771638
9.253833455400
5.379524133520
6.573461138075
3.764510017029
4.136047048098
5.029892109791
5.753964964724
3.451454283358
8.071433358297
3.934788760966
4.114855046987
6.357797830519
4.091906750308
4.761260460603
3.476250722969
4.543304839751
5.555198670168
6.112015991827
4.607237371502
3.941795253744
5.584723277724
5.141954693541
1.724237686530
6.404463331792
7.818354483332
3.612113535261
2.577401522190
6.743640897909
0.509563143897
3.476801972205
5.843858921946
5.897926633710
6.341380956601
3.159045460567
5.014080179100
6.731683091413
6.680744670989
2.835510020327
4.248655889961
5.233440178966
6.268588776509
2.039084462399
6.203131368521
5.461605408497
5.212320579563
4.625308929502
4.505289489447
4.923875578471
2.361803767132
4.387195466414
8.865921847591
2.297014412771
5.824263734006
4.185281701237
4.263338439243
5.378997771035
4.081670930947
8.298829014733
7.404095599830
4.057647197780
3.726892404651
5.333215788721
6.777877441571
1.902861475027
4.250958336168
4.192414231828
4.708698117098
4.449771954928
3.400253455032
3.857739176567
5.568552875145
4.053619594747
6.459636540037
6.197215985745
4.142813870055
5.203883168505
5.588853980478
4.659630443933
3.464253566036
4.554600960419
5.095844467247
5.417500047077
11.541625417754
6.310537917299
5.295846295273
6.889377873324
2.697402788528
5.065851973051
7.191324974294
2.889656482357
6.317004176880
6.671096295503
3.129412366393
6.923999346070
6.022245427572
5.011661845661
5.363894980027
3.602023505487
3.093076840345
7.349963907563
3.544840696510
3.927916623743
5.364493601869
5.796653907359
2.615817388591
5.321369546880
4.155395660438
7.555990679673
3.253530458914
7.566636912795
2.178708908900
7.526183284082
7.021961400312
4.988018157503
6.999349355552
3.935614634978
4.049352943566
2.509250332508
1.135811828710
5.684045421340
2.658761911374
6.893982306938
3.608333182444
8.050694955941
7.337263312977
4.832237449819
4.996611061430
5.009975775593
5.851081285719
6.869938500924
6.415906208590
4.179225426928
5.308587654679
4.157734542648
3.657888668361
7.544108596710
3.332067001771
5.503571180766
5.294757907672
5.619630126302
3.505436191411
4.292845467125
5.040950396823
4.797215315768
3.731317124288
5.275301346296
7.828732044045
5.420882061095
7.680675110991
6.496239609538
3.501984135967
2.913694731523
4.601864777070
6.019107696388
4.710368858644
5.336427752922
7.119594285521
3.811582235311
4.263746448419
10.929878661407
5.139399849535
9.352060908585
5.397722402316
7.582396860915
3.596460847126
4.686998084578
4.375353226560
5.037631031391
4.425371816751
6.897495130705
6.101529863608
8.121886703188
3.570381960501
3.867998532343
7.063294649781
2.845624746088
4.015822901055
7.308057404754
6.075581847057
4.586417967018
4.431504380616
1.795953762961
3.272881130521
5.083410664860
5.785451123438
3.296583562324
3.976661019318
4.551816816107
6.742576113750
7.476635084984
5.567408342587
4.969631200996
3.064206454454
9.463045373985
1.980495690858
7.389245657224
2.778294514430
4.432312713255
2.848014806346
5.099815637681
5.010265114240
3.830815990224
5.573862798205
5.970698311828
7.128687827752
2.849151147184
7.065710502737
3.462917475095
8.168726432885
3.368580675738
5.605351488054
3.018546720531
3.526517838731
1.439790630234
4.881898117436
7.403630334506
2.556065963548
4.432915791117
4.349105681323
2.767228851281
5.438641068316
3.728850093118
6.102324234457
4.271463454736
3.235040134360
1.860599339590
2.444370778435
3.748384918082
3.631652235994
6.320690849263
3.546847873641
5.860956621611
4.343280887773
4.692571352484
6.431447465209
3.657166951279
7.217829178879
3.908417944182
5.792316277493
3.512224150353
8.326562297639
6.280493174994
3.022312099805
3.489366023830
3.784731654185
5.253431361729
6.830941850513
5.468733055235
3.563059757540
4.794510236131
5.155776416311
6.697901000365
4.661986761884
5.911179919627
3.104216891171
3.902870498752
4.411428828156
3.169197842019
5.362239677374
3.602441542628
2.472473790120
6.392564058258
5.629077113816
5.711543502779
3.777797710478
4.794279678063
7.700331589466
4.695432672331
5.440188331914
3.562818770096
6.087376083494
3.521781042773
6.974253878368
7.779433737851
4.562902776438
4.513476330453
4.315408792289
3.332063086130
4.492501248894
5.666277077549
3.368419327779
4.924844768631
8.303742662417
0.000000000000
6.276912802509
3.784400943906
4.274390538015
8.071964987947
3.147050744921
6.312198912141
5.145289789500
4.683754499576
3.348253171907
6.225495797507
2.220897602775
7.681376454437
4.078918838396
5.055088707467
2.559165486106
0.211706454515
4.707557477991
4.250035949226
6.393174598097
3.191081428868
4.179860175127
3.847490448576
8.889056172778
7.268881206509
5.922015392145
3.750818676878
5.654015527728
9.666487532882
5.419619746756
3.315014694589
8.273617552259
5.065786447130
7.079394506958
4.990842638836
7.437938197481
5.580123668149
4.361061443043
2.712828208707
3.481478035953
3.091765659140
4.384203325284
7.434464596821
6.092538010855
7.379813866569
4.381045762712
10.907032799926
8.436482122436
4.135364608107
3.733119389941
5.911431608128
5.242824516083
6.207720876634
4.746831892212
2.793760491348
5.719410215344
5.722958696959
2.063517198816
7.622827857431
5.155463979695
3.029811822360
9.699559826278
5.497259120162
4.241841350876
4.738144657534
5.917806875218
8.457712042674
4.506318166385
5.399011604355
7.123625147485
7.035631230609
8.170052921105
5.714595616938
2.917600089304
3.837108196578
5.145464981863
1.809536605164
5.170934840147
2.770614420140
6.492880837681
1.566892635033
3.016366076829
1.247958538993
1.589075502188
7.594936283594
2.941337883445
2.154167771122
5.394292923740
4.041411001442
8.293504045421
5.921143270676
5.764010264638
5.311735235496
4.860237213315
2.756806136622
5.276275017071
2.740860064622
5.504467436113
7.380054935060
7.274768231196
2.833281541568
6.593757579862
4.826656513373
5.738481719470
7.838574314284
3.680525040817
4.938621521238
4.752950855263
3.487550232181
3.424444799719
5.292999818233
4.996921237022
6.724398041648
8.782396713872
5.639092276042
8.656720722398
4.221523349325
2.243062794649
3.258744843128
3.955077877170
0.983284545174
4.439740518372
4.503913160381
5.273393758447
5.811092112851
4.731422751952
4.268725515314
5.282580303100
1.817077522846
3.555820536565
5.544307595332
4.926028969267
4.409386903057
4.763741437293
3.821449924370
5.577166345758
4.938355589394
6.520844034787
4.497555704542
7.483305272798
6.116069873345
1.874424683686
4.409811006262
2.852458332222
2.761943257181
9.096437560931
7.406273043639
5.693988544372
7.228087563230
0.945287463188
5.551380004269
5.374867323877
4.580119778939
3.375336493503
3.025865924638
2.212604413206
4.658928204553
3.356527471528
5.633480146399
4.729718620557
6.470205597313
4.825455084474
8.330743707783
2.094238783309
7.534624136949
5.795678112620
8.666187932317
2.287821712993
4.148651391148
5.112062495724
8.087574014579
5.956917206543
4.438079466759
6.497642385026
5.882434525762
3.543123843184
5.328304456455
3.706514787479
2.217010763509
2.914335503767
7.214513979508
7.063914701671
4.895771320714
5.998951189093
3.320036156318
5.032336035253
1.742907078142
4.458635619402
7.680164218708
5.809977500621
0.826348694900
6.604261080969
3.497263653054
5.627044243255
3.964622813981
3.779943247875
5.961496428811
7.071116772365
3.891138534713
4.447437879902
7.187542365229
1.707960283948
1.626543964235
5.857435900345
6.948663054474
3.716139218294
4.179939506838
0.669791169952
2.268668197717
5.807119286385
3.971569188081
5.582309288013
2.008793951371
5.642648790785
5.101111875381
4.254302971314
12.448599437893
6.101497511910
3.687461950532
3.288480942358
8.095847745806
4.220202072664
7.020098042921
7.814360719204
5.488820549068
2.348922905673
5.015488035249
4.731689997772
6.085826537520
4.059329735244
4.974832946939
4.942703593919
4.494989145247
7.650775710427
4.471226201112
2.444780979674
3.591878422181
7.037804346293
6.926108887408
2.306721146741
3.139597757267
6.388984058005
3.116984037772
7.406244563996
2.173627360115
6.293530352934
8.773407416425
8.227294115189
3.751977328105
6.187753101951
6.790247529381
2.928281280397
3.990026001544
6.013217705189
6.540084151203
4.999228076406
4.017483645724
4.983870726518
0.897378646897
5.027936622143
8.536422938855
4.686648311776
2.228728862578
8.237691398472
5.203947015883
3.895496385487
4.968745428542
4.784344993779
7.289376063508
6.004603915644
3.838509154862
4.177388362785
3.597489265752
3.033990048212
3.695112400278
6.855614281920
5.537517109973
5.601075700923
6.678262503230
7.592925847684
4.055243857696
3.642646858658
4.756562597837
2.084757706320
6.784591326831
2.877324638446
5.099129962016
5.635113617659
1.747306920439
6.853125127080
7.259515199621
7.242094796781
5.447141098819
7.065345704198
4.225167753333
6.910619897507
5.270820901119
4.233367158152
5.660148890908
4.598677698046
2.772320053580
7.895140809143
6.404323449151
4.850684895166
4.778785028931
5.599143209684
2.502809911104
2.331481935041
5.692621459386
4.527007814698
4.176300027052
4.329757143895
3.208661976965
5.279886369849
4.535702500792
1.000068562710
5.194520944388
5.051781994236
6.657582389978
7.716081004581
5.556003244118
0.423571528224
5.449580214161
6.450948728323
6.934779636845
4.152589239630
3.151043437237
6.561537319037
7.672050393715
9.291984812328
0.676509490042
2.694351886771
6.287575014447
7.536128219645
6.104400751243
5.629889523632
1.856892312922
3.834451564941
5.228787899398
6.109462795604
4.002143322501
4.595229625606
2.999816515000
4.357848206733
3.605256690608
2.580589491817
8.905920343783
3.562339731790
5.370818317387
5.756569141364
3.194396248929
3.982683867004
2.947178521341
7.948210290868
2.036391126092
3.983795560827
6.982134976110
3.622992440227
5.149469960859
4.705933591974
4.951577022794
7.882746832001
3.062067493448
1.743796963659
8.649043418718
6.617213436376
3.457222671753
5.559699859681
7.925440802301
4.495758513169
7.253188784543
6.517905653239
5.947366297587
7.716582188378
4.339860727009
3.743387912589
5.288551346562
6.425002102798
2.801057003322
5.184616712790
7.524604540104
7.087201177474
4.312205795927
3.774868728405
2.048135889343
2.563928279701
4.606387509764
4.978353867107
5.468693721830
4.292365399471
2.023712035379
3.264879006152
3.332540400962
3.612639371623
4.327258060601
8.053865773752
3.055790304608
4.811219168958
2.899517285567
3.775005851401
8.860699728596
7.996103684353
3.267213682425
5.102154109713
7.524564225229
3.163915654744
6.397070287302
1.899674773614
3.499880306182
6.827996238152
4.933852562822
6.645095710091
3.829051377903
6.903583138702
6.664616933376
3.054447381496
4.465240205357
5.802376271436
3.857629693296
4.263915087674
3.631561404985
5.761592920084
6.399712786647
6.315775035161
5.298106922484
4.915931545635
5.911369811681
5.460995652302
2.268945886422
6.837740688670
3.184107004465
10.602912665676
3.465264675129
5.494610607043
3.607125667543
2.423736407971
3.335235873865
3.013803757182
5.540181951687
6.193829750374
6.039999335731
1.289577618084
5.193698330848
3.385920302292
1.413204220242
5.623548117091
8.113398847923
3.832154423675
5.351307297045
3.927897294593
5.582134958780
1.679315045901
4.492568803792
0.936227086474
5.027457285816
7.192786473207
3.040858034664
10.246539198853
5.962297407239
5.598417493817
4.018779917180
3.845109258632
2.952193116515
3.241691576904
4.698656485072
3.295668992163
7.306098380922
3.250835783960
5.691712747281
6.954883527996
9.686985023860
2.368334544885
2.552959915949
4.504273052762
8.233919733977
3.564195904106
6.436654522646
3.544877016948
4.973388381503
6.141085977476
4.190098457724
2.537638783082
7.216353609507
5.062373158205
4.934492023426
6.011643081276
1.665371160775
8.878284928890
3.959936570118
2.795808858414
7.423905418240
4.680434307849
4.737386595640
4.874480316806
5.236473804359
3.788328483135
4.026209886658
7.793802495079
3.085671756586
7.645260664060
3.342612981307
5.655085091716
5.449866760709
4.214585013246
7.253007737059
7.023390961013
2.359667958214
4.489813906782
6.564492853648
0.662642031003
6.176035276024
3.445678882662
4.754465023626
6.551391117488
3.447939101264
3.092770395409
4.014586926954
4.917329271028
4.008756824245
3.283456858296
5.354400288557
6.639350956203
3.665862415880
6.107871832968
3.078022799139
5.070019494424
6.654332570668
6.111546481844
7.156865380003
4.525619719606
2.344297994524
6.436772907236
5.680670565049
3.207743109366
7.603543984139
1.148455688529
5.112750179992
6.848631817650
2.626015203655
6.934259206432
7.337000018807
3.914770510616
5.925498048838
6.408451167550
2.257671317157
8.369825849425
3.853166659622
4.383328819449
1.847304408003
7.958303368599
4.065662774397
4.230918010246
2.070897178910
4.796954446601
3.477703706120
6.148699275151
4.971334040905
4.761291725412
4.117377865382
7.184801618039
3.699528383723
3.790216397302
5.283023143832
3.952645137739
6.784448699507
3.833832919554
4.382563783749
6.833653410567
5.253129953302
6.603783936541
3.182267446322
6.927787068085
6.807009428193
2.188303500106
5.670697300240
4.985495489584
6.156499459033
5.916741926793
4.097297621661
6.419312642568
5.427437682718
6.133945066986
4.872106940645
5.175462932860
5.467481901949
4.403341776322
7.333305027539
6.507541972949
4.016776232204
4.744626472369
3.893579909863
6.050819599683
5.926337349144
7.346711909221
5.890982874934
3.868118642725
5.905391131886
3.113729442628
3.427864880208
2.636114612314
4.940756805730
1.649253086878
4.613477837135
6.590877415935
6.274930145540
8.169736125489
6.034495985645
3.544922876211
3.933498647778
7.160350292536
8.018940595919
5.052668547544
4.090444319517
4.058717213339
5.426865539909
8.028901914408
4.725263427755
5.617088658509
7.116571749398
3.208495497997
4.765393786426
9.896541618661
5.573006741955
6.276874527789
6.209141576081
5.909787365668
2.394112913991
3.263326750241
1.203359817298
4.710911149069
7.593887719278
6.364790861553
6.770982158670
2.800157798379
6.892499546892
5.389076956114
3.609971099193
7.153795502974
3.391466647922
4.810279442221
6.628972338803
7.026421150790
7.720120615336
2.392365323149
2.476827150068
7.648488252670
4.129942809253
4.495773671305
6.075126542603
5.807547539638
6.827212415074
2.473392988590
6.902468102096
4.146957993339
4.048585590930
1.351610653901
5.244197504484
5.554623494811
5.918167602406
4.514526696357
2.995899915670
4.352724258674
3.840739802953
4.015741457921
2.691959069470
4.695205493540
5.986830944525
5.986240378111
4.945013961424
5.818150211527
6.210470768294
6.402887780825
5.583343478145
4.071621028684
5.874963769452
3.711679073257
8.924690578507
6.934066794720
3.935977331964
2.425352007583
6.416077254567
1.949071729596
5.489355206955
8.084837433001
5.365310798012
1.330276563521
6.756345449116
4.647697745190
4.575921534017
3.881145012865
5.281388387659
6.572633734605
1.911583399101
2.543946366057
7.839372863770
4.131843592618
6.696995616923
6.335948821769
6.371296442256
5.048794402211
2.251920760567
4.717811283290
5.743858521360
6.271681612890
5.321277160046
5.642856210391
3.833905798400
0.791403092527
3.165911148468
6.565174071869
2.720856102192
4.875395342975
8.062388696384
6.548644201394
3.553725305129
5.829661333222
4.362822524564
9.743507549139
1.529354466014
5.997378903817
7.768741520360
4.836487834676
3.555082865440
9.162487862422
7.517356954285
6.183123990166
2.923385456207
6.580203161629
2.888829247440
4.779938768159
5.681513206600
7.996981993560
0.878533310650
6.218006998752
3.783230166019
3.300624215248
2.555727960913
5.861440178232
3.629686639395
2.788116587606
5.522564762228
3.923537962968
5.975781475163
5.295564845881
8.396180073856
2.118507175108
3.468870765200
7.200555740158
3.573481769943
12.893233562454
5.306658232417
4.425091202038
4.281675151608
5.808363421354
9.078175880317
9.218745490630
4.604486545405
2.837810059373
4.315501745270
5.857233901497
6.868032742981
4.518085692769
4.735142246207
4.527611181599
1.988928671597
4.518322079613
5.208655672476
6.128625160376
1.560884029893
5.908481830275
9.567585033198
6.077421785034
6.057527208525
3.594188854238
5.884607734962
5.075340679217
4.845501176286
2.272765569341
7.364684395703
3.520354356900
4.697234531525
5.312541277627
5.058015312176
4.534078097286
4.276789889694
4.502612835789
4.466423332918
6.640434099157
4.243581031631
5.048159542355
6.519947899899
7.752057104006
5.279793191346
5.413633782590
6.925172052631
5.848591394402
4.594903841678
2.776079574315
4.963393135974
5.007933319466
7.326108302690
10.021259742933
3.874835382461
2.151299778170
5.748755609800
3.650539720523
5.227956191376
1.748293016266
4.853663882377
4.859696070156
6.405614656699
4.356503540949
3.108955070283
6.335489542144
4.637028370566
5.111366477039
5.009833619230
3.534195484999
0.625164658319
3.799383082570
2.016111650209
5.830597821157
4.104062420647
9.277393346827
8.256005635849
5.560703397163
4.716986351573
6.003505885762
2.880248665846
3.139554477386
6.966362642415
8.393276983788
2.398155041592
2.723424798223
7.407757162843
4.278988222133
4.238869446625
5.673692941321
5.997422085296
4.901260077512
2.045975776276
3.348841933963
2.934332954594
5.276513480831
3.176134940441
3.713331979819
4.645578163217
7.171235766309
8.756485368864
7.785302547830
4.561687725952
5.531625531753
2.672547701385
5.340848156493
4.637286020870
3.640922501011
3.621247114291
0.784056358550
5.447094057645
1.493491747547
4.545098775104
3.164447052887
7.708499515901
3.200459050201
8.954451951335
5.338987544480
5.031992587880
3.673808105203
4.051890805456
2.501800938984
2.774186526836
6.182013334573
3.838147236783
5.879790055690
5.010441883936
4.991162662482
5.181330029606
6.601920469133
6.722747463787
5.409887904432
2.593449137814
5.144847786199
8.070793040080
5.882706883472
4.734123035066
3.460108970881
4.065644172474
7.560634143095
10.673512523031
5.573650271638
1.349754573472
1.686374756319
7.606031005974
6.520195793347
4.467632706235
4.650200322927
4.130536878582
3.955210057093
4.266926762442
3.987524487062
6.843046261658
4.672417097827
6.203078106723
4.576442698211
7.577285568011
3.931293004247
8.036372450536
9.052155731306
7.581308288023
5.948267527681
6.933194863147
4.581161603647
6.326682907106
8.338842870363
4.175722120023
2.390016516007
3.151187799160
3.836380203984
4.122527732137
3.141312614275
3.162192501150
6.461006584602
3.689279976915
2.864354178297
3.225475011087
4.015548492134
2.332897920361
5.529208791515
7.643050384176
3.801431511626
6.613123490785
8.709192392255
4.223205750498
5.735265103612
5.103503995036
3.520803789729
6.665127893284
6.511213084479
5.032190487665
6.115772810915
4.601073163438
1.624258268659
5.566944348572
5.941955326658
6.476416484438
4.266053085016
5.886660888932
7.277227481851
8.466117371539
5.322426815046
3.101159899194
2.806008434505
2.910293478106
4.343456000714
3.935651010928
4.939940505650
3.805242731574
6.652089685944
5.901471158030
3.178594490793
6.059166207996
5.810923624107
3.551929987920
5.844026978177
5.281226615848
2.140522405929
3.416074525256
4.621634436780
7.263220914884
5.030532960216
7.418975268317
2.204426282803
6.075980515505
5.331127482222
1.976240253344
6.066336364949
6.819844823460
3.014151448489
1.034286337822
9.063801030903
5.946934226957
5.709871508363
6.105229628719
4.825703693367
4.279141025542
5.088491840386
3.507785263380
3.755095503399
4.209233205877
1.469325940646
6.061900286385
4.961453090916
5.035638141119
5.241059533877
2.489759340797
3.243118588519
5.513161139120
0.396108116417
3.584742223826
3.669308293401
7.496165050652
4.407336758452
2.665037790833
2.356306629676
3.191188084333
4.675894557485
5.809318212029
4.414144233627
3.333663904968
3.306023729089
5.261124850863
4.959726028007
3.916209850311
3.964567417708
4.862996935211
6.186197004099
4.350597218766
7.538559679143
2.527028346408
9.022585235212
5.254262471680
6.658913564657
7.007126020433
8.236349236893
3.133955920602
3.071788277472
6.566966092643
1.971841923698
3.810875114701
7.390552697698
1.949932281996
6.135088431908
8.243278831025
7.642318044508
3.678038089508
6.908487662434
5.371326636926
5.237051705361
3.181992378980
3.589147683403
6.958164287197
2.523057528997
4.984671527973
3.739487790883
2.655364345428
6.638300310162
6.531133592314
1.559944298528
5.880286916583
7.080199212319
7.174605224719
5.912669789277
7.483214880141
6.048571202243
2.718130801452
6.079182962329
2.694163685703
5.149293799110
6.487387607827
4.924434960539
3.534018970293
6.304192398569
4.409679503042
3.964113696733
5.445038636083
9.775621068400
6.014126560669
4.271178822953
2.710905247158
2.331953543079
5.380314095793
3.012353404766
6.109357354542
7.749870630664
6.304205965585
4.480651792237
5.834173911430
3.967912794022
4.336310019130
2.563138193217
4.311546697576
4.556156284518
5.541207549072
7.870379079152
1.841164253732
4.415129384678
5.804223380715
5.896023306174
6.212495541863
2.776815482789
6.806972044604
3.349436107146
5.176897505082
3.770784592054
4.310674303578
3.036457997613
2.089542338237
1.048456461942
5.652529325031
2.637546677411
6.959201187917
4.147225415430
1.131753971843
1.228966142825
4.509223135749
5.086912007069
7.633801188066
3.315983761017
7.395110898629
5.985024905921
3.813584812970
4.621380785055
10.162055591017
4.386192553820
5.183622418415
6.502745742823
5.875893413149
6.420519701010
4.573036628625
6.646863448263
3.363303791032
4.778146076580
6.042592350337
8.256622709436
3.912421313975
3.295558160971
3.282708020143
1.819242877585
7.486446399799
3.681434750713
5.055658209956
3.758967396406
5.675219145542
3.616018552697
4.977711998572
8.543234705882
6.646810037645
7.476445142689
4.740831222362
4.321405654469
3.002175375525
3.718445356815
3.174026968470
6.826603775388
5.095704924054
6.514286813316
2.686286899235
4.200445895226
4.221001785270
9.109783327587
6.376671063724
6.851002516892
6.728433992722
6.412661877141
3.731191415454
4.996858048126
1.627444932199
5.664443275804
4.260395584072
4.864789640326
2.019817003781
4.215532636722
6.347984971138
3.625956705196
5.298779450385
4.500594597743
2.478116702418
7.081899935741
5.229869303207
3.929245783738
6.055568207540
5.214901470414
4.118613719013
2.605976174560
2.130640494591
3.798350348954
3.294586134173
5.270220686785
2.551531861201
5.220317616750
4.122397732593
2.107424257807
3.777975539431
5.985576866337
3.699982112950
4.353865290214
5.482563360145
2.477697946819
5.759175676614
7.808034175044
4.553754638135
7.010305071867
4.845333557689
6.820534201505
3.588223047731
4.989365622793
4.063919613329
1.498522945487
6.358257569201
5.326042472504
4.049427681518
4.650899610437
4.252512290491
1.497348228932
7.667923533508
4.094194534819
5.131275161359
4.292717803927
5.459616922738
5.452337074297
3.252314288523
8.740002137618
5.974661162527
3.941247519855
6.013278111734
6.085588743806
4.541848185340
3.375132883183
2.801348201906
9.725003256428
5.589387549343
3.003724411197
4.199699969079
3.416157328154
2.514976532251
5.434960612127
5.361879152111
5.461418623203
1.829320326760
6.011805435282
5.019941861431
4.806969313852
3.007991390939
7.726853617863
4.363271708226
7.173248333615
5.641433808517
2.685635015846
4.196183146309
5.805993094367
6.092887346060
2.429596757512
7.194763329809
3.923539840297
7.759505919328
4.205805145052
7.891982442443
4.386418577670
2.955209975419
8.576115789722
3.469597875788
5.810690700585
2.449458944412
5.915466462624
9.196164624510
5.956627029340
5.498400728310
2.313851929645
6.074545111852
5.456497017869
4.242721853054
2.534016583710
5.514223253560
3.316853868059
10.310360353427
4.720875614094
5.971664830683
5.579282991427
4.949450126941
5.006774589833
6.019581281820
6.197043302236
5.762060448689
3.436098439733
8.090128819263
7.184396178891
4.374063224427
5.750828546134
8.227895833960
1.908696126736
1.783685069905
6.517959775908
6.578959160242
4.897254419105
5.913572191344
5.397546870730
6.386000592496
3.199175030779
6.565213507701
4.612334492835
4.345883469329
5.287888275584
3.933917796754
3.638580521028
4.609685985075
4.690650922480
4.447082367913
1.739087643144
1.105977162090
5.870383174876
3.532422587367
5.081754414573
5.146895124484
6.108682949824
2.897645973005
6.850628729907
7.258927746408
3.792131218554
2.994348106063
7.303169635567
3.141040883569
4.886535750422
5.478385827973
5.268338852823
5.588808605019
4.988865663395
5.278977017345
3.051791850315
3.701692042600
3.973778045052
5.101145746068
2.212866170114
2.749225346379
6.510477228551
4.042627543028
5.707692794418
4.047322671331
7.057711376011
6.105222144037
2.428407168817
2.530279402370
5.709115962174
3.949772021940
3.947715842458
4.971329459902
4.580866570041
1.616693143680
2.624406680382
4.370767814058
8.139265143324
4.973346893077
2.608151451314
1.809401393501
4.538823754093
4.933706590337
1.117131315005
3.313245200041
3.747062916334
5.569888466021
2.668148756756
5.018321351612
2.694107344965
5.171116183830
3.407800579407
0.477670654582
3.418428108053
2.631546202480
4.143133772557
6.243176185891
5.274071408463
1.082612272391
3.881301806946
4.190250633642
4.275939067180
1.828971750887
4.030476468291
5.151588643551
6.347042015175
7.617836211344
2.152041027259
3.298586775226
4.741810899907
4.989210142841
4.480681947352
2.975516161616
5.944488576098
3.277044036296
7.538247580639
3.094873072545
3.385672469681
6.884388206865
7.485569182853
3.027296189413
3.740384659632
6.820644823230
5.444061479436
4.991521220263
3.268957040980
5.478359180266
7.108790371754
7.142123718130
7.204803673063
6.648812305187
9.154606926531
4.377959898379
4.564028972824
3.751864223938
3.730704103344
2.933062779232
6.870733033151
4.111481602967
7.559120662022
6.791591894763
3.178257795662
4.136336495703
6.200412235507
2.915282520829
4.632275127101
8.142862685095
4.428014061196
7.047639654604
5.424306240192
3.990453869709
4.914133477372
5.418113973819
4.703697177131
4.744244902280
7.418414745686
5.979836586331
5.956463980514
3.863697363484
6.050904268581
5.896850702315
2.731549969835
3.296567919316
5.563794671085
5.069716275523
6.038068857533
5.161590562655
4.007429445944
5.894255961541
3.593335085870
