0.000000000000
0.000000000000
0.000000000000
0.000000000000
0.000000000000
0.000000000000
0.000000000000
0.000000000000
0.000000000000
0.000000000000
0.000000000000
0.000000000000
0.000000000000
0.000000000000
0.000000000000
0.000000000000
0.000000000000
0.000000000000
0.000000000000
0.000000000000
0.000000000000
0.000000000000
0.000000000000
0.000000000000
0.000000000000
0.000000000000
2.981121403228
2.664307212688
3.040732581461
2.699189764222
3.063639322760
2.966007896646
2.522717846353
2.866203527757
2.894351341023
2.679709032168
3.164102532783
2.731944574003
2.548272147874
2.827379021602
3.124566176488
2.605327721147
3.114148249570
2.967988999241
2.994721333979
2.919023041900
2.439292676124
2.813902672759
3.256449015016
2.557725893051
3.036552321462
3.059649792709
2.946389509233
2.936783254442
2.460754220171
2.490213431606
2.747999388237
2.211341214738
2.584812615224
2.434387315044
2.774680284941
2.740493779792
2.488299006371
2.593887437504
2.524292660808
2.886502571336
2.921263340399
2.385099080576
3.082517283445
3.149473677105
3.245078389720
2.659266274494
2.701061653236
2.635432343020
3.187233369353
2.011108378066
2.349448792789
2.780267909807
2.587387695088
3.087745932738
2.628142627380
2.483639062779
2.773520217120
2.777035272467
2.333660304899
3.066669705859
2.316817817171
2.187450390777
1.960227234045
2.515831073206
2.595085288782
2.460148150186
2.654028829737
2.258303848884
2.648284379207
2.674422288172
3.059268416384
2.840498580553
2.810274927690
2.273637503367
3.222351869624
3.179821194662
2.683783176283
2.912104319054
3.030352262677
2.890378426690
2.687655875542
2.447045436554
2.873044371131
2.992623106719
2.673151632196
2.823842809350
2.632123943231
2.960940168893
2.321854487751
2.514603440012
2.621391172700
2.668796479595
2.885607626921
3.059664479967
2.495022725604
2.700125011905
2.368433685108
3.166656702929
3.222693977686
2.895303482756
2.991223188108
2.901827104887
3.023834469745
3.082809040875
2.951261008434
2.757799256357
2.561823401702
2.250721784286
2.851994224403
2.514982229427
3.069331993484
3.070880351460
2.771213215300
2.107904245075
2.642446118828
2.765664481774
2.920588980670
2.598951668710
2.787176193805
3.038944320622
2.919759366685
2.570053374657
2.731621540881
2.652994355617
3.238060310258
2.523658560146
2.558254127506
3.125652749890
2.972748645213
3.136520796626
3.032875834533
2.500633292595
2.810980240690
2.494213198231
2.909962962983
2.939202506699
2.541789380640
3.272067912289
3.026620023961
2.500405550426
3.198643903511
2.769826532063
2.887741110775
2.613566016709
2.804292404646
2.398347740449
2.714497424102
3.019302831830
2.462561423850
2.910771380712
2.843581940304
2.453695319820
2.507289819509
2.997446713672
2.693446105788
2.712714108353
2.540941541323
2.527229950036
2.594243459718
2.891950121335
2.843280501834
2.432221345096
2.440306907816
2.589019141185
3.054864037917
3.229361274002
2.924638561339
2.921895086108
3.139840567338
2.888671925634
2.585121459331
3.255185421631
2.312734178974
2.514077303593
3.007683429032
2.626365913688
3.315920793144
2.746659768028
2.914972426923
3.220649755155
2.651851531525
2.288971480362
2.234112820785
2.244144846574
2.970856519145
2.794897557187
2.765478784221
2.754264788413
2.624026709989
2.666558140792
2.377906173356
3.021445326177
3.041933992603
2.785152141552
2.169833643032
3.029553930029
2.710281509150
2.785113494979
2.458670310913
2.976307139936
2.707495671507
2.830778963470
2.835898989583
2.519610105741
2.897247098802
3.088922456861
2.254129467484
3.140058096594
2.763604114966
3.067287702412
3.070644370652
3.112493108605
3.059463206111
2.825052212312
2.614464822366
2.491200558520
2.992804080077
3.016420209128
2.625289056873
2.874511576461
2.560166779433
3.202719267418
2.277562247785
2.891417960626
3.247455432200
3.211191072280
2.989218303639
2.542011303242
2.871848273423
3.079775321202
2.663045097578
2.468916951131
3.007216260252
2.831604946436
2.570848629023
2.973625816531
2.521652496861
3.242932135679
2.408718818828
3.217381740251
2.598507346656
3.054787292752
3.243349121387
2.505878004031
2.636375477066
3.001299978378
2.855179138667
3.005141851037
2.459108532923
2.317631049393
3.106901195097
2.489676189350
2.708878156349
2.930323994219
2.603946921527
2.917486248648
2.105646710300
2.978525201154
2.902777912952
2.668462483365
2.956394691000
2.549575860529
2.792552605326
2.911176344352
2.983521366772
2.479783279568
2.882309388701
2.961674519266
2.670228547600
2.938578343409
2.618739046666
2.287391663411
2.659720679436
2.354839923995
2.645221799826
2.186466373160
2.452901552376
2.728166708542
2.599784985224
2.411374079088
2.667292689570
2.930950548517
2.551980186575
2.554329595561
2.866354829527
2.838066126544
2.669868956430
2.780394569153
2.942248970477
2.765564155271
3.100027812972
2.825487027214
2.931714945004
3.255186169543
2.723942655582
2.803800654316
2.853768305864
2.283579028892
2.875287867026
2.889615209088
2.509740292647
3.074450578724
2.701159166756
2.676886328672
3.131028148797
2.556983232568
2.507351637214
2.770287972660
2.738671063968
2.767110689139
3.084427492264
2.744287448627
3.125715292858
2.994076107236
2.591579356316
2.554175815081
3.055136253780
2.997028198154
2.749961670299
2.450087055527
2.750500229634
2.141186032341
2.653344418987
2.651346232002
3.077909360930
3.079715619801
2.438862033406
2.852855908165
2.977349443305
2.767855023727
2.668275790187
2.800729285467
3.027615990722
2.641103749792
2.455903231296
3.117634567226
2.573162954223
3.108081752710
2.935536045142
2.199551925600
2.193996580035
2.803719756744
2.987546281675
3.150420333989
3.235352055026
3.058674042582
2.891444113091
2.409823077383
3.256175737508
3.081799277992
3.154219339576
2.865093840153
2.780131030740
2.759306495309
2.827273342138
2.501741165879
3.259182879991
2.666244430507
3.200039710167
3.015998263842
2.508452294899
2.700998048333
2.926708218204
3.085148478908
2.706832302354
2.755139659758
2.206297564475
2.409333196736
2.479138719820
2.833779275861
2.579107175037
2.762449105480
3.000619449976
2.365094669341
3.278909264508
2.579328496372
2.728454411703
2.402919023378
2.783579379853
3.145219721836
2.687449192619
2.928502155208
2.801876751607
3.108478240252
3.161276226266
2.546728440241
2.343024598594
2.644715377778
2.861869850667
3.270337352239
2.455541355644
2.826368009712
2.235483974727
3.224084382320
2.589730422125
2.145534741158
2.488434142752
2.704567784633
2.487986392088
2.659516143175
2.826503632198
2.976470262581
3.191932135348
3.195508940911
2.480360875654
2.738528702596
2.686665839313
3.267014205808
2.897265224358
2.315068777929
2.323383619926
3.064825213479
3.097894375618
2.817028676232
3.184762611022
2.690202749731
2.944937233872
3.029584221983
3.102902102972
2.971810562991
2.956708969760
2.811221672171
2.735364981764
2.807486041414
2.813967932909
2.755350560935
2.949207858871
3.020187003108
2.358257002168
2.912217423473
2.568023437311
2.629712868263
2.643840756017
3.332829705360
2.858763218183
2.990252263382
2.602953196631
3.056800612988
2.797290879203
2.950779794039
2.660411005139
2.466544204759
2.850943012827
2.967981099688
2.618058876126
2.318928040027
3.014944880548
2.713161119300
2.631707150612
2.689638054630
2.980099318230
2.590621517914
3.081808572372
2.786811000316
2.863240737874
2.706128151520
2.614042867396
3.011109604493
2.767628578164
2.875995414367
2.787017431584
2.535804755128
2.773720383540
2.805035127407
2.378082094507
2.822751809645
2.966467779671
2.323386846874
3.084793472373
2.627781390303
2.854743419208
2.822789134237
2.919833704579
2.842862103317
2.567587846504
2.305286917331
3.268495914295
2.661650895117
2.422578929707
2.797748537270
2.825809171126
2.755832678586
2.657032567354
2.461354255245
2.540621637625
3.319020468149
2.784372059585
2.903136588862
2.936245081230
2.518245909033
2.728248864074
2.787309847180
3.094756307705
2.183780217459
3.000129861156
2.502252225371
3.181700289682
3.077906606284
3.092478620338
3.061772649752
2.791681982637
3.055423829757
2.886048955620
2.659290868872
2.702297433865
2.810489284980
2.759713927729
2.826641153543
2.449111876905
2.534568895094
2.691776479038
2.968912594015
2.739126149599
3.037236461463
3.204110570968
3.026826387380
2.903269979572
3.259844187506
2.630427501285
3.240100649875
2.824233583320
2.693991433836
2.620555444963
2.061830455077
2.954997631903
2.796242927836
2.583464410977
2.812565440459
3.029976399464
2.720506409825
2.600315140380
2.818657107672
2.954130274467
2.385544407727
3.038007092620
2.557573169780
2.721907092907
3.008018031416
3.061419341464
2.777298514868
2.674803044399
3.263946509239
3.195279035620
2.718763864215
3.183162292374
2.669638687106
3.097258721000
2.910559444047
2.990462822481
3.041592491002
2.712424256231
2.278524035819
3.068491030586
2.696835315106
2.325693616771
2.912015456850
2.877386902303
2.839877860469
2.391331735707
3.061143214806
2.659499741226
3.195567521208
2.174312588469
2.928396433713
2.917059989633
2.605296772119
2.797057083781
2.581909930241
2.788397821217
2.790277990477
3.061334768450
2.846753783592
1.986980657995
2.720160139601
2.069765916507
2.498133095032
3.174474129666
3.066548847630
2.357434599776
3.072451441469
2.873311428437
3.097317989207
3.230483377250
2.957092960679
3.127126777098
2.517621990651
2.759624256834
2.536485797014
2.052320103127
2.574129300352
2.883912186974
3.087268402870
2.810423966268
3.105065295224
2.703062744393
2.466818094943
2.999254227615
3.055043964730
2.985481076769
2.767772990401
2.789358376744
2.747438354303
3.136197171954
2.871798011204
3.242965532205
2.875954331033
2.161402964868
2.738840174464
2.425530400590
3.066492270010
2.816947261755
3.140164193621
2.091746715909
2.924090388336
2.893204152115
2.605360419630
2.738188985962
3.099518572558
2.904176030755
3.071395016346
2.996954001754
2.797127014631
3.098354242114
2.533657798014
2.895666005359
2.904668563196
2.814577464126
2.848062898738
2.227271065780
2.602029963694
2.893399923524
2.629196392774
2.718664014661
2.769293241514
2.919706331447
3.306800963564
2.924578598643
2.942443294658
2.975313369911
2.621264361236
2.270972325761
3.159171252063
2.921661721721
2.608310661387
2.780489760183
3.044026110169
2.725442653474
3.050364152746
2.882224137771
2.916879176351
2.692237625981
3.028114797756
2.762430856167
2.796809897237
2.429543012267
2.818404746203
2.937966392224
3.050894705990
2.961193889039
2.612404369897
2.564939886195
2.920057730389
2.496285174284
2.761301007040
2.553175770737
2.528343402726
3.033499709836
2.772330976756
2.515934939093
2.673761256484
2.706124175525
2.700718827107
2.356893861772
2.381326589094
2.675249814051
2.901879446508
3.014466674963
2.021531813492
2.273261600370
2.647783952225
2.654089610488
2.562859216281
2.737165499295
3.104891876813
2.434297437303
2.611327350240
2.666267419018
3.016707207211
2.741770917895
2.524904695552
2.684254302508
2.657895611933
2.684135574673
2.500884723447
3.062337916949
2.573437392436
3.309200929854
2.867494633492
3.174829053667
2.547857055802
2.879477007025
2.653285987763
2.468344518545
2.481685622052
2.152157365380
2.327868235475
2.974250822161
2.408061362529
2.799308913992
3.055744893958
2.891252435813
2.868976823542
2.720975228117
2.809214816371
3.013296785167
3.086986346103
2.381478144242
2.995230779587
2.276599200175
2.798911817147
2.694302707272
2.920593593065
2.293323780529
2.719505061991
2.265314436997
2.732091302349
2.862483889200
3.236050952960
2.731437932783
2.475979413133
2.601923569560
2.771825189942
2.943746805999
2.693105570475
2.164384404411
2.836439187717
2.620193410497
3.091232878108
2.830055711546
3.005359625634
2.810318571625
3.011982420016
2.939749132412
3.039647148014
3.010995305924
2.339125596858
2.984994236410
2.638654825629
2.447703530574
3.043390462554
2.763964054084
3.288796355547
2.813265630557
2.947725437603
2.464461865539
2.394198856243
3.050271306164
2.446657929924
3.008340311885
2.712851089704
2.423966713808
2.690904176637
3.250436315034
3.030194791301
2.833256572426
2.575480493539
2.412202717711
2.953166363704
2.517708954460
2.665637685571
2.333082656762
3.088955276255
3.272083534784
2.907948348745
2.107411005683
2.651349509334
2.668384961242
2.725516033216
2.969849174200
2.275508312706
2.607164274118
2.639999126197
2.640408426850
3.098917957701
2.251451383020
2.610094535919
2.654205597775
2.415242387395
2.509942861454
2.735780170078
2.730841026256
3.195405791294
2.299370489196
2.906261278436
3.068448701747
2.742717158614
2.794996921502
2.432768552439
2.826065072082
2.829048015227
2.579861005215
2.637157891560
3.138417916682
2.697762718307
3.005182708740
3.099680433927
2.448040034083
3.055392502228
2.755459491962
2.625727610973
2.756379625814
2.974492927168
2.969101406793
2.472767297654
2.990113118786
2.760126538253
2.895137734259
2.913693744206
2.669006060566
3.211430182400
2.981627149879
2.994545808307
2.659394528052
2.827556226741
3.071760471828
3.110793862149
2.312129245280
2.724692877536
3.283154617873
3.174378105200
3.014581950245
2.600070456644
2.912054460762
2.398443238631
2.894166496938
3.176405111652
3.181036294483
2.563395168234
1.924064326715
2.616381891708
2.918217663925
2.568941007877
2.765990676941
2.662905826347
2.660809614200
3.079462328420
2.792081146708
3.107303672077
2.644297933118
3.042985520590
2.817425278593
2.949356451079
2.639566534966
3.077768329750
2.802031929234
2.496908513152
2.894174643938
2.760248705963
3.242046252406
2.691964010291
2.703686468120
2.241288036098
2.808845584264
2.982158683580
2.617468603421
2.575509352284
2.733713795816
2.890769403916
3.044252708470
3.091227126147
2.885050976348
2.976479576488
2.584695090092
2.878404656121
2.790169984610
2.824488853349
2.933490096474
2.870085153310
3.056681057600
2.796069611087
2.706817467000
3.225437915809
3.059513869474
2.803138748435
3.107743653943
2.888070600896
2.681247310670
2.572936637087
2.238136942553
3.197137319190
2.645612122856
3.150282308634
2.635296035946
2.861819709393
2.626079306862
2.528898844692
3.134100585081
2.743639830823
2.607490996403
2.745239932416
2.870000237030
2.365295751415
2.427103960522
2.702499749104
2.831216241386
2.947654980928
2.691427312759
2.664354203592
2.538274432475
2.417785270677
2.717251415044
2.964150685822
3.092678438312
2.812735962970
2.549466717317
2.591442227149
3.215193143837
2.385967235536
3.016842841139
2.444227242675
2.407393965130
3.007925467110
2.612906621833
2.879743505006
2.517347036775
2.663430487518
2.890960182415
3.117793235865
3.252344681947
3.229293405220
2.873944741362
2.144072643137
2.676795767752
2.523310611452
3.109520274222
2.892155972004
2.809750813535
2.387649246892
2.613040792251
2.760386564928
2.784616708095
3.076521068531
2.977639330111
2.950845828580
3.136573013379
2.942483839088
2.498574298150
3.068366092918
2.202508855049
2.750772668530
2.984807524400
2.488692636528
2.576019232113
2.653201985179
2.548841603349
3.088037891984
2.859791464738
2.844609145421
2.880948035113
2.732708114533
2.385227762754
2.484933753102
2.680931379308
3.048921553652
2.789170634619
2.727146865074
2.959268174983
3.064079422004
3.053577978477
2.823263809139
2.932127332425
2.495281851946
2.916836184003
2.781887724203
2.641895764290
2.811291092112
2.754330669234
3.014978551225
2.378631978786
2.730075775815
3.078439771050
2.317838948458
2.437626891258
2.494089213878
2.591213618420
2.354807212652
1.995910731491
2.333761399407
3.330481412454
2.722464545880
2.999523857342
2.870803506688
1.929898452901
2.772081037860
2.793287075659
2.802648403265
3.150411004239
3.085339562176
2.673688477184
2.355351436366
2.819296090059
2.683849039398
2.383980890704
2.828301465456
3.032004517387
2.844742827244
2.865753451098
3.027645591742
3.006960568433
2.778020931774
2.922607492346
2.582054065690
2.482167590070
2.370568623641
3.166263446207
3.039304733627
2.264504653398
2.885393712001
3.203644491626
3.046701606687
2.686787596648
2.615724545684
2.857262466398
3.092269046018
1.833346144079
3.050482638666
2.746149276900
2.887930261024
2.208511869346
2.837379472496
3.289740304663
3.105598378703
2.556342527396
3.029892726975
3.057417119438
3.144617381196
2.430851236957
2.533246855790
2.628315097714
2.480023977008
2.900971410014
2.660710700149
2.486965549091
2.873603508901
2.735541364025
2.812821492180
2.134751750780
2.594904974170
2.873173864087
3.371482307204
2.599344774521
2.679289811975
2.769498240796
2.151050068736
2.932449323475
3.095061499115
2.879101941479
2.662423821913
2.763288694489
2.895177535730
2.724956120774
2.280525839947
2.904647658852
2.866083595451
3.016732301288
2.985094378079
3.078820617231
3.260582898103
3.032612422698
2.811116023506
2.588409554273
2.387389024526
2.799785314221
3.026448847827
2.983757584801
2.611029698798
2.067768818896
2.565681701560
2.733268199888
2.618627453731
3.162031968928
2.659512881819
2.827517536478
2.975892677356
2.835372949521
2.993088569834
2.839430837805
2.387317662539
2.720687716791
2.497228875154
2.353556332997
3.023565479995
2.739145088569
2.506141428240
2.726937131163
2.799847305066
2.466325836630
2.523998435928
2.759847037565
3.017979293412
2.851747968172
2.885353142068
2.909279612052
3.071676297999
3.164821893234
2.248377039170
2.920290420990
2.754815062294
2.920083946663
3.008427689546
3.101590496018
2.724277750033
2.582273716758
2.770003573804
2.653805166528
2.777605974228
3.099775273266
2.504900452951
2.907057636081
2.974485446870
2.935135187586
2.873823663754
2.469096399165
2.689934016842
2.799601687304
2.759295632965
3.078786704438
2.580358438807
2.822954858060
3.036076324408
2.658772351497
3.012507554998
2.679221487136
2.602462111663
2.837702588974
2.812905780403
2.295843568691
2.940387757785
2.648900438946
2.478632928320
3.026533087343
2.853514430964
2.603482530821
2.433322479884
2.920236347268
2.826582431645
2.346175932545
3.015611015139
3.054277528747
2.136161739455
3.036857924080
2.393484369267
3.058400994639
3.096722759624
3.129855891356
2.617816077437
3.262544923218
2.922439503501
2.575152098762
2.983734966789
3.289346941871
2.642147148683
3.037228288707
2.681870789550
2.960965696999
2.224861822533
2.861797816812
3.143476235033
3.143002304756
3.085567254437
2.174332847510
3.089886564112
2.815072109266
2.990467122090
3.111599660967
2.979496038075
2.928011418931
2.971126239096
2.950392289207
2.641990543106
3.051441335159
2.986523955183
3.154213465231
2.476157878789
3.098712192491
2.214937048007
2.845537243469
2.579910967383
2.507163899020
3.042303179558
2.752028912641
3.334554012371
2.587226527236
2.900039129738
2.954811617722
3.286972887892
2.630812766541
2.370192872755
2.511977402562
2.560570791519
2.659942695209
2.750273385019
2.761551326027
2.751143594119
2.920091766728
2.975190208182
2.986871067023
2.790460948787
3.142466476114
3.016053917768
3.224269400342
3.148090269497
2.638783330750
2.799036797478
2.649907390337
2.773653189917
3.111361218418
2.522117236901
2.936829936299
2.966484191194
2.717843336810
2.269503879474
2.601682725787
2.751681628439
2.971623092723
2.795588669022
3.104769343271
2.531825180396
2.575565043384
3.239496592051
2.753804059579
2.118119934614
3.022650017788
2.985549314339
1.995008361007
2.465390632683
2.410595935614
2.878547856385
2.875387705504
3.145332084909
3.051096399312
2.769394378801
3.050098834463
2.655564805037
3.085510460536
2.870757907642
2.744401884099
3.216726628731
2.188249166649
2.854230582951
2.909309795603
2.839789077668
2.055115302748
2.832891850227
2.259030036404
2.991362559663
3.235742985946
2.138668916725
2.545926921340
2.415914983841
1.951914724364
2.766376514956
2.676658338704
2.393423735479
3.005889600512
2.822183272465
3.036859863537
2.980828948353
2.900769397331
3.340515124405
3.082190558110
3.155221400441
2.689312314469
2.474080834278
2.510883447367
2.790828037532
2.394929527424
2.432483946410
3.075933341243
3.102605220021
2.741126314953
3.050152540675
2.988038976979
2.924292837661
2.873500776842
3.255456580867
3.213377143417
2.841013475955
2.456712220129
2.215634538287
2.319045394261
2.873189078718
2.573975259740
2.657645737975
3.121845493515
3.032725149557
2.984157825863
2.851827941682
2.789191442060
3.073909798550
3.095081353841
2.656388109098
2.986448087478
2.273253793134
3.104785485300
2.809544054150
2.522987796226
3.002825928990
2.804002256122
2.996208224278
2.851474961950
3.137915650663
2.054447729330
3.073281137501
3.061613796676
2.563909115531
2.917443983155
2.790443619029
2.639227412024
2.877180720908
3.248940351498
2.664718441410
3.009825468272
2.342649593491
3.003548484507
2.383039978851
2.860985410718
2.500032360237
2.823548883641
3.145613350151
2.832059035609
2.832394341751
2.055832651957
2.617453790651
2.801389697273
2.317832059115
2.324481782727
2.581459071193
3.033097733966
2.287575465148
2.427832722857
2.528874365809
2.940454961641
2.877652083111
3.231143635655
2.705296346652
2.699370103171
3.225908959762
2.441574127561
2.867130043247
2.693772151996
3.099368459485
2.636369411940
2.979917717530
2.696925387134
3.005584934368
2.747193997203
3.260080749820
2.558969774073
3.059611059910
3.081046681746
2.908751503878
2.731923576571
2.365862740650
2.638868857213
2.761017715629
2.649799548373
2.993282469705
3.167914318262
3.001109815794
3.234161513281
2.690170310039
2.656436896845
2.732839540734
3.045107660950
2.961593282848
2.716116204873
2.742602704075
2.561554443646
2.694997067525
2.380847033660
2.899489011895
2.898341672589
2.707451715789
3.246570776182
2.944586152261
2.204335961833
2.967676764035
2.801614432279
2.087475683551
3.196920187804
3.115284861645
3.200785845625
2.968025175958
2.717054101206
2.709052803786
3.246390229040
3.288366545058
2.532827645382
3.061961913520
3.059657668536
2.664047425890
2.611133782739
2.520172356030
2.881803556697
2.426898432313
2.797031295451
2.503500026665
2.825997770870
2.954518602939
2.826258556572
2.610139645518
3.029521416630
3.238251527343
2.959675243932
2.577547172836
2.374564037498
2.410310137989
3.127590911757
3.050560910728
2.754114838403
2.559737500287
2.916831012193
2.665186763885
2.817389358065
2.471190592581
2.845737633993
2.570519795985
2.994246415924
3.191544485176
2.572911981306
3.058747736465
2.569901137452
2.956996194656
2.953131845790
2.677078930839
2.651757940330
2.957385046082
2.485338190274
2.605241477963
2.706191349050
2.726303659425
2.460945941503
3.040641693734
2.381738725998
3.199086670688
3.172520531587
2.983593958451
3.056043463437
2.769973357521
3.010756378220
2.815304933009
2.471183685494
2.834651540559
2.750508437260
2.480609958961
2.828289562550
3.226235533662
2.795129684640
3.015517847886
2.789428678591
2.920741126379
3.098212486733
3.241985934331
3.132062089976
2.693885004529
2.716851974140
2.499844212397
2.318535663136
2.827605890163
2.850595447815
2.978500742490
2.592679204701
1.870991278161
3.132411637835
2.954595833342
3.255950188342
2.856383237555
2.923413841490
2.162641984869
3.152186575223
2.792667707392
2.519630306857
3.049315402577
2.771775595693
3.115008010013
2.472059508149
2.580285849968
3.108271644319
2.223730779216
2.725987843032
2.753992022228
2.755749549527
2.555972812404
2.907840810829
2.464324487306
2.889473568061
2.862430112889
2.489933620182
2.828366903557
2.857912223027
2.471674560984
2.850233184606
2.918303751138
3.205636191826
3.128191314450
2.601574897452
2.463746099538
3.008075576656
3.220721742947
2.952183015905
2.286241033653
2.399470683408
2.796206157851
3.124969888518
2.821601343860
3.277909202251
2.970641665699
2.826476096939
2.748835925079
2.996149578782
2.662552551961
2.846951024058
2.505409440999
2.347346998973
2.968825434458
2.819887331312
2.140211260362
2.849643320567
2.870839589011
2.904197783521
2.184669538747
2.575614365714
2.633258702048
2.618481486778
2.768588915150
2.446810339046
2.863010140921
2.753668654465
3.038010653943
2.234909469284
3.221779358934
2.589516749854
2.939103885408
2.644599883383
2.855429639609
2.533978688906
3.094755948857
2.840155854652
2.068807863565
2.483826557335
2.481888631479
3.246130253344
2.767001969192
2.384777174596
2.944881403559
2.888246474103
3.077899073398
2.485513034488
2.791769825168
2.862462506894
2.926750227688
2.444019596463
2.311760582047
2.948937068766
2.566622235762
2.826190482449
3.156117949084
3.215130685647
3.115867270921
2.403411200974
3.022071652897
3.114667655938
3.241693505259
2.337573731591
2.959939102411
3.090108310918
2.596412496639
2.990937228748
2.604002669079
3.036215550713
3.072566173834
3.216812145582
3.051733115543
3.010453952915
2.536717042490
3.032092565188
2.971504199147
2.952727225182
2.642271527797
2.562110462101
2.766441639832
2.755535210838
1.917729681652
2.610689709121
2.958179642951
2.575436363030
2.632565230662
2.875952402477
2.749832834181
2.663289798826
3.056888825041
3.256292506417
2.914350821669
2.780230248999
3.073034835008
2.544360656477
2.956088384605
3.101448075650
2.512836433588
3.052705448279
2.929938860755
2.710158837954
3.005691110774
2.634251974307
2.828855147797
2.651607836048
3.055374468574
2.626626744216
2.487579949118
2.669780643189
3.053441991543
3.187837619366
2.608543661543
2.851889778914
2.808298812421
2.977901589537
2.597309330793
3.058311543642
2.840319555877
3.145851108566
2.681288564590
3.128072066413
3.090024519613
2.708038569621
3.074725813967
2.521164217506
2.831501566332
3.014595939683
2.591494647230
3.186707172066
2.337121490225
2.200649561716
2.943712135938
2.710353564290
2.834898070350
3.011444186163
2.347308876890
2.823630024983
2.698244326453
2.542767753339
2.690242498435
2.988643294778
2.876852456944
2.315613874478
3.303297022014
2.978824272220
2.702805096707
2.607623735563
2.309911086294
3.057504166526
2.340369879645
2.537963121992
3.057385532999
3.030054804617
2.933882425355
2.345837630780
2.906452492126
2.962634974845
2.995076212178
2.455872867651
2.946692107703
2.978859765257
2.568797303325
2.708079835390
2.499118888746
3.120971632862
2.630206429357
3.007545784484
2.686528433518
3.058563527609
2.480989863956
2.962481282400
2.413127809700
2.720408325434
2.361799859505
2.743646992557
2.583062783970
2.893302137545
2.757297183064
2.181672844112
2.942463502238
2.872107784856
3.024228859552
2.958823959369
2.576154719908
2.916042269200
3.114280958121
3.009120874708
2.685056520268
2.910169997311
3.106744514500
2.651250835487
2.702010876680
2.985550266709
2.917622592181
2.662492909915
2.581223773214
2.915799370454
2.626783410501
3.159835598093
2.897720513368
2.469201540745
2.802714107709
2.432391496244
2.630747471029
3.078215403412
2.844685171201
2.771572177729
2.908824182900
2.274243090503
2.344665971795
2.885828861232
2.571226334668
2.664133465237
2.761170767268
2.444069692890
2.948880225534
3.145595297468
2.761136026217
3.094261738886
2.984726027392
2.772953541989
2.455514013726
2.839062309173
3.043037230278
2.578692937964
2.182898593111
2.598739960529
2.801095973791
2.416944114076
3.005737172054
2.952453050624
2.841182158455
2.938829567247
3.048362520750
2.758883111962
3.026694516879
2.545952282023
2.369503919549
2.320149663982
2.645810070433
3.194607577560
2.697348043044
3.028365708850
2.966856531727
2.576411375623
2.784534245703
2.848069966177
3.063763723718
2.945395115359
2.781232102878
2.700789358402
3.247150003316
3.049794567372
2.424230202011
2.946804998236
2.760048991198
2.307080935185
2.705331977750
2.272109714632
2.778985815666
2.953342229882
2.419402554159
2.897483278195
2.384607779606
2.860011922086
2.244373980820
2.365625967651
3.037857796689
3.132555167316
2.723365302549
2.972124406631
2.308964715156
3.179704869062
3.118664134520
2.359494855393
3.166553023732
2.788533674725
3.036020607687
2.099850588485
2.503417979896
2.537905196831
2.699732534639
2.827096407471
2.891316270566
3.151382115618
2.731724252542
2.766026466983
2.563220836596
2.691707026127
2.519698452494
3.049962036325
2.486833700171
2.980395607955
2.434436349347
3.021957334296
2.750016328141
3.066790548450
2.950433381183
2.341194073309
2.868585957773
2.734904334849
2.736307897388
2.912033497766
2.737527843424
2.139978738554
2.582845956901
2.924518706645
2.870593658428
2.707221868478
3.010281116065
3.047940272714
3.302389227168
2.660764634642
2.845805468777
3.105422874759
3.040199041470
2.465749771438
3.020672229088
2.880305798891
1.962504862630
2.620199021081
3.018307092596
2.859439506444
2.785936297783
2.527568848772
2.733647304940
2.649860304113
2.871799750031
3.021497060191
2.876539464564
2.633244370558
2.829824916795
2.469531867195
2.409107147231
2.875839506392
3.042458012447
3.043772942034
2.789525206974
3.294767635120
2.797884138785
2.627732507199
2.786128931520
1.813525973535
2.960581473835
3.010474827758
2.928704956922
2.422911793578
3.274789638402
2.996716669156
2.513627262385
2.899777806770
3.067900506352
2.821735809014
2.663460910174
2.401910841623
3.026214222635
3.134296988581
2.918983815516
3.071995813534
3.285724097412
2.655207072235
2.927101549607
2.953006376588
2.869355424572
2.752238524352
1.880289543226
2.338681381839
3.190349458287
3.260167037181
2.780989226615
2.565343705075
2.184459882369
3.052404275367
2.317607547508
2.671641253178
2.246657359319
3.020519128731
3.239528707671
2.760393553190
2.754213258131
2.582399054949
2.704197576003
2.500202670220
3.143019024959
2.799616506556
2.919536891525
3.093765449229
2.665201250610
2.946155330261
3.039091276503
2.561983060240
2.894438539833
2.929359538272
2.450558232735
2.354904570886
3.070362861982
2.876256025410
2.418125314867
3.200303392384
2.418019777293
2.789817586361
2.815565497672
2.774571436851
2.950481637305
2.840759155375
2.799808752614
2.893780597923
2.759481881849
3.040008434191
2.576499787178
3.103977867668
2.616705689091
3.086263682453
2.732528910189
2.646951851360
2.943576588637
2.914707670344
2.541549031838
2.808183456234
2.656062220108
2.906498030024
2.794092049585
2.649952738200
2.717314411290
2.930279445909
2.538874941196
3.063594091656
2.989537452060
2.854592229282
2.970423781972
2.606502590909
3.028475694224
2.699927943102
3.037257485246
2.927963016361
2.742757171443
2.832265404701
2.123566391264
2.836702044108
2.447206857021
2.736755507822
3.110273486109
2.668020261588
2.420376023384
2.743567268681
2.734845522792
2.386672321681
3.108047001176
2.987306031287
2.406972076757
2.695224128502
2.995844787694
2.942923774594
2.671355572444
2.744355370891
3.073584910279
3.085843558131
2.409465241568
2.724653611148
3.232034282606
2.795605999361
2.931280687972
3.031727753171
2.484711258130
2.693653696072
2.973138761335
2.640670036908
2.898972631933
3.196171608484
2.666065488225
2.505282911718
2.321479705264
2.421181543779
3.124761458788
2.662990099028
2.834264873941
2.822174328274
2.750286375117
2.761561072063
2.783019150946
2.730695554039
2.457714702142
2.993631676071
3.029163100358
2.946005141049
3.010623351257
2.744519272958
3.206511243225
2.813721371855
2.925552903644
2.860673633217
2.809985159838
2.958074635120
2.792687018089
3.128905456735
3.324320784166
3.015975008696
2.683412482710
3.121047674731
2.898981257937
2.636867834774
2.974799521224
2.274435515389
2.451631781064
3.056946017376
2.388429556062
3.243112681199
2.568199275260
2.675276338173
2.959887867151
3.030398055361
3.067338951855
2.797339932702
2.849617900859
2.702917416992
2.519991775274
2.942676646624
2.517730841843
2.861083642721
2.571306468477
3.276186462710
2.853357028591
2.889616810237
2.903002686919
2.765465207898
2.810480510901
2.030490520597
2.503132767430
2.430984967083
2.978754486702
3.264641815403
2.764443170122
2.341442552301
3.086219543667
2.816552507443
2.630256852279
2.759989463549
3.071079845499
2.693421815062
2.837902621280
2.577347438663
2.974735957953
3.009651030363
3.177050922961
2.686721134959
3.234291245034
3.041376120987
2.532026276326
2.497527519584
3.030859598070
2.601009585458
2.182037970931
3.053423486154
2.517853959473
2.750667115121
2.208265496672
2.625949981850
2.402856086487
2.826579235255
2.901601988046
2.911571624870
2.970814212029
2.696808556871
2.985533227770
3.062700774395
3.260540267614
2.716616600959
2.590580120533
2.177301691225
2.522220353037
3.007740483654
3.126980252536
2.848645580514
2.658361936752
3.217267226133
2.996635922639
2.274212405977
1.742232251032
2.803056217118
2.606164240407
2.925659691050
2.795372306130
2.970935730375
2.092392002648
2.624925504811
2.874166209682
3.038417448660
2.843953960696
2.613866115673
2.801050524369
3.030576331954
2.737619372746
2.694230992754
2.963784382960
2.214803204724
2.572820293365
2.964128617310
2.711152898853
2.354771822808
2.500826565693
3.190409350813
2.522443408753
2.676732341553
3.061794135531
2.749293289750
3.036454852150
2.752238388646
3.037170856900
2.746090495564
3.041213711882
3.286397330377
2.440367211076
2.780742977693
2.414174371004
3.234033912575
2.632278634713
2.641416087242
2.637925465340
2.446526345447
2.908517851043
3.064305265209
3.088563478103
3.136391061022
2.453409581706
2.977691804915
2.877689771839
2.679450834175
2.485833462942
2.783596892847
2.682440148984
2.974296218080
2.543839243680
2.259163659436
2.521976712735
2.983123088244
3.108892480966
2.480350556270
2.774337417563
2.608527378701
2.432315969589
2.608581806688
2.750495896037
3.097156919997
2.934243301915
2.999930097915
2.555110793271
2.597524874327
2.777936632086
2.860816233728
2.901937998847
2.834108106486
2.234473847560
2.785135639776
2.831023803193
2.835971121043
3.165088002635
2.653980501644
2.954109765426
3.154563644689
2.538465068401
3.068175402457
2.907498145511
3.083183031225
2.614858960358
2.901297180989
2.539277636797
2.968464307418
2.338877596110
2.621382443757
2.929776666760
2.510623401225
3.200840342438
2.500919035522
3.016387862545
2.984880799285
3.252459197707
3.024469180945
2.526243098544
2.579856227866
2.886467866265
2.558707856562
2.788625687598
3.237346712300
2.550508646021
2.708964755187
2.871863314607
3.083395304545
2.768705029692
2.604659633621
3.155437143583
3.115515660305
2.865897233851
2.395517718373
2.674089321262
3.032060037375
2.708336437656
2.899475891125
3.075568547600
2.785819864066
3.293684040014
2.488955594345
2.786418332857
3.053042419308
2.722737330921
2.688790510502
2.695433170949
2.144920419086
3.111914378717
2.506880211551
2.996228444258
1.967500312779
2.364589992080
2.498647872548
2.559024089557
2.912579519690
2.601937997481
2.988450371442
3.195405449435
2.967252531426
2.861560746700
2.897062517935
2.715191530272
3.087001012390
3.025470642746
2.715128643026
2.847555072250
2.783418903442
3.027890882334
2.558908541598
2.719759324340
2.501420132388
2.603623239877
2.909448276676
2.557620723794
3.121474726588
3.098980442920
2.986007418230
2.837845756076
2.943458616226
2.870204072285
2.724420483567
3.079056495215
3.070524917170
2.655391168132
2.628586899102
2.965272096972
3.046572865742
2.538505482476
2.537779080101
2.356766524301
2.680147129361
2.841103646931
2.527831971439
2.633732306978
2.383822647318
3.125101588148
2.326548300829
2.846191959613
2.965169881342
2.597511221995
3.042353215765
3.298122080330
2.765346037594
2.632448201684
2.888936541063
2.668230140591
2.870227589800
3.134547478463
2.991373455600
2.894755145590
2.699320161579
2.815020529116
2.991707248237
2.667585877412
3.006503394522
2.885758334416
2.465301457411
2.452810540095
2.761718099822
2.534141864659
3.022947084749
2.663089240594
1.943265908708
2.195712199147
2.979808753355
2.689649199274
2.970881412848
2.735257501509
3.148083417075
3.276211171887
2.622964628764
2.999817258850
3.179831459029
2.988903249239
3.045955852492
3.131743845538
2.621096452613
3.292344764938
2.752672047634
2.617416519947
3.042739259791
2.717994698085
2.691126636946
3.131528895193
2.930730606529
2.982345465190
3.124212255819
2.475432014603
2.990621007520
2.102571367461
2.876135498850
2.713740424971
2.677265734586
2.840301402730
3.055425431245
2.744751433130
2.813380124738
2.313066402918
2.603666316581
2.893873043206
2.624091698744
2.503460188092
3.252900738357
3.130679219491
2.749719806257
2.705530059957
3.064400671078
2.408166760575
3.090669828902
3.026119396643
3.010682916365
3.022303167482
2.672532445699
3.013344445230
3.078355682357
2.603272428025
2.933342764467
3.167537861568
2.862200249191
2.795185737433
2.886602542227
2.398077905478
2.950604785092
2.819937798269
2.824863411680
2.807539401113
2.986053917238
2.859140727355
3.022053509400
2.833639018760
3.195219972280
2.420659707115
2.482387355901
2.925858678554
2.696967066333
2.510083376964
2.727771101198
2.520184335222
2.704443416166
2.784234869575
2.038232164169
2.680418356638
2.776449644474
2.617710070092
2.858652586153
3.057778518535
3.120246907946
3.033040536419
2.678793578669
2.885939162192
2.917803625278
2.948622511095
2.722524223707
2.605746741743
2.594671908435
2.619915762745
2.584866632354
2.613076525796
2.868093620030
2.735175962521
2.774608885811
2.429857215719
2.429055564705
2.709078166529
2.794682879653
3.083888782368
2.639148899309
3.097015070707
2.798011008326
2.147521345785
2.950491288141
3.012928047141
2.766058541329
3.116093082475
2.786686208398
3.090132701354
2.742251703601
2.950007372888
2.536253866575
3.302301824845
2.678890702517
2.439805180142
3.245623492970
2.970534661149
3.266686766422
2.782846427801
2.742947653882
3.107403879183
2.919139130194
2.470800095060
2.795110036613
2.329439615313
2.361609257092
2.666058884380
2.648933794879
2.841996886107
3.010186704168
3.066277373032
3.154652496323
2.546525500026
2.514069508415
3.144911986114
3.083408804142
2.401826460364
2.704960220577
2.718831745439
3.177963158823
2.234425128041
2.817836079232
2.774005923624
2.851045734522
2.769820310808
2.094448213197
3.142596110432
3.207351525626
3.083650215651
2.400584133362
2.423303773950
2.652176215724
2.805565312252
2.218619231276
2.999993970967
2.574325361864
2.570788296373
2.673502725709
2.462496725639
3.001116131935
2.784885274880
2.538442755387
2.638761674051
2.683830057969
2.421218369712
2.812492727874
2.734754235820
2.585788571162
2.485940261439
2.801446342065
2.934913897409
3.074967838373
2.732794409658
2.097622179803
2.631031856419
2.726195108572
1.869128362302
2.685544755271
2.826787452166
2.886556944187
2.755168263963
2.503408856189
2.616197907492
2.922498189388
2.560073845481
2.714386658404
2.549452506255
2.935448682793
2.774408094657
2.156360019053
2.603053875695
2.375026083315
2.337327860052
2.482086747003
3.093932641315
2.966071946800
2.796254224693
2.770325472425
3.187458258412
2.482447376705
2.983982822316
2.786047509796
3.074568450547
2.022772535697
2.594165416024
2.434094158452
2.783219697456
3.260780008824
2.524575447502
2.948526978588
2.857722624354
2.046813179047
2.947486029221
2.915095681513
2.689498668634
3.132471754473
2.828688814885
2.904752595041
2.571943417336
2.605892948476
3.093089726804
3.043237742778
2.953071520795
2.729451134739
2.857443556801
2.389961792982
2.706644575337
2.765709163230
3.174410509272
2.675157163151
2.609361972588
2.705157992163
2.708038223865
3.152445282065
2.673327836273
2.717587822477
2.919732529784
2.573367149515
2.896259166427
2.793158856866
2.517065602728
2.040389863383
2.143190713166
2.688943915610
3.193615580540
2.703171120897
2.562963799084
2.582659336537
2.437034088955
2.705066849606
3.130111196524
2.620044597499
2.783235193491
2.359183017773
2.824867653363
2.640413650921
2.809833200138
3.064957836321
2.781097371784
2.735388952812
3.054324872124
2.942973801919
3.083039946874
2.767026111425
2.438340812097
2.577359181319
2.312437048001
3.028120648671
2.748747254495
2.395302841356
2.585714936773
2.893415522064
2.988683138575
2.763861806746
2.210038794064
2.666525766106
2.484224280689
3.098583017686
3.097890427040
3.030917177927
2.549748625103
2.733245331108
2.851382890443
2.916331175936
3.205770593519
3.005782926499
2.806529747432
2.290791160767
2.665369859533
2.856942634169
2.980268612056
3.197223767822
3.245880205810
3.000590498242
2.946550319553
3.346975468315
2.655813034351
2.691753989386
3.015024339970
2.570427854307
2.477388814324
2.898664634487
2.706693088485
3.014415272729
2.712732918735
2.647380617613
2.659595692382
2.970606465766
2.143391077346
2.735446297077
2.234733593279
2.660686770184
2.613037565670
2.673108527045
3.210983064822
2.684795550866
2.796399906463
2.806498834895
2.776418606992
2.835037546895
2.902124204356
2.479241519634
2.865618792976
3.265299841931
2.321364075902
2.491914637950
2.784788950287
2.935730318308
3.150191274486
3.028780021597
2.637783921843
2.452217259928
2.767137172978
2.988370256138
2.593360181291
3.112596801827
2.281877252310
2.875780457575
3.011447852103
3.072620298289
1.551122600032
2.855073972995
2.905456274504
2.902649780806
2.916485124382
3.118357141173
2.777170369362
3.246299225238
3.067406097711
3.003854733594
2.770716521392
2.980107414270
2.621408266953
2.783516543672
2.981765617361
2.603943835155
2.583700762332
2.367813325045
2.315649363534
2.622402540697
3.203236741460
2.863204590746
2.909512920138
2.730655290608
3.143043837355
2.585513676843
2.513317593579
2.612477241158
2.987503764642
2.733071292489
3.141187326380
2.984063871006
2.972024509018
2.563701531468
3.025772044353
2.715133942241
2.500215792356
2.801739865131
2.989324497787
2.693477110967
3.004444314844
2.646836458257
3.241448581202
2.605347140392
2.715305135998
2.979346972250
3.136721552334
2.981157218295
2.747954524288
2.518078018591
3.090780317843
2.815666470107
2.575118513953
2.540877309797
3.026257457365
2.728242510555
2.497807261231
2.075776255582
2.636145297805
2.887302758318
2.809651088559
2.597009225201
2.797017483592
2.835900656423
3.021419906499
2.658336638974
3.235068935568
3.027557872435
2.700571614268
2.732644874130
2.468308933152
2.762301185073
2.554821443192
2.770667074935
2.521854612542
2.781620951518
2.762517345501
2.748920154235
2.532204573705
3.135214942991
2.944788051389
2.474722083794
2.914355737202
3.125428276652
2.679478546053
2.882638260009
2.860583780331
3.257887969556
2.865192603404
2.979065043495
2.671795333625
2.819149364470
2.987326744680
2.785066029474
3.061000679451
2.531210015075
3.080968272657
2.349240603917
2.595868715425
2.967443050745
2.544530224219
2.772958114646
2.239473791087
2.558434024717
2.798180440408
2.856867631187
3.036498266770
2.300879371560
2.845744734152
2.435172532426
2.949648304517
3.105171043800
2.698444304138
2.604526935722
2.176884763243
2.635601932453
3.153861521236
3.257499660658
2.078263083910
2.518774055202
2.373945446148
2.405557375300
2.747463127742
2.506511462417
3.126832257938
2.475888251594
2.795872062265
2.429598140955
2.801469111771
2.642921173630
2.722372949648
3.062224089678
2.973060585834
3.045379621873
2.887889349054
3.178819178545
2.259475249663
3.010319996413
3.044350127287
2.951696270269
2.768005351806
2.754004052153
2.654023585424
2.414479378452
3.100395072062
2.671533275987
2.949188041555
2.411614960933
2.441058304558
2.763449682962
2.827632215800
2.796485505848
2.652368151211
2.971865890929
2.255474121727
2.667129429525
2.999098612570
3.260052673934
2.956654210438
3.043102760789
2.909955597568
2.680823327822
2.691902167483
3.077065496766
2.532970854900
2.875738890703
2.228214919559
2.852278632369
2.762437747466
2.600022939915
3.178327044667
3.268353651197
2.800572200834
3.213787749199
3.198859844100
3.147976168602
2.583108740466
2.677645355683
3.055549266984
3.092028122101
2.783432533521
2.816855229795
2.603238875608
3.137450097940
2.858243184796
2.331816178438
2.800718866438
2.628758005658
2.931302052866
2.673738673311
2.784960621368
2.541966701096
3.017872741954
2.858186871605
2.863839520234
2.526284038733
3.118913475988
2.969491050405
3.007331448890
2.841284370283
2.983426938394
2.499141605479
3.295438629585
3.207359278867
2.822950515554
3.086411284005
2.542871634126
2.512141387391
2.737205669203
3.048456590752
2.519290933533
3.211148070390
2.841829572302
2.580818569211
2.716595777712
2.426628137419
3.071694063341
2.761507467983
2.774940791435
2.483233246010
3.100418571532
3.094372940648
2.299840957399
1.944335640444
2.503422487138
3.050267016184
2.252328602756
2.938836185314
2.742607135516
2.911857952973
2.438554494704
2.809079223510
3.049523049685
3.010903911333
2.758989688680
3.209474152980
2.585178796589
3.185591390456
3.209208147656
2.884190891982
3.073419648965
2.748866595958
2.974306591422
2.061814987804
2.591201204435
2.952554154298
3.270767998593
2.847529008105
2.864631750149
2.880865071785
2.990179158356
2.325699907075
3.205547414775
2.813750358943
2.340891877939
2.561837143618
2.781669646862
2.897261564423
2.333420299698
3.282141885694
2.502883414699
2.878973570388
2.731685268810
2.720309147191
2.831812802093
2.578365681312
2.559698823632
2.538764936242
2.583053452332
2.909644346583
2.772428127808
2.356179313086
2.606764938925
2.204319357786
2.844701519751
3.047027858818
2.673833782046
2.203244784155
2.778499472325
2.833445582383
2.785112342309
2.601095079775
2.396323804260
2.952915278338
2.515877914326
3.110939634269
2.832654412407
3.050123979209
2.638566137255
2.796404510530
2.449864530324
3.084471649643
2.833005245428
2.762757570532
2.830874605474
2.727463679297
2.518655204277
2.895276144238
2.834133847829
3.302389430135
3.257770690514
2.920165564187
2.855273275899
3.062171303294
2.468024824993
2.651852341780
2.598916762818
3.218059881637
2.844352628086
2.605564731648
2.767171891293
2.625540822889
2.981568084452
3.016177277473
2.858648298451
2.858413997354
2.189306216513
2.791547918527
2.784420550408
2.484083729744
3.050545193503
2.846711012210
3.000975126355
2.870517443591
2.593475328141
3.002742053695
3.179458982640
3.216759871316
2.181799404781
3.136588811385
3.023601164775
2.899118473564
2.874632918221
2.762983362542
2.731754280528
3.303460148583
2.283437027988
2.859872169585
3.152627508849
2.482407042004
2.779335882296
2.540404910362
2.733348185903
3.267008937861
2.160665072195
2.960759465996
2.918830382715
2.250743084644
3.102315071518
2.685370912300
2.924752005513
3.113169124427
2.740308508428
3.193340933235
2.513884401036
2.837579888635
2.931865160313
2.449070650006
2.807788235659
2.696421404160
2.169748620176
2.883679440028
2.395074754594
2.764338379716
2.869395184260
2.419738669219
3.070492766872
2.378528668881
2.599728144609
2.757168528933
2.995011445865
2.778792704966
3.164479614262
3.011668253199
2.795903863989
2.699328673720
3.174198124533
3.046169206117
2.278336539560
2.485548088597
2.556779740437
2.176805744100
2.970540507667
2.917576372976
2.278477295419
2.960727453103
2.941825722656
2.910166904228
2.715442054743
2.861934778112
2.634898977863
2.907944702908
2.317341749498
2.843339432785
2.997098410495
2.569036567925
2.632924634802
2.125082161915
3.094122463549
2.633331827912
2.607344245541
2.249699677570
2.550195598962
2.845486416502
3.038101182559
2.863205797903
2.369072304286
2.778599632711
2.583863917128
2.652211549997
2.809506130501
3.031812973670
2.599471262235
2.889762662412
2.429173579279
3.219972306740
3.178145534072
2.720314037012
2.326998914997
2.878432849017
3.085393509257
2.660986145940
2.879849760551
2.767095604613
2.451865108749
2.969034011242
2.544605537290
2.530950724618
3.005648711222
2.982277970284
3.177509893190
2.948469506761
2.705453215724
2.829701773277
2.738320265576
2.028419164179
2.862477945870
2.501064350559
3.179786741553
2.794983751976
3.117127573279
3.248862169705
3.096473988186
3.026351521613
2.781065806821
2.939245398902
2.342011774122
2.308003019715
2.811827845244
2.842318571961
3.278079406082
3.067818132022
2.564099586880
2.979342986751
3.252775054624
2.964135067420
2.480062188268
3.216442124058
3.156979604636
2.843444441413
2.647311968389
2.628333700922
3.104492713601
2.979458452836
2.090175151168
2.847406489804
2.821947811668
2.404779025751
2.906131363942
2.727163597845
3.028617331416
3.123517705810
2.913737265751
2.665540615392
2.762512142566
2.832999882469
3.240327419518
2.288757234930
2.815162918161
2.773220625891
2.510251180754
2.725707851261
2.431024029385
2.770587368708
2.869588617119
2.564091305223
3.089493936473
2.608797108344
2.763128058635
2.283207944606
2.708071072291
2.379058332269
2.825214928047
2.968914656418
3.036208201820
2.689273618236
2.559177864615
2.884433553924
2.352726214171
2.997265507143
2.970221857647
2.592770020365
2.846108805825
2.930550011003
2.627398173695
2.736395128176
2.575546369191
2.937824002610
2.411696958844
2.258893602522
3.146024072501
3.004156494234
3.098596252908
2.927056773306
2.746460395716
3.016458840270
2.704765692112
2.641171624027
2.753344701640
2.411668543107
2.630313546894
3.060354546576
2.587945566222
2.824447997538
3.237501004392
2.949949573679
3.023827703035
2.891809264587
2.955633305671
2.909004641194
3.209750455209
2.484747862859
2.915782555208
2.900010217642
2.517916602430
2.837287198685
2.856813175843
2.657718394478
2.874497176952
2.788869729537
2.583828518551
2.843076281220
2.835357439198
2.719600162024
2.920640504837
2.390913665240
2.822875427838
3.068631887497
2.982726668294
2.845496089372
2.946516409548
2.729910133020
2.595914532965
2.646229064660
3.034634960248
2.377037730630
2.980433161867
2.832628446430
2.974703883061
2.721946914901
3.136649679528
2.708400005243
2.598250344606
2.245964985756
2.581521972221
3.133103445477
3.293120772923
2.784207111450
2.595944166751
2.488501712883
2.602795638613
3.022679145891
2.692834251075
2.924887251867
2.801014479206
3.003688597194
2.970518007422
2.999372162726
2.727361491183
2.996587287395
2.883373340070
3.302988720711
2.938974814085
2.939738253734
2.727226272501
2.454115603579
2.177043903221
2.569667263425
2.843277285897
2.298310326236
2.833537576059
3.036372089999
2.580646336854
2.748196896235
2.716099222373
2.754357828344
2.524872281964
3.029070061264
2.774457170408
3.105002905380
2.918525229595
3.067924427808
3.091032866039
2.434413809752
3.077350362103
2.464068174371
3.206365103636
3.186513081939
2.830139195414
2.650143445610
2.922175279655
3.131721010974
2.695680051507
2.484850288449
2.975625038413
3.311561932218
2.770454732688
2.700084492648
2.694667615547
2.839903898535
2.575186932896
2.640095298787
2.983289860379
2.458715156752
2.930657185074
2.468426445228
2.890231422493
2.276814092006
3.170322833358
2.812175638527
2.734572164016
2.788758744888
2.468083389278
2.371402012743
2.929315224753
2.754971755270
2.448992865928
3.254785730632
3.181795180687
2.550801888873
2.900926552195
2.596854925963
2.799650401218
2.093697885662
2.976824146124
2.749662769464
2.507929379220
2.666468680844
2.274968663697
2.970372505630
2.952769310460
2.673270911716
2.840070560684
2.727188737457
2.637453687522
2.257049151306
2.584523299828
3.286476662488
2.594917658874
2.455667759548
2.770504715307
3.278268583259
2.985245412876
2.781222867661
2.818885961805
1.957854445664
2.724676150863
3.143067541226
2.354735675120
2.592281557768
2.757414065073
2.798470315082
3.124883877721
2.619332206862
2.564795740124
3.021870509787
2.612403638520
2.986958099204
3.221235434994
3.004654887963
2.892821393197
3.136890817681
2.813725488967
2.925608567727
2.667983514386
3.015378874032
2.572631117338
3.131865341860
2.890526913209
3.018567070460
3.187565747513
2.811616676277
2.489236747250
2.511825534494
2.827787169359
2.872694601554
2.777024350764
2.986553556880
2.605920717585
2.491794419169
2.538071989016
3.097936724457
3.313813111471
2.348283691011
2.641701510357
2.688949943324
3.105216607574
2.777968834342
2.940369685527
2.636752026286
2.958777871456
2.250958654961
3.035964307645
2.798308647802
2.632673772166
2.677856791088
2.789627362438
3.012910562539
2.444688882082
2.482202510612
3.097346797640
2.891909740149
2.467330402944
2.955415954362
3.149525191218
2.462526070872
2.175435393304
2.367756789061
1.918992184259
2.952154634246
2.974938167286
2.832879995636
2.801853188943
2.646771681762
2.827885965523
3.125980546571
3.110075942668
3.051813664461
3.112686105960
2.674453921705
2.843096351028
2.911779328090
2.855988357317
2.893550742613
2.909692502824
2.623933927534
2.972783704384
2.312044597218
2.636846440277
3.025923276589
2.755407230605
2.792751864477
2.839917933280
2.881106964073
2.813483351757
2.645806405832
3.021012624416
2.948636461699
2.885606110944
2.359134689584
2.464969552090
2.677865403251
3.037067548668
2.771404593491
2.771903062092
2.567972287919
2.820907005133
3.024461149929
2.716371320017
3.234126330752
2.478961377444
3.104546200561
2.785031821118
2.807615858141
2.489025825331
2.680104194049
2.825119182804
2.933555018829
3.260965005441
3.183029892549
2.591733653209
2.822235362193
3.011915894826
1.910818478759
1.975925941373
3.171155714017
2.743486900036
3.121469601491
2.625719733314
2.687720034767
2.071316993317
2.699227632146
3.074399757683
2.831181427651
3.191802220770
2.941449508505
2.802242830026
2.902514906351
2.818120363742
2.886557823266
3.043615200618
3.263653479219
3.293027196606
2.819051277495
2.495305661465
3.057893193941
3.112524324482
2.771668648676
3.139289698926
2.605569030914
3.026534662854
2.652330330427
2.718057353108
3.068230945279
2.885805424073
2.247545919878
2.869084268468
2.332724456793
2.580639545422
2.851149851831
2.622373842954
2.816596197227
2.958056149391
3.110817893564
2.715374510941
2.914255017562
3.318183765629
2.538555663702
2.812365121355
2.878884138588
2.412561056733
2.101462702654
2.883590213863
3.132301413910
2.849989821681
2.983072421173
2.314064398588
2.517155024859
2.626619276349
2.639863174746
3.077117078365
2.767868632531
3.056343658413
2.020659566507
2.934167229170
3.227737178330
3.337118648307
2.808317675440
2.790294848117
2.367143721447
3.051456041255
2.193228196224
3.043745819541
2.869968922918
2.649311043168
2.709272712030
3.039387437539
2.669724394506
2.631209800642
2.963645990691
2.739057011275
2.704385940363
2.597501500935
3.178472265855
2.868157587131
2.799700880405
2.799301336295
2.974641703546
2.267763664059
2.562675714237
2.940331137726
2.604758557218
2.322988316618
2.885657915227
3.098644596777
2.977886961125
2.941545408340
2.725310314230
2.538998058706
2.921640937382
2.848816169589
2.771182963358
2.762620227087
2.343248025362
2.921761595196
3.179479600661
2.758538039436
2.520748760857
2.769213393273
2.593031665203
2.972292093393
2.892686766772
2.847855907723
2.666836165629
2.534058392313
2.821482075609
2.631563439302
2.877035445200
3.240595340114
2.635600584898
2.420439257779
2.873616040244
3.011755727841
3.145243407541
2.908405267687
2.548488346445
2.918751220698
2.257366849268
2.857987634447
3.008718322186
2.937150281018
3.202275004281
2.874927347845
2.469261969479
2.897745263469
2.812152493130
2.809635353192
2.127513228004
2.992685940865
2.572857876657
2.300933797135
3.112912754402
2.475292330672
2.919162863978
2.807956699820
2.936115735523
3.099913537418
2.861627441608
3.089127218135
2.654968049120
3.095850620399
3.208906373389
2.616606719333
2.953217720962
2.622648242906
2.843001906279
2.912583480147
2.727781613134
3.109679401674
3.020420615937
3.228601831374
2.998183356148
3.015388763406
2.590155359909
2.578192756010
2.780945681807
3.011539888567
3.026854003611
2.726414847954
2.292652022052
2.897777237413
2.466868551524
2.441256477292
2.583653941018
3.082347141864
3.087355965270
2.650732181318
1.883873176579
2.028687620450
2.377449684938
2.948265817821
2.781225455348
2.287014151089
3.170375291492
2.715357649641
2.582771316980
2.773500365439
3.182765411195
3.260473999784
2.701570435014
2.692070109761
2.788259672906
3.149303300008
2.183342807684
2.528271120550
2.549969458003
3.267748738228
1.818309725315
2.467801417457
2.900768567370
2.744570230402
2.429397084489
3.118466425381
3.037320927507
2.566340054113
3.320207934192
3.135583192790
2.553911671169
3.269960393096
2.943496755757
2.343757022618
3.148789409970
2.723805832488
2.979836217226
2.784477584569
2.858316798286
3.115008308218
2.945208600652
2.992143477638
2.822820229678
2.651587068972
2.765895552662
3.074253821910
2.621722029351
2.513135073584
2.872266654943
2.964437386780
3.000936107976
2.867127925114
2.899041007626
2.660100144642
3.292588186743
3.081424606327
2.658506814285
3.046393158578
2.788081590642
3.153530341818
2.782682066679
2.365848056909
2.697789093427
2.277674578977
2.859047939853
2.801643414165
2.631239657909
2.857486422140
3.108552837523
2.771187528488
2.816671821114
2.845203095472
2.426081172832
2.530120027783
2.746461246063
3.140447445939
3.229029224230
3.221508725589
3.150746960085
2.800861842419
2.337740308038
2.767101278783
3.103723707654
2.155305049485
2.822945094945
2.991527130663
2.942299047579
3.245223726554
2.877672241393
2.830152887440
2.596346035611
2.395997157890
2.770596583822
2.734659284886
2.691531779806
2.820276542286
2.726977237702
2.620347322198
2.840666204185
2.895036438916
3.075460402735
2.600062979029
3.215614628867
3.034752483144
2.848902960524
2.793588986910
2.099970495585
3.116894317505
2.853632382949
3.322996084422
2.763901100823
2.662498942313
2.397829961552
3.155816031462
2.462710120911
2.823582223316
2.713172143356
2.329788049156
2.822087427599
2.984936689864
2.754922594011
2.901761994201
2.901348458798
2.648576866572
2.471104850475
2.463165967580
2.378263133151
2.514432654301
3.040509267807
2.794888839635
3.242139510692
2.893969798339
3.001745039261
2.839325923233
2.760863414982
3.111688296078
2.609239175173
2.485531549306
2.960869411307
3.261156794421
3.205520711611
3.205454882459
2.654488617968
3.103670925171
2.388635174830
2.852710307580
2.636347321686
2.839151080848
3.027271234846
2.770716317619
2.547358954580
2.741777735560
2.900805603974
2.739528314339
2.709477358987
2.822539061166
2.136332577610
3.272567698272
2.608570613168
2.906728754815
1.772655221394
2.853107686289
2.522103863798
2.245098875272
2.482175961149
2.083254466553
2.715839444245
2.332278646744
2.831566246196
3.050939415216
2.613730831123
2.470038789476
2.697574336364
2.896547875202
3.053636384415
2.939078783632
2.793630203959
2.714072928897
2.700818166063
2.476348126453
2.931727459134
3.066955734571
3.072604514984
2.608108049276
2.808579776398
2.879272567318
3.146683183303
3.043339908310
2.772011846912
3.103438499908
2.758043077134
3.043507306227
3.028014331805
2.377319385756
2.866122215696
3.050108257282
2.758276645780
2.918724345849
3.344067890348
2.371696830558
3.153870271385
2.588448607482
2.793838174952
3.290494694102
2.889831489290
2.539776800294
2.656812118344
2.957890701108
2.734962906042
2.643703426586
3.126166452875
2.825610542276
2.663462558222
2.100118867076
2.696220750166
2.749115552395
3.164736785680
2.582434212669
2.895057363148
2.790005807042
2.752640680550
2.531426473093
2.487804367941
3.120232819153
2.989015572521
3.014481886488
2.810662168432
3.075089377840
2.865292222979
2.872688600723
2.293514225545
2.579387708040
2.372359604075
2.924005528761
2.886726641753
3.141375740393
3.154110899296
2.976899014065
2.768450714899
2.653146197746
2.468053023399
2.400237857865
2.862934075121
2.576517151566
3.014530429902
3.215911808086
2.845121527199
2.797463580299
3.159394835506
2.825057737532
2.429578221422
3.028575259577
3.188389287845
2.612649601424
2.750775806432
2.696864493584
2.681586101901
2.464467604666
2.793567174927
2.994695403055
3.243421037172
2.869854387123
2.132585743934
2.457842779424
2.673241590672
2.912801220777
2.712910882315
2.444838692187
2.712980831845
2.816974203150
3.198095941665
2.533504325128
2.764305378028
2.796244742709
2.684096401974
2.980600437394
2.609782084960
2.178986748807
2.514005352650
2.060495092884
3.077183502079
2.139381050253
2.952473959710
3.270334812753
2.839530605542
2.849173575770
3.201484354736
2.509948699703
2.590497628470
2.471098584210
3.201442535698
2.657096351603
2.435799349991
3.285299179563
2.612086675265
2.487512123819
2.796269662386
3.063369309824
2.712507046580
3.118287029846
2.257916716828
3.139805854747
2.937546338229
2.459896143964
2.797586748557
3.209956580043
2.861894554670
2.957978993808
2.827264243386
2.554648288408
2.858905609630
2.511519196375
2.843453628402
2.103785665616
2.827625164274
2.969497318137
2.770268009909
3.309411084387
2.952806603956
2.710248745820
1.916318204229
2.842620571907
2.429780358229
3.316982702977
3.090296253763
3.159484082258
2.560998399243
2.957674125137
2.313792848029
2.618468085422
2.784103976401
3.085033142262
2.555751324970
2.439449136725
3.006158924753
3.213363373773
2.908823239639
3.079630805801
2.454204225193
2.601893290848
3.253161588559
3.068901128299
2.563212765887
2.979171329335
2.962494799620
3.011829335760
2.723089541514
2.798353778590
3.158899389914
3.263497344273
3.035005915746
2.601551269482
3.011980817708
3.089086753702
2.603406447920
2.537293256385
2.231280124370
2.556910556264
2.963700735139
3.010402115791
3.010677089069
2.760539488170
2.944271448977
2.421792548854
2.602809719295
2.608704032579
3.109297189026
2.416931625128
2.776809560751
2.566382385668
3.222910327416
2.934322189233
2.829791029839
2.698865636490
2.958234406969
2.446945878091
2.934340948628
2.799459549673
2.556122995490
2.806800473012
2.672799522114
2.945695002959
2.405189661946
2.851352777686
2.350032134502
2.741768404276
2.646619274841
3.055060368493
2.942402994936
2.980474369016
2.030681391949
3.023212499938
2.611565531187
3.130557162304
2.404162481289
2.753934943658
2.959613033140
3.138194036629
2.394726603190
2.730747220801
2.240021382913
3.094226305319
2.959316726661
2.606646911334
2.891713384210
2.671378529458
2.732155709029
2.693444016314
2.773188119073
2.834758590294
2.829289746742
2.913374368630
2.629852129366
3.216810277202
2.938318072768
2.987068417163
2.683431699389
2.674396204639
3.104630995420
3.239176371503
3.163635714654
2.667133786623
3.065050257531
2.666424095122
2.595313662869
2.964927394859
2.543235001114
2.901125940641
2.762202826565
2.938395227710
2.837050517107
2.273007806758
3.033892587648
2.762727140472
2.995632161908
2.823962777816
3.095804090268
3.281380855825
2.437180013329
2.585956573414
2.576295379411
3.018681826683
2.129227265264
3.078978777365
2.903749136895
2.870088658667
2.495317420221
2.872461808387
3.050975904148
3.048300010892
2.870991178344
2.546822007748
2.733608105452
2.988850313370
2.716460785852
2.749670591601
2.571618896263
2.804796328020
2.696599790584
2.905864175033
2.790572224466
2.019294595932
3.225057464172
2.252697771898
2.786005984693
2.979658767360
2.724503612069
2.651756514832
2.743339655123
2.818866474181
2.958051200400
2.926745697112
2.932524379556
2.736074037983
2.535897538924
2.609899125101
2.614873356410
2.818613340660
2.424277288267
2.667381014674
2.547951600229
2.466789256090
2.297798634821
2.843982764859
3.224469690587
2.574246465255
2.378391698767
3.004922209405
2.554689960413
2.561523870122
2.531289257143
2.673486287529
2.981066140385
2.969406975325
2.222683348942
1.859388500756
2.229126607170
2.540982530661
3.172643017640
3.003008135451
3.179663501370
2.675712645213
2.745872394030
2.869332778322
3.163958719669
2.676514283074
2.405664821089
3.214712360476
3.332256480211
2.768452840621
2.990073813640
3.035462656023
2.606602396470
2.932846373962
2.666987257512
2.583347253811
2.707600945892
2.711678642956
3.185546507069
2.158740202935
2.702926907742
2.909107021747
2.337633670405
2.502564644595
2.648290417065
2.992794923252
2.240372792101
3.207945870234
2.490691571245
2.854504397906
2.427018940382
2.932027522148
2.752678788317
2.845588134804
2.540243213944
2.803773780911
2.353191776555
3.267148083339
2.815672746081
2.779478413160
2.679705489667
2.861844280505
3.121129694952
2.782502070894
2.546215275011
2.424107574081
2.554221034630
3.071464647726
3.000342444550
3.105588731440
2.982427158078
2.870599327394
3.114052744728
2.883651066067
2.910156567888
2.624227308544
2.861068241090
3.009947687747
3.203769033910
2.701476896375
2.024694415736
2.609180571259
2.412005205817
2.979270001359
2.871954662408
1.984391131118
2.427660332660
2.552304730169
2.892293876914
3.192922925518
2.821463485477
2.329427844488
2.701926505097
2.948156731017
2.602283161480
2.388806086025
2.733932382655
2.315241190553
2.791485858191
2.764618194152
2.666205159308
2.257461809557
3.045249296769
2.540596223295
2.648686710772
2.806555306462
2.744695803574
2.791745357424
2.799439486110
2.967385194224
3.062660867746
2.429383491601
2.929564198752
3.054120591992
2.874343884372
3.045826912879
3.002547783317
2.208507386000
2.881036696055
2.808817102507
2.846934429500
2.808210068812
2.879489317125
2.823541692027
2.789515594369
2.924927184572
2.686364771730
2.978558698044
3.112149374231
2.324893740959
2.355546790168
2.928470787039
2.548576983597
2.870960296960
2.284996483025
2.841955496521
2.489447206170
2.999333586787
2.661838680628
2.638896129147
2.847683760897
2.980707450441
2.920230543130
2.778938398368
2.737686559794
2.604842564642
2.907693310946
2.475301594787
2.854410135073
2.644242353250
3.242371787625
2.572595518482
2.694843510947
2.657891500134
3.087482819995
2.834911660050
3.194973550237
2.775606888455
2.914890234034
2.739460577185
2.829161922420
3.228249012706
2.455052672136
2.836752122757
2.856182692759
2.984364875050
2.985130929193
3.055405800851
2.869097798623
2.462423629924
2.817943391182
2.625629002416
2.933754852191
2.632287803576
2.827596396267
2.555474822493
2.657108886135
2.981820122506
2.642161770337
2.501144476019
2.841465064174
2.812557208685
2.982381931222
3.059760033110
3.082284220415
2.476998142057
2.632532647126
2.670729059397
2.806595169519
2.661912612539
2.374490361690
2.201571020459
2.658144550849
2.854268133312
2.749707709646
3.102164769336
2.710461228306
3.330507468601
2.914705577193
2.897601162626
2.904733596399
2.405697213761
3.089169176124
3.109895589670
2.473396272702
2.939887847712
3.268656093586
2.693296249317
3.100701957964
2.948622552590
2.404740631755
3.001161534412
2.550518099002
2.924233871105
3.071321989160
3.168827242255
2.612718054783
2.312919364112
2.805001983198
2.631221507177
2.954374146509
2.537285756913
2.725867663432
2.303352948966
2.579567206227
2.763450884381
2.844535484138
2.474029878187
2.709183023994
2.663025569467
3.192816342336
3.000396594399
2.989018831969
2.832935187944
3.065063292132
2.964363409890
2.391292881879
2.469721871671
2.416024654973
3.119186935438
2.137033225552
3.039300887041
2.742363221151
2.971438165810
2.651761397163
2.777415606884
2.585034646066
2.860177832797
3.168842453960
3.026239374500
2.529398503722
2.777437565900
3.261950212168
2.969212046963
2.686531559010
2.554979804958
2.349809808145
3.238606219719
3.006726919929
3.004744427190
2.259177778642
2.342354979484
2.941728630088
3.036889332285
3.279847454341
2.749650055236
2.663410319803
3.020438703850
2.991857658601
3.248632419661
2.562576496924
3.225733090201
2.910273589858
2.306270600372
2.586973826702
2.710762213281
3.039276848806
3.036694618209
1.834363012551
2.683737966235
2.311902759795
2.976634429726
3.153847843969
2.988232083394
2.990576651945
2.687579763334
2.530451751944
3.157840947447
2.748872642544
2.863340802777
3.138775843472
2.494487397110
2.359583823976
3.204999656014
3.039955595200
2.438470131104
2.917228637378
2.546826890288
2.554659227311
2.844973576046
3.021136525869
2.679916282724
2.531030620294
2.477501128987
3.037116745918
2.563594368946
2.803317232754
3.067219090467
3.157748730848
2.823121592275
3.127129258796
2.378353915662
2.888019912468
2.513947368434
2.890140131551
2.480010245709
3.024641011682
2.710690363473
3.273980677609
2.522106021810
2.466976645483
2.757880686266
2.711294544518
3.030256035412
2.738724686938
3.033397017237
2.712332205170
2.621938682774
2.816774473960
3.116725151666
3.053140653494
2.931180613854
2.641997290564
3.135136471029
2.757002631983
2.442712183298
2.475099441090
2.908924167104
2.391194573774
2.910901150141
2.868895332837
3.041217220988
3.166147885252
2.893006692684
2.780957104510
2.685148731615
2.422183108253
3.183843208313
3.005216093700
3.295496450393
2.386720118311
2.386466622001
3.026057954666
2.661581825513
2.488897531321
3.042259275678
3.039233927354
2.853315055847
3.187326413968
2.764583334977
3.062337941024
3.026426499022
2.924427515175
2.366926672290
3.282945715802
2.928418282561
2.831843483319
2.465869354845
2.951766950406
2.917775634119
2.721872972796
2.618855177405
2.367456864730
2.873381378923
2.860146710156
2.371670699361
2.582233481942
3.100874042403
2.581533070515
2.801908172923
2.888854405060
2.334803880194
2.879198071418
3.245155868035
2.474224411128
2.361961068276
2.571723180123
2.951523097815
2.534223907417
2.071071116740
2.323855358679
2.996522260697
3.115065916405
2.087367299386
2.966499794643
2.872094976370
2.863962592699
2.341520467857
2.817776294328
3.089480342083
2.600349012231
2.880423725874
2.472646765304
2.363690621569
2.016592393320
3.016431011792
2.553356828753
2.985487989604
2.668928371828
2.811426885137
2.731889968992
3.197542945346
2.788053447699
2.730953700306
2.688607386166
2.751806537589
3.095158549988
2.865982598244
2.606783980217
2.728736809576
2.692895161850
2.485529539587
2.382552036708
2.866700926191
2.934694745732
2.196909331349
2.354891026363
3.122642742446
2.900931752439
2.735673680685
2.371909840453
2.854189284422
2.818567120155
2.962613435079
2.580538249466
2.514658320999
2.708573403771
2.677187774327
2.549016186598
2.888132029267
2.600444805010
2.862954787166
2.321719304641
2.861900913244
2.426707474296
2.815750210707
2.956176002541
2.915726789765
2.674033090333
3.111002675501
3.096608666878
2.283357520571
2.433235591854
2.447041167541
2.972759396814
3.181975763876
2.421988764924
2.886456150666
2.929799298764
3.052411013752
2.425319078500
2.592627843311
2.739920949295
2.718114703308
2.885804222814
2.747273390914
3.127130908908
3.083186500498
2.907640717042
3.035909660314
3.066189368301
2.412102481256
2.902484823549
2.775911011803
2.876213154841
2.660700904228
2.883551951824
2.989830568519
2.473540211308
2.808410502579
2.468183807331
2.943513414496
2.175563651367
2.944057005855
2.924816631327
2.633758290035
2.748743438925
2.558503752029
2.573597166520
2.942220509992
3.171609942773
2.795922047899
2.805174604884
2.844975296642
2.433364529189
2.775655743484
2.846129547490
2.743619698000
2.628146892056
3.256629392273
2.596228952613
2.393267101550
3.198063866399
2.470591656299
3.068435227723
2.898477043103
3.000088460850
2.947429195214
2.878350558097
2.818422262832
2.840218953729
2.291428629830
2.924591194321
2.792885681642
3.019543279906
2.847731684132
2.945293133033
2.784990815895
2.582922872810
3.264344599740
2.778169000551
2.597355057486
3.034678879484
2.830645486652
2.887918354728
2.716924645308
3.103243029854
2.642158595756
3.180146094177
2.964018812989
2.370083930945
2.882428487170
2.202403762797
3.193031093014
2.227410868509
2.816620139106
2.465013233138
3.253035971283
3.078299742232
2.288359248536
2.397543505241
2.638786702173
2.654828565447
2.776941673910
2.629249648095
2.792767636547
2.606338293873
2.408265713068
2.750575131221
2.148898461799
3.100428224739
2.706972421477
3.062815820823
2.709878735585
2.916628951868
2.925826061333
2.612136781177
2.703345915272
2.797083933200
2.398623035104
2.843890322586
2.800197088910
2.786086419748
2.970251997060
2.297767218955
2.230643864401
2.926903814055
2.794215904639
2.344577315865
2.537773946071
3.111207948557
2.871940285130
3.121972086181
2.995887411917
3.074540829008
3.180798651249
2.810642200742
2.727794119861
2.814695250658
3.187432302382
2.981118085252
2.724235543872
2.819572378411
2.932707480871
2.798409672487
2.550532746074
2.730205156148
3.055613567761
2.879888895319
3.143197366304
3.082487543997
