0.000000000000
0.000000000000
0.000000000000
0.000000000000
0.000000000000
0.000000000000
0.000000000000
0.000000000000
0.000000000000
0.168454375188
0.515688975796
0.000000000000
0.869685795649
0.502771255901
1.090125000000
2.584093869344
3.114845322024
1.334550000000
0.000000000000
1.614320036076
1.937367000000
0.503111195898
1.989192937071
4.320293415724
2.153691000000
1.988618635826
1.316102434796
2.410177839209
0.668513362806
1.351530265290
0.156009530330
3.486780477807
0.871347615641
0.825930000000
0.000000000000
0.161540982563
1.003619794079
1.967643000000
1.941267075616
2.595034814447
0.809306335951
0.000000000000
1.136025000000
2.643373017508
0.333730892679
1.147500000000
0.167749755478
2.339130734114
1.808451347385
2.260833395538
0.973217191317
1.920546273366
1.081790761933
0.828694235854
0.000000000000
2.201694495774
2.031331678649
1.526524455066
0.998583981917
0.000000000000
1.932985995566
1.377557131462
0.000000000000
0.163460057828
0.879102775602
0.852513655735
0.853621535729
0.906733141277
0.841434855790
0.000000000000
0.979855170155
0.168682016236
0.000000000000
1.107054000000
0.000000000000
0.000000000000
0.868023975657
0.000000000000
3.150290554696
0.000000000000
0.000000000000
0.981742320515
0.504810895885
0.000000000000
0.000000000000
0.498352035937
0.812079000000
1.030536000000
0.924636493021
0.905586103780
0.000000000000
1.127301130694
1.924761622529
2.236760935702
2.467533000000
0.160750775101
0.156461077451
0.000000000000
3.003300000000
2.183106000000
0.000000000000
1.412040000000
2.203209000000
0.000000000000
2.389601046865
0.978657759475
2.024320972416
3.757530315904
1.849556375907
1.929524575685
0.173007196139
1.717385715599
1.284246436088
0.171527529330
0.953188159900
1.003898888282
1.045278000000
0.480675156081
0.000000000000
1.045963663457
0.919924072491
1.820507300514
1.142856000000
0.000000000000
1.034748000000
2.720503375768
0.804897000000
1.205076322222
0.000000000000
0.176877093948
0.941717784932
1.234444771822
3.115914641152
0.000000000000
2.759468035660
1.900629486039
2.066643347385
3.668983406048
1.127610000000
0.153413134384
1.134423430314
0.000000000000
0.937129634944
2.750568131462
1.085633506720
1.043649725616
0.160073454420
0.166620887675
1.327662000000
0.818235000000
0.668984104774
0.963267133738
0.000000000000
0.000000000000
2.345585631522
2.388850606092
1.539904398133
1.348326000000
0.675869448953
1.207642656856
0.165153579999
0.000000000000
2.385149468606
0.914000995427
1.064266326437
1.306022529330
0.965805572366
1.365546000000
1.596066975796
1.387071000000
1.321635000000
1.072361433856
0.000000000000
0.160412114761
2.091023708806
0.998667990047
0.327295412460
0.164250265290
0.911231295441
1.387932000000
1.293364426284
0.000000000000
0.162669850366
0.000000000000
0.000000000000
0.000000000000
1.350909000000
0.165379133092
0.000000000000
0.866916095663
0.927379816221
0.331971391370
0.164243015808
1.273411492375
1.205479426284
1.853350350738
2.155600284267
0.875779135619
4.309421916212
2.450880000000
2.618368594342
1.434426000000
0.654692548670
0.835895455818
0.900997953793
0.966952609863
0.155332209649
0.651956393158
0.945158897422
0.000000000000
0.000000000000
2.188674000000
0.000000000000
1.164330000000
0.000000000000
4.271086270654
0.000000000000
0.854175475727
0.164024491729
0.000000000000
0.000000000000
2.487182455818
0.000000000000
0.165950323665
0.000000000000
0.000000000000
0.000000000000
1.353492000000
1.365546000000
1.002456000000
0.160299227980
0.000000000000
0.941144266183
0.843096675782
0.000000000000
0.510589875837
1.286605001541
0.907306660025
0.168909657283
0.893505215530
1.127610000000
2.321916666233
3.029427355860
1.673207723172
1.959072147485
1.065636000000
2.607914062187
1.338427131739
1.008956023717
0.169217283621
1.217180249886
1.114776000000
3.626686210662
0.000000000000
2.510949000000
0.172665734568
2.432919000000
0.164476038850
0.000000000000
1.256516862094
0.835895455818
0.000000000000
0.329557816783
0.000000000000
0.522827715738
2.911424222478
3.516558000000
0.865808215668
0.000000000000
0.490873355998
1.350048000000
0.166291785236
2.192896264134
0.000000000000
0.904439066283
2.427406496051
1.570764715876
0.000000000000
1.121490000000
2.188143669503
1.030536000000
0.953188159900
0.000000000000
1.984858072491
0.170047862521
2.831061372466
0.000000000000
1.044576000000
1.319578496051
2.171088393992
2.762875434520
0.000000000000
2.121043316282
3.947070287458
0.000000000000
0.161511323238
0.000000000000
1.426677000000
2.599774213728
2.112750553743
1.142145000000
1.358803246958
1.342299000000
0.000000000000
2.461500916194
1.178047492375
0.000000000000
1.249909115406
0.168112913617
1.602927455957
0.972070963586
1.825743475727
1.963766223607
0.000000000000
1.640918855790
0.892397335535
0.172551914044
1.343412298331
0.000000000000
1.552170775747
0.882426415585
1.354353000000
0.922791666233
1.080452942647
0.797715000000
0.866916095663
0.165604906653
0.323097125489
1.243072529684
0.000000000000
1.348326000000
0.490533416001
1.955799552949
1.083186000000
0.000000000000
0.000000000000
2.670159604949
0.490873355998
0.000000000000
2.230615220958
0.000000000000
1.054404000000
0.000000000000
0.172551914044
0.924512222478
2.100685058474
0.843650615779
1.022249837187
0.000000000000
0.820800000000
0.866362155666
0.000000000000
0.000000000000
0.000000000000
1.737798416735
1.127368890314
0.175738888710
0.491893175990
1.381951125791
0.000000000000
1.472370574433
1.869885000000
0.171982811425
0.830251700907
1.699044397547
0.000000000000
0.000000000000
0.000000000000
1.698557455836
1.552953652949
1.044222107256
1.443004143289
0.960643903630
0.000000000000
0.158831699837
2.345747265935
0.856391235716
1.129905000000
0.000000000000
2.508674077181
0.835164000000
1.333689000000
2.335975369396
0.669535742111
1.067940000000
1.999471591239
0.000000000000
2.412429000000
3.049911880996
0.000000000000
2.480529000000
0.864700335674
1.036152000000
1.987601016121
1.304738595871
0.879656715599
0.166633246808
1.742899928711
2.041822795510
0.000000000000
0.158267265935
0.000000000000
0.000000000000
0.000000000000
1.067456661837
0.000000000000
2.397342815504
0.000000000000
0.157138398133
2.175590887153
1.848338575685
1.341438000000
0.799903039447
1.876559095801
0.819774000000
0.000000000000
0.333498582914
0.834138000000
0.000000000000
1.279861175990
1.404291000000
3.497740911636
0.000000000000
0.000000000000
0.000000000000
0.523507595732
2.837056844945
2.210389315627
2.093051109988
0.000000000000
1.996094991289
0.995843616966
0.831573000000
1.622478596009
0.000000000000
1.085661383235
1.351770000000
2.608466786960
0.843650615779
2.168538000000
1.482988448381
4.129293855790
0.000000000000
0.855837295718
0.868023975657
0.159847680859
1.332828000000
1.008615085037
0.000000000000
0.772578000000
1.094715000000
2.623409254273
1.538815718169
0.000000000000
0.845866375768
1.138320000000
0.000000000000
1.450605880833
2.980918755971
1.669058476004
0.000000000000
1.804717006841
1.705142697522
1.441938450878
0.814131000000
2.641753990901
1.093950000000
1.116135000000
1.016496000000
1.863106655874
2.707801955749
2.020535221473
2.396026826079
0.675663619656
0.946879453667
0.824904000000
1.324218000000
0.505830715876
2.866355195898
0.000000000000
0.000000000000
0.000000000000
1.748932072491
0.000000000000
3.224522463205
0.000000000000
0.825930000000
0.157928605595
0.917629997497
0.534725615641
1.087398000000
1.305585336090
1.364787400522
0.658548614389
0.000000000000
2.466669000000
0.171527529330
0.508210295857
1.522106568285
3.362370000000
0.000000000000
0.172551914044
1.881252000000
0.498352035937
0.000000000000
1.786560330674
0.855837295718
0.471496776156
0.000000000000
0.871901555638
1.142145000000
1.024238702592
2.217213000000
1.707560595871
0.926232778724
1.623129452900
0.000000000000
1.117665000000
0.000000000000
0.516708795788
1.332810683472
1.410318000000
2.302458624572
0.686303129443
0.000000000000
1.208875623926
0.523847535729
2.169785554237
1.066338000000
3.055482815696
2.253078067547
0.000000000000
1.050192000000
0.156009530330
2.213555635826
0.000000000000
1.026765397186
0.814291795926
0.000000000000
2.500850971639
0.000000000000
0.831573000000
0.843096675782
2.246131341177
0.802845000000
1.022752321953
1.356936000000
0.489173656012
0.000000000000
0.847528195760
0.826478475865
0.642684321299
2.125587207417
0.000000000000
1.511604284913
0.502431315904
0.000000000000
1.014390000000
0.156348190671
0.000000000000
1.130670000000
1.359519000000
1.360380000000
0.847528195760
2.013116853718
0.162444076805
0.938850191189
1.107720000000
1.354919391658
0.000000000000
0.811053000000
1.085292000000
0.000000000000
1.392237000000
0.000000000000
0.942864822428
1.567395575824
2.603671871134
1.039662000000
1.534362016663
0.170161683045
0.816696000000
1.079676000000
0.816696000000
0.000000000000
1.749158404555
2.212135955472
1.755269628736
1.038258000000
0.925659259975
1.129905000000
0.785916000000
1.540106323665
1.349187000000
0.863038515682
0.000000000000
1.313886000000
0.000000000000
0.506850535868
0.506510595871
2.657081529330
0.814131000000
1.425581698443
3.247486399519
1.382766000000
2.190240000000
0.000000000000
0.000000000000
1.096524000000
0.503791075893
3.596780302098
3.989957285783
0.000000000000
1.280346907299
1.397403000000
2.878676755693
1.325695759048
0.000000000000
2.369670000000
0.000000000000
1.494181426284
0.000000000000
2.174400000000
1.608478570436
0.973015472752
1.914678000000
1.467499370800
0.993855543125
0.000000000000
1.387932000000
0.157477058474
0.488493776018
1.166625000000
2.664269195898
0.000000000000
1.040364000000
1.584414592808
1.092935430023
0.687072862402
1.118805854253
1.959894418893
1.070235000000
1.132965000000
1.033344000000
1.501880862094
0.160942220619
0.000000000000
2.082301267807
0.885196115571
2.441853575824
1.423783957012
0.000000000000
0.000000000000
0.165717793433
1.383460394797
0.935982597447
0.164814699191
2.245858297472
1.674528986988
0.160750775101
0.662725609585
3.880456395815
1.165095000000
0.930820928711
1.054404000000
0.000000000000
0.517048735785
1.520180298758
0.000000000000
1.310608246958
1.153620000000
0.486454136034
0.000000000000
0.162782737146
1.067940000000
1.071954000000
1.525603324092
3.392320038850
0.965156152070
1.110780000000
1.933857000000
1.559695695829
0.164698297903
0.000000000000
1.306998000000
1.372469351564
1.360380000000
0.826478475865
1.045980000000
0.165722682617
0.156573964231
1.004031012506
0.000000000000
2.064737784932
0.660252153344
1.806026545581
0.156686851012
0.957075297610
0.000000000000
1.310326836332
1.228398708379
0.980186114761
0.918777034994
0.489173656012
1.385349000000
0.000000000000
0.166291785236
0.880210655596
0.672024369903
1.119195000000
1.667694935840
3.617725305680
0.854658000000
0.496992275948
2.186889275671
2.554074430693
1.679033535591
1.584567235993
0.000000000000
2.333152529684
0.000000000000
0.166405605760
0.929673891214
0.992678682617
1.381905000000
1.095273921049
0.944585378674
0.892968691314
0.170047862521
0.520448135757
0.840294000000
0.000000000000
1.399125000000
1.351770000000
1.070550000000
2.377620355860
1.403430000000
1.667321415724
0.000000000000
1.024218000000
0.000000000000
0.168226734141
2.186117835882
1.968093000000
2.148831000000
0.000000000000
2.058987000000
3.082738002111
3.630712510621
0.000000000000
1.246896510707
0.000000000000
1.222636832034
0.851405775740
1.357797000000
2.347296311790
1.030536000000
0.887807022579
0.876887015613
1.227355246808
1.064463227852
0.169364939378
0.159960567640
0.162782737146
2.143323000000
0.153977568285
0.491893175990
1.356936000000
1.188789096429
3.016189095940
0.000000000000
0.988604880138
1.541922964231
1.385349000000
1.409462684660
0.935409078699
1.317124755971
1.960586041202
0.169251118855
3.752644227335
0.876333075616
0.000000000000
0.977849466083
2.313033247235
0.000000000000
0.165153359532
1.321635000000
0.824904000000
0.772065000000
0.791559000000
0.904584015474
0.859714875699
0.511269755832
1.853685000000
0.165039759475
0.847528195760
1.500001832034
1.038258000000
0.000000000000
1.554139348999
2.029561660025
1.282016400950
1.071252000000
2.736944755693
0.000000000000
0.000000000000
0.000000000000
2.304159655735
0.505150835882
0.000000000000
0.845866375768
0.505490775879
3.093099726342
0.160750775101
3.289209000000
0.000000000000
1.277787775747
1.992150635688
0.161879642904
1.409457000000
0.000000000000
2.829481453667
1.856945264148
0.000000000000
0.860268815696
0.000000000000
0.479995276087
0.825930000000
0.000000000000
1.884425515959
0.000000000000
0.493932815973
2.852833355721
2.927621436048
2.027663617826
1.004133641704
1.516119315904
2.040546970849
0.795150000000
0.812079000000
0.949173528661
1.023516000000
3.202026375907
0.171072247235
2.440854462499
0.995436000000
0.942864822428
0.000000000000
2.325352003705
1.057212000000
1.021347499910
1.075590000000
0.000000000000
0.158154379155
1.483586188999
1.171980000000
1.095396900880
1.064934000000
0.000000000000
0.000000000000
1.380183000000
2.357278432103
0.666812497422
0.860268815696
1.723931895607
0.168909657283
1.756525806735
0.157477058474
0.000000000000
1.155915000000
2.229837000000
0.000000000000
0.000000000000
1.468687349413
1.423335575819
0.000000000000
1.754428003705
0.000000000000
2.479854316345
1.559206220619
1.806192000000
2.687277071736
0.777195000000
0.000000000000
0.985432503569
2.317624660025
0.871347615641
2.485884000000
1.584448496051
0.802332000000
2.969532000000
2.001753975657
0.159621907299
0.863379000000
1.226520990047
0.883534295580
0.000000000000
0.000000000000
0.000000000000
0.816183000000
2.455728000000
3.520153011733
0.000000000000
0.169251118855
1.176570000000
2.399028115710
0.000000000000
1.221222322222
3.216201753208
0.498691975934
0.000000000000
2.569488000000
3.259371090100
0.000000000000
1.916654178774
0.491553235993
1.355214000000
0.166633246808
0.155557983209
0.000000000000
1.935722585947
2.488830000000
0.491213295995
2.784716675921
1.268775495415
1.507402772617
0.000000000000
1.077570000000
1.896931315627
2.352066000000
0.505490775879
0.000000000000
0.153074474043
1.373640691534
1.402569000000
0.809514000000
0.000000000000
1.381905000000
0.000000000000
0.000000000000
1.828895095801
3.986415585576
0.804384000000
1.107756000000
1.031238000000
2.578728065897
0.000000000000
0.859160935702
0.162105416465
0.000000000000
1.245972322222
0.858053055707
0.519428315765
1.927144385077
2.042256039496
0.000000000000
0.000000000000
0.983675554237
1.706728159397
0.166959548016
0.835341515821
1.524519118954
0.000000000000
0.000000000000
1.237717492375
0.882426415585
2.470526407591
0.000000000000
0.915335922503
0.000000000000
1.504641938951
0.162218303245
0.000000000000
2.442414000000
1.055106000000
0.843096675782
1.570034616056
0.000000000000
1.477346057828
0.000000000000
0.168795836759
0.000000000000
0.000000000000
0.993566806140
1.022814000000
1.198061564091
2.015392155666
0.000000000000
0.849190015752
2.132378945254
0.000000000000
2.518007173587
0.870239735646
0.000000000000
0.491213295995
1.856250000000
0.168340554664
1.471141916377
1.039903474059
1.997163975657
0.000000000000
0.170161683045
0.163008510707
0.912468328761
0.168682016236
1.870128000000
0.668982825117
1.065636000000
1.017391318351
1.053000000000
1.105851294826
1.342299000000
0.777708000000
0.515009095801
1.184985000000
0.000000000000
1.617717815973
1.304757349427
1.356936000000
1.936485000000
0.810027000000
2.884843056123
0.163008510707
0.000000000000
0.000000000000
2.963614755971
0.895167035522
2.219769000000
0.670650442174
1.034657020742
0.000000000000
2.315137348488
1.388793000000
0.836703000000
0.000000000000
0.181316094375
1.033317887855
1.369851000000
1.432292532464
2.531229000000
1.388659551481
0.000000000000
0.167657631522
1.105425000000
1.366407000000
0.829008000000
0.770526000000
0.000000000000
0.325265317902
0.662058341828
0.988055454420
0.000000000000
0.000000000000
1.472580585555
2.205089922503
1.299249000000
0.807975000000
0.166064144189
1.317661683045
1.652878035799
0.845866375768
1.770834644488
0.000000000000
1.825064401824
1.663786975934
0.162105416465
0.161879642904
3.800079983005
0.000000000000
2.092118363720
1.165860000000
2.201174689585
3.821984735616
1.048788000000
2.194590000000
1.368990000000
0.000000000000
1.076339725707
2.086975049050
2.146923000000
1.901174374913
3.222925645782
0.000000000000
0.000000000000
0.000000000000
0.482714796065
2.452500000000
0.918777034994
1.053000000000
0.000000000000
1.156680000000
0.000000000000
1.516600001541
0.000000000000
0.677441634248
1.641483435632
1.608336221912
0.000000000000
0.000000000000
1.155150000000
1.242204657283
1.020268477380
3.171397078118
0.162535707952
2.964420000000
1.768403518236
1.038258000000
1.825443000000
1.040364000000
0.160976548662
0.159170360178
0.156461077451
0.000000000000
1.478159606024
1.333689000000
0.000000000000
0.000000000000
1.917772256878
2.691473811816
1.375017000000
0.000000000000
1.904290875699
0.166846661236
0.000000000000
1.909826375907
0.000000000000
0.000000000000
0.168112913617
3.312423803805
0.504810895885
0.158041492375
0.000000000000
0.508550235854
1.036854000000
1.050192000000
1.761236909066
0.000000000000
2.042378215668
0.491893175990
1.044576000000
1.831545000000
1.325283111830
0.000000000000
0.000000000000
1.495270067331
0.157138398133
1.171215000000
0.000000000000
0.000000000000
1.399125000000
2.286456462626
0.168226734141
1.067421224071
1.402569000000
0.896983322554
1.611003055984
0.000000000000
0.674284664821
1.518383066904
1.970973000000
0.000000000000
1.652528795788
1.696803055569
1.730527409963
0.686732313123
1.040364000000
1.279871246312
0.000000000000
2.884180479996
1.257284020518
1.070550000000
1.347465000000
2.333388484957
0.000000000000
1.502702047484
2.000872772516
1.077570000000
0.683689590463
0.000000000000
0.000000000000
0.000000000000
2.049011485322
0.165153359532
0.929100372466
1.216142323665
0.917056478749
0.690720596177
1.127610000000
2.159673715876
1.014794922404
2.101885529757
1.162800000000
2.114506209649
1.031245219856
0.000000000000
2.014600195300
1.394820000000
1.446480000000
0.997702264644
0.844758495774
0.000000000000
0.970967241102
0.000000000000
0.168112913617
0.618866767334
0.981115400095
2.197701000000
2.183270901025
1.636246435910
3.081519422629
2.982111613011
0.903292028786
1.599273776018
2.511438000000
3.002452495635
1.810427016881
0.331600983750
1.049648620448
1.721715928459
0.970956298331
0.000000000000
0.501411495912
0.166291785236
0.000000000000
0.168088415819
2.622723624975
2.487705101142
0.934262041202
0.000000000000
0.953188159900
3.344147164954
0.000000000000
1.053000000000
0.816183000000
0.000000000000
2.944414075893
1.251691484090
0.498012095940
1.374798751536
1.907650215946
1.427057558429
0.167088528903
1.059318000000
3.651723491864
1.768031521963
1.321473528903
0.950894084907
0.000000000000
2.474484615910
0.000000000000
0.506170655874
1.284854195285
1.940132595732
0.956629272391
2.023094735646
0.000000000000
1.094479505558
0.000000000000
2.210157000000
1.988509678649
0.164925938951
0.863038515682
0.828694235854
4.382329130056
0.000000000000
0.946305934919
0.513989275810
1.146207884205
1.085262997580
2.087737472752
0.000000000000
0.685377117856
0.487134016029
0.978984683472
0.504131015890
1.043874000000
0.000000000000
1.148265000000
0.000000000000
0.495972455957
1.936636028786
0.322354538946
2.170080000000
1.022959653870
1.711301516246
0.491213295995
2.020377960000
1.054404000000
1.042422872446
0.639632539263
0.515009095801
0.499031915932
0.983154477807
1.501214888321
0.000000000000
2.342559395666
0.000000000000
1.135260000000
0.000000000000
0.000000000000
1.395681000000
1.480924831628
0.159804015381
1.020006000000
1.320001963586
2.213631000000
2.046922976578
1.079415000000
1.700104885007
3.061521000000
1.905470215668
2.984543628736
0.843885000000
0.000000000000
0.511269755832
1.171980000000
1.509679426284
2.261359184982
0.319073256186
0.151267476098
2.916395476004
0.159057473397
0.512289575824
0.000000000000
2.063397097914
3.366659355583
1.121490000000
1.845256815696
0.000000000000
1.727867403755
0.816183000000
0.170503144616
1.327662000000
0.000000000000
2.242680028012
0.000000000000
0.000000000000
0.159847680859
0.853067595732
2.324257630667
0.503111195898
0.000000000000
1.368129000000
0.000000000000
0.000000000000
0.658980966663
3.273457184982
0.000000000000
0.000000000000
1.368718691534
0.000000000000
0.000000000000
2.745180574667
0.924512222478
2.981169000000
2.468763000000
0.944585378674
0.491553235993
1.618283115849
0.882426415585
0.918203516246
2.669140398133
0.659664628035
1.090379242080
1.987354972957
0.000000000000
1.067742000000
1.330237709234
1.009262990474
1.102365000000
0.000000000000
2.983914000000
0.000000000000
4.586459838701
0.995987554237
2.873844664652
1.545676926276
1.201664196566
0.000000000000
1.074060000000
1.163565000000
0.000000000000
2.921508135896
0.158493039496
1.408036195993
0.831573000000
1.086919862673
0.000000000000
0.000000000000
0.000000000000
0.000000000000
1.350978351703
1.251999013206
2.436504000000
0.000000000000
0.157477058474
1.721986701657
3.492560966208
1.323357000000
1.348536291700
1.331465491755
0.504810895885
0.998592661882
0.513649335813
2.271086735646
1.133730000000
1.185253683045
0.833112000000
0.000000000000
0.000000000000
1.628769376045
1.122255000000
1.523287435928
1.576314355860
1.028315255898
0.877440955610
1.043892049235
0.000000000000
1.344021000000
0.899277397547
0.860822755693
0.155557983209
1.701607595732
0.925659259975
1.000888297903
0.925085741227
1.275970623926
1.048788000000
0.507870355860
0.904439066283
0.862484575685
0.000000000000
3.031425995982
1.377600000000
0.000000000000
1.041066000000
2.120208798880
2.409168000000
1.266652913617
2.110166781724
1.920321975657
1.038258000000
2.042926785236
0.486454136034
1.305276000000
1.370712000000
3.547026431753
0.169934041997
3.022835575685
1.821171835284
1.103895000000
2.356102775101
1.185229603057
0.000000000000
0.168226734141
1.394820000000
0.845937000000
0.000000000000
3.100142991289
0.000000000000
0.835895455818
0.000000000000
0.000000000000
2.602738273151
3.519402753642
2.368902000000
0.869685795649
1.001607869989
0.924387118855
1.033344000000
1.526160376045
0.825930000000
1.198042152716
0.898703878799
0.000000000000
0.839773035799
0.000000000000
0.507530415862
0.528266755693
0.162331190025
1.077885000000
0.000000000000
0.000000000000
2.115315247235
0.000000000000
1.360887771584
2.209923000000
0.161879642904
1.376739000000
2.066656297472
1.246995227980
1.165824683472
2.415300000000
1.840199595871
2.074543190025
1.780623620714
2.121628832034
1.954079415620
2.456820000000
1.067040000000
0.879102775602
2.310010190025
0.000000000000
0.172665734568
0.519768255763
0.000000000000
1.872124055846
1.017887194609
0.000000000000
0.504810895885
1.478064759475
0.506170655874
0.820939075893
0.503451135896
0.000000000000
1.357509615779
2.037017169096
0.000000000000
3.050086416421
0.000000000000
0.000000000000
0.502431315904
3.489324000000
1.355214000000
0.844204555777
1.027443643369
0.000000000000
4.793160434732
0.000000000000
0.000000000000
0.000000000000
2.423165733713
2.373304381789
1.340073795788
2.158956000000
0.000000000000
0.948657322222
1.962079875699
0.000000000000
0.497672155943
0.681756946478
0.000000000000
0.652513715501
1.838432995843
0.000000000000
0.000000000000
0.000000000000
1.157445000000
2.541295183422
0.000000000000
0.000000000000
3.935888966208
1.206824524108
0.000000000000
1.677383495774
0.941144266183
2.629816095783
2.096713463834
2.910637859925
0.000000000000
0.000000000000
1.127802091761
0.500731615918
0.000000000000
0.165153579999
2.576429709863
0.000000000000
0.000000000000
2.191185000000
0.163460057828
0.873563375630
1.161626360178
1.164330000000
2.727750815696
1.873446315765
0.165717793433
0.901571472541
0.000000000000
0.000000000000
0.495972455957
0.678936056627
0.901571472541
0.832571815835
1.029834000000
0.000000000000
1.313177784809
0.000000000000
0.000000000000
3.110959321135
1.321500715876
0.000000000000
0.000000000000
0.167429990474
0.939997228686
0.157928605595
0.000000000000
0.000000000000
0.924512222478
1.167390000000
2.477262000000
1.444895709508
0.000000000000
1.782128810696
1.275294396841
0.000000000000
0.491213295995
1.370330331517
1.036598275719
1.077570000000
0.165722682617
0.819774000000
2.383485208357
1.593872495774
0.000000000000
2.424684000000
0.164588925630
0.972448360823
2.445841544343
1.542417606187
1.504430725832
3.535821000000
0.000000000000
0.902368255486
0.000000000000
0.000000000000
0.000000000000
1.288582175990
0.162782737146
3.319002000000
1.886169195898
1.555298595871
1.990384875699
0.165608862094
0.000000000000
0.000000000000
2.143161000000
0.165267400522
2.562164833357
0.000000000000
0.505830715876
1.027026000000
0.891843395538
0.162782737146
1.694692668385
0.000000000000
2.441843041533
0.935409078699
0.502431315904
1.324967888321
0.810318609233
1.131077778939
0.162669850366
0.837003335813
1.379322000000
2.654164735785
1.291500000000
0.000000000000
0.000000000000
0.874117315627
0.168112913617
1.235438425857
1.982664597447
2.261799000000
0.000000000000
2.761536010868
1.346141707525
1.523119452473
0.000000000000
0.815670000000
0.000000000000
1.002860982563
1.671008135757
1.645284135757
1.025622000000
0.829008000000
1.004863939806
0.881872475588
0.000000000000
0.849528000000
1.306209615779
1.913841000000
0.000000000000
0.000000000000
1.565224016236
3.111542354159
0.000000000000
1.004562000000
2.375592000000
0.943438341177
1.436148000000
0.899277397547
1.028404608706
2.048865191189
1.340577000000
1.145970000000
1.785432299252
0.178356760757
0.963511497372
1.178865000000
0.000000000000
0.667222132294
0.000000000000
0.000000000000
2.856695955887
2.348372195898
1.508640349427
0.165495041570
0.953188159900
0.833125755832
1.012986000000
0.833112000000
0.000000000000
1.502104586617
0.000000000000
0.000000000000
2.266911000000
0.000000000000
0.874671255624
1.040364000000
1.315211397487
1.111266000000
0.000000000000
4.035067203605
0.000000000000
0.000000000000
1.355214000000
0.149800757415
1.005966000000
0.840880915793
1.190340000000
2.213441435771
0.174031580853
1.705882176690
1.647952735785
1.377600000000
0.000000000000
0.000000000000
1.370468571528
0.861376695691
0.000000000000
0.000000000000
2.150022811072
0.000000000000
1.773590500686
0.483734616056
1.308632682617
0.000000000000
1.110564000000
0.000000000000
1.001754000000
0.169934041997
0.662733217455
0.000000000000
2.432440631254
0.000000000000
0.165267400522
0.000000000000
1.457051322868
0.524867355721
0.860822755693
1.233258699191
0.000000000000
0.000000000000
1.105425000000
1.375878000000
2.294615503141
0.000000000000
0.495292575962
1.340577000000
2.481969000000
2.153097000000
2.196549000000
0.921071109988
1.936892460522
1.526365195712
0.832086000000
0.000000000000
0.159509020518
0.000000000000
2.475462000000
0.997669529684
1.878322015752
0.000000000000
1.633442335951
0.806436000000
1.898268995704
0.000000000000
0.000000000000
0.000000000000
2.339691416171
1.317830011872
1.862820000000
0.000000000000
0.827032415862
0.000000000000
0.000000000000
1.273450401377
3.542572631949
1.843685476004
0.000000000000
0.000000000000
0.677381068818
0.174145401377
3.556994489955
3.149236913617
0.162444076805
2.911117195760
0.872455495635
0.000000000000
1.153620000000
1.769247303680
0.663638756752
2.486514495912
0.000000000000
0.979927606240
0.915335922503
0.169251118855
1.957172995427
2.322937964713
1.952177859820
0.000000000000
0.863719235144
3.085949066283
0.000000000000
0.919924072491
1.565883110181
0.000000000000
0.875779135619
1.872531000000
0.658425490357
0.979454503141
1.213290000000
1.618226375907
1.461951118246
0.000000000000
0.824391000000
3.796310535591
0.169592580426
0.000000000000
0.000000000000
1.391376000000
2.399631000000
1.339716000000
1.306998000000
0.533365855652
1.292988039496
1.051024249620
0.785916000000
5.213080409963
1.063530000000
0.000000000000
0.000000000000
0.667689884278
2.399240847322
0.000000000000
1.416345000000
1.798556958064
2.457765000000
0.907880178774
0.161428095783
1.981094941127
1.081782000000
2.478231650546
1.091610000000
1.921905000000
1.264895272569
0.157025511353
0.161428095783
0.504470955887
0.156461077451
0.944011859925
1.098652447813
2.291202372466
0.857499115710
0.336088442655
3.080681875560
0.000000000000
1.687694375630
2.887490809272
0.159396133738
0.000000000000
3.056624795788
0.000000000000
2.547969000000
0.161966605333
1.765490958636
0.812592000000
1.120725000000
1.118430000000
1.862337575824
0.000000000000
0.000000000000
0.000000000000
0.160031656429
1.782257753130
1.353492000000
1.587566107608
1.132053196307
0.166064144189
1.015306886785
1.313991135896
1.026324000000
0.148897663173
0.000000000000
1.388793000000
1.962661215807
0.000000000000
0.000000000000
2.187738000000
0.507190475865
0.000000000000
0.000000000000
0.000000000000
2.558456395677
1.242084850366
1.846452315904
0.159621907299
0.481015096079
0.000000000000
2.962773315904
1.339716000000
2.491774235893
0.000000000000
0.811566000000
0.000000000000
0.000000000000
1.345154355721
0.701805015099
1.451458850751
1.670751155804
0.000000000000
1.465181588195
0.000000000000
0.948707417110
1.087398000000
0.934835559950
0.160525001541
1.553532535868
1.927204195760
0.859160935702
0.000000000000
2.199303000000
0.000000000000
1.144440000000
1.358658000000
0.154993549308
1.654684395815
2.640461915932
0.000000000000
2.219031000000
0.000000000000
1.010178000000
1.098540000000
1.625027335951
0.925659259975
0.808488000000
1.343160000000
1.367268000000
0.849743955749
1.372809291561
0.855846775366
0.820800000000
0.483054736062
1.346604000000
1.992244928711
2.479272000000
0.166846661236
0.934262041202
2.326008055984
1.344882000000
0.000000000000
3.684249131739
0.000000000000
1.106190000000
1.679613694623
0.687076701371
0.000000000000
0.000000000000
4.301254544122
0.812592000000
0.000000000000
0.000000000000
2.180652000000
1.920657135896
2.271123852797
2.191124771445
2.732129585032
0.807462000000
1.093950000000
1.950687000000
0.162649528476
0.000000000000
2.188545000000
2.021336291264
0.000000000000
2.158302000000
0.901571472541
2.279469477807
0.818235000000
0.338270641221
1.343390360178
1.358658000000
0.859714875699
3.514562585322
0.000000000000
0.000000000000
0.674518116320
0.000000000000
1.645633375768
0.868023975657
2.255069224314
0.824816655874
1.026324000000
1.014319841310
2.403603000000
1.116135000000
1.924380775602
1.206405000000
0.158718813057
0.154090455066
0.000000000000
2.563353000000
1.353492000000
0.494272755971
2.904324191189
1.539566880595
1.770787378161
0.493932815973
0.956546699837
0.830909995843
2.005881639817
0.931967966208
0.000000000000
0.956629272391
0.000000000000
0.000000000000
1.004562000000
1.025622000000
0.162421887428
2.174993859893
0.159396133738
0.000000000000
0.319337313231
0.000000000000
0.000000000000
0.000000000000
0.000000000000
1.948334663852
0.521128015752
1.700943293934
1.464561000000
1.964205000000
0.168682016236
0.850297895746
0.923365184982
2.843269616953
0.000000000000
1.349909331656
0.885512947585
1.316281831863
0.168112913617
2.467300929120
0.000000000000
0.000000000000
1.272367964713
1.988271303680
2.031193515682
1.068273091286
0.000000000000
0.000000000000
2.097643890233
1.165860000000
0.840807000000
0.928526853718
0.000000000000
2.981363675711
1.381044000000
1.053000000000
1.752038922503
0.529626515682
0.895167035522
1.279070036076
1.458574654483
2.879005876881
2.627418538028
0.157702832034
0.000000000000
0.000000000000
0.503451135896
0.000000000000
0.693561154447
0.866362155666
1.267631246312
1.817852756109
0.813105000000
0.000000000000
0.827982000000
1.608794256040
0.149574983855
1.346604000000
3.741319355998
0.968252851012
0.160412114761
1.380032071315
2.542261671625
0.000000000000
0.864030094252
0.490193476004
1.961210455818
0.159396133738
2.258265288772
1.337195831388
1.337133000000
1.190231945254
1.093242967207
1.370198635826
0.166747067331
0.000000000000
1.100034000000
0.000000000000
1.159450734141
0.000000000000
1.763418058261
2.712304674224
0.000000000000
1.071252000000
0.000000000000
0.000000000000
2.432114559179
1.818878015890
0.980046472646
1.370712000000
0.000000000000
1.315750623926
0.168568195712
2.659012680859
0.922218147485
0.000000000000
0.000000000000
1.956727772516
2.196655015752
2.534574000000
0.803358000000
1.073777508884
1.858257209440
2.330051195285
0.498352035937
0.334389538490
0.166395114115
2.004426597447
0.810540000000
1.975068459788
1.351456531711
0.331102749453
2.281995753642
0.000000000000
1.974425035660
1.720111885007
2.743727472541
0.925085741227
0.000000000000
1.706970193654
0.165717793433
1.988275488390
1.099009277848
2.263179000000
0.000000000000
0.000000000000
1.699495875699
2.600550025543
0.000000000000
0.000000000000
2.004998375630
1.115370000000
1.072656000000
1.033344000000
1.056510000000
2.228139000000
1.013688000000
0.159057473397
1.049490000000
0.162331190025
0.157025511353
1.030607452000
1.825903914265
0.506170655874
0.513989275810
2.744423835094
2.906448662532
0.000000000000
0.508210295857
0.160828400095
3.339472964713
2.167731000000
1.928383535729
1.262668909534
0.937703153692
1.047384000000
0.946879453667
0.921644628736
1.398809472248
1.992505016236
0.164015374761
1.224015657283
0.490193476004
0.000000000000
0.164584477380
1.455917703283
0.000000000000
2.991218715609
0.000000000000
0.945158897422
1.849435395815
0.000000000000
0.169478759902
1.102365000000
0.000000000000
0.333047035793
0.166620887675
0.000000000000
0.000000000000
0.853067595732
2.760692853718
0.163911604949
2.340424811425
0.493932815973
0.508210295857
1.645589935702
1.410318000000
0.809001000000
1.123785000000
1.126845000000
2.456974577312
0.000000000000
1.998419805844
0.000000000000
1.917999000000
1.714733435861
0.832086000000
0.000000000000
0.991313237364
0.856710000000
0.165381221046
0.650061631366
2.353716895885
0.310705628294
1.030536000000
0.000000000000
2.063624885261
1.190912925630
0.000000000000
2.324134172339
1.506988501008
0.513309395815
0.836190000000
0.973261316096
3.358662504790
1.360380000000
1.988406835743
0.861376695691
2.502018382265
0.000000000000
0.000000000000
1.789256972380
0.000000000000
2.312412459875
2.155419000000
0.509230115849
0.913615366258
1.666830135757
0.000000000000
3.269359255901
0.000000000000
0.167429990474
0.495972455957
1.313304379155
0.000000000000
1.294756580853
0.907907655458
1.248895321577
1.566248400950
0.000000000000
1.103895000000
2.299359401450
0.848636075754
0.000000000000
0.000000000000
0.157138398133
2.004871634944
0.000000000000
2.093413722353
1.322860475865
0.158324348572
0.000000000000
2.939015841855
1.081782000000
1.380183000000
1.785775475865
0.000000000000
1.133730000000
2.380995340482
1.574975728890
0.000000000000
0.498352035937
2.388267866028
1.140615000000
1.236719340554
0.000000000000
2.456694000000
2.065289529330
0.984645451618
1.130670000000
2.106320114761
0.517388675782
1.156680000000
0.485434316043
1.869167995843
0.161540982563
0.481015096079
1.810068335777
0.000000000000
0.958349828636
1.406874000000
0.505150835882
1.375017000000
1.079365630465
0.154654888967
0.000000000000
1.436822654561
4.286994146730
2.670770411705
1.644650815835
0.327975534372
0.984906000000
2.135439000000
1.890826910733
1.049490000000
2.159532000000
1.220054605595
2.569758000000
1.071252000000
0.000000000000
0.334875634121
0.160863661882
0.000000000000
0.507190475865
1.081430063283
2.763337542118
0.163008510707
1.096524000000
2.777522135069
1.141380000000
0.000000000000
0.000000000000
0.000000000000
0.000000000000
0.160031656429
1.373295000000
1.774191707010
2.399487000000
0.833625000000
1.957291997497
0.000000000000
1.551536882306
1.114186791359
2.174994000000
0.000000000000
0.000000000000
0.882426415585
1.258288246808
1.391376000000
0.000000000000
2.459001175851
0.972831914044
1.934520315765
0.000000000000
0.661358241725
0.154654888967
0.000000000000
0.521807895746
1.924347615641
1.441346155821
0.000000000000
2.281935524504
1.138320000000
0.000000000000
0.000000000000
1.574959695829
1.333835068186
0.000000000000
2.333896964386
0.000000000000
1.307329751952
0.000000000000
0.324226927036
2.121369000000
1.000022529330
0.150929625218
3.076484853718
0.000000000000
0.170161683045
1.345743000000
2.671886195898
0.000000000000
0.000000000000
0.000000000000
0.000000000000
0.489513596009
2.335967153692
0.154090455066
1.118430000000
1.083888000000
1.710701966208
0.660898394908
1.679577228595
0.861376695691
4.402242354285
1.055808000000
0.857499115710
0.166291785236
0.482714796065
1.437298433647
0.935982597447
1.216234284267
0.000000000000
4.218430875699
0.000000000000
0.515688975796
0.863038515682
0.884365910088
1.082748248459
0.000000000000
0.000000000000
0.896409803805
2.769478072491
2.459379621017
1.928151000000
1.535501735923
1.335592755971
0.000000000000
0.000000000000
2.617680815973
1.140615000000
0.829802115849
1.058616000000
0.000000000000
0.000000000000
0.000000000000
2.364094590141
1.283760887855
0.802845000000
1.962882000000
0.000000000000
1.219272067759
3.035062655596
2.508090651439
0.675868918714
0.166177964713
3.662995365560
0.935409078699
1.659284256040
2.132632228686
1.340740592883
0.167771452045
2.239603135619
0.841320000000
2.335976913190
1.136025000000
1.706938528911
0.172893375615
1.086004882353
1.591913195898
0.000000000000
2.618085855807
1.006953265045
1.165095000000
0.000000000000
1.003956606187
0.000000000000
3.044528745142
0.161428095783
1.342842694555
1.200433169523
0.158493039496
0.647079240267
1.324424195898
1.346604000000
1.031940000000
0.157251284913
0.000000000000
0.000000000000
0.000000000000
1.857303000000
1.261285680859
0.000000000000
1.068265038993
0.000000000000
1.875366000000
2.467731000000
1.362102000000
0.845937000000
2.501983367592
2.736198895885
2.026655355583
1.076166000000
1.387071000000
1.089504000000
1.985904510038
1.139850000000
1.038258000000
0.169668830743
1.925269135619
0.000000000000
1.914557915655
1.299033510707
0.341585442563
0.000000000000
0.158605926276
0.158210528048
0.000000000000
0.000000000000
2.375504385057
1.639729875837
2.291439055233
0.845312435771
1.990014278599
0.499371855929
2.396510007535
2.493819000000
2.672441756770
1.184206906653
1.149795000000
2.672505785664
1.062828000000
0.000000000000
0.000000000000
1.338003255763
2.323188000000
1.959184405842
0.000000000000
1.347465000000
1.259567699837
1.878982551914
1.208124265290
0.000000000000
1.024218000000
0.840807000000
1.105760446355
0.000000000000
3.110088415585
2.008033366258
2.019102215510
0.000000000000
1.385668964804
2.730100255901
0.000000000000
0.000000000000
2.294565736062
1.973855153692
1.111545000000
1.580911068613
0.000000000000
0.000000000000
3.305037000000
0.000000000000
0.173121016663
1.029132000000
0.881318535591
0.167088528903
0.000000000000
4.185771238308
3.050882170640
1.109250000000
0.515688975796
0.000000000000
1.224395913190
0.000000000000
2.033474853718
1.095287169438
0.661492628271
2.575119000000
0.152735813702
0.000000000000
0.926806297472
0.164588925630
0.840294000000
0.000000000000
2.299604888321
1.385349000000
0.885750055569
1.056510000000
1.359519000000
1.539345835743
0.000000000000
0.485774256040
0.902922195483
0.159690194857
2.654345415862
1.001004699191
2.696738331517
0.000000000000
0.168226734141
0.167088528903
0.000000000000
1.962535906653
1.100070000000
0.497332215946
2.118156000000
0.827469000000
0.170161683045
0.317158849639
1.732726478749
0.491213295995
0.000000000000
0.161653869344
1.174913810998
0.000000000000
1.959332715599
0.166291785236
0.167999093093
2.623259595871
2.774989112039
0.912468328761
1.919511000000
1.034748000000
0.166064144189
0.000000000000
1.051596000000
0.164363152070
0.000000000000
0.167543810998
1.723247078536
1.243965114115
1.050029256406
0.790020000000
1.409457000000
0.000000000000
0.899277397547
1.009509963714
1.193488195712
0.846974255763
0.163446272142
1.297624575962
2.160201000000
0.908461595455
0.153864681505
1.296482478234
0.000000000000
1.435222865543
0.000000000000
2.883816935360
0.892397335535
1.027026000000
1.381905000000
3.698203426284
0.160750775101
0.815157000000
2.464340071597
1.209615118855
1.347465000000
2.268812041202
0.858053055707
2.426515935979
0.955530718814
0.161428095783
0.000000000000
1.129483901685
1.166625000000
0.507190475865
1.136025000000
0.000000000000
0.000000000000
0.000000000000
1.301648216084
0.000000000000
0.000000000000
0.163911604949
0.000000000000
2.030912203855
1.515505790412
1.011361417338
1.291282680859
0.999648000000
2.101560016663
2.724739835882
0.868023975657
0.000000000000
1.378009731489
2.118136341380
0.000000000000
1.763143955744
2.422368000000
0.163460057828
2.362358605595
1.111725902286
2.002759515228
0.815670000000
0.000000000000
0.000000000000
2.059941000000
0.953188159900
0.000000000000
0.906799775463
0.000000000000
0.805923000000
2.237847803805
2.643198887855
1.380183000000
0.918203516246
0.176535632376
0.000000000000
0.000000000000
1.883703075616
0.000000000000
2.417034000000
1.916043655735
1.377946271514
0.844911000000
0.929673891214
2.750643431753
0.163008510707
1.196460000000
2.819044186019
1.050192000000
0.317559137052
0.000000000000
2.199707651253
1.672454635826
0.490193476004
3.099804147485
1.312452247235
1.013754862948
1.307637019873
1.378461000000
1.227325058474
0.161992529684
0.516368855790
0.000000000000
1.250449435442
0.168652849720
2.643537699927
0.000000000000
0.516028915793
0.880764595594
0.000000000000
0.868577915655
1.108485000000
0.000000000000
0.000000000000
2.376012000000
0.000000000000
0.913615366258
0.164137378509
1.195518528903
0.649696098240
1.325298528903
0.856945175713
2.248070503141
0.000000000000
1.278027793433
2.839853469694
0.000000000000
2.854435555777
2.041424247560
0.972687797347
0.160525001541
0.000000000000
0.000000000000
0.000000000000
3.405662678400
1.376739000000
1.007370000000
0.000000000000
1.307050175990
1.123020000000
1.614160869344
1.528340875976
0.166860887855
2.106400021164
0.000000000000
1.377600000000
0.000000000000
0.977285452045
0.000000000000
0.000000000000
0.795150000000
1.386210000000
0.807462000000
0.324904247717
1.448890963586
1.107720000000
1.376542190896
0.325248510519
0.667398571224
2.038938691314
2.165905905650
1.396074739814
2.497079287229
1.402175870954
1.590139648360
0.000000000000
1.500353204087
0.000000000000
0.328998985343
0.944585378674
0.000000000000
1.749511228686
0.000000000000
0.000000000000
0.848502000000
1.319052000000
0.000000000000
0.863038515682
0.961759529684
0.984162866256
0.332033856001
0.000000000000
0.819261000000
1.321635000000
2.412070391573
1.952900615779
1.682234854835
0.000000000000
0.483734616056
0.000000000000
0.000000000000
1.113075000000
0.000000000000
0.905586103780
1.219405623926
2.384421324520
1.105529456562
3.344795403755
0.921644628736
0.507870355860
0.000000000000
0.155934117573
0.000000000000
0.000000000000
1.390515000000
1.650102095940
1.177610114761
1.568205392651
2.453466000000
0.519768255763
1.318985155943
0.883218872591
0.000000000000
0.887965815558
1.193241039496
0.531666155666
1.734838997497
1.088802000000
1.703903472541
2.662268015808
0.895167035522
0.168226734141
3.090744835743
0.000000000000
0.874117315627
1.471112503141
0.171186067759
0.155445096429
1.691793422629
0.894613095524
2.282472595594
0.000000000000
1.352631000000
1.989226435044
1.072530000000
1.070459180669
0.000000000000
1.207641375615
0.158380152716
0.000000000000
1.790659011881
0.849015000000
3.012267455957
1.000708683045
0.527246935702
0.925085741227
0.000000000000
0.822852000000
1.962895958694
1.356936000000
0.157025511353
0.814131000000
2.028473378674
1.195138272996
2.345818133092
1.356936000000
0.491213295995
1.930244315488
0.000000000000
1.859745875837
1.510559605595
2.888836306553
0.814644000000
1.849963827118
0.000000000000
0.000000000000
0.834651000000
2.590952531434
0.660145664846
1.858394815835
0.964163786091
2.205477374359
0.818169375907
2.015447360178
0.000000000000
0.000000000000
0.164129195285
1.502228962940
0.168682016236
1.522881473397
0.897936735508
1.601845717677
0.671685709562
0.167543810998
0.000000000000
0.000000000000
0.000000000000
3.228612000000
2.032541476952
0.954335197397
1.902240000000
4.256136495774
1.025622000000
0.000000000000
0.863038515682
1.407719192205
0.166177964713
0.937703153692
2.664628676059
0.000000000000
1.046682000000
1.180395000000
1.903799375907
0.156799737792
1.962509428836
1.328523000000
0.000000000000
1.007370000000
1.310146716015
1.360182311608
0.825930000000
0.157477058474
1.858302000000
0.506510595871
1.311506495774
0.000000000000
1.001754000000
0.508890175851
5.333195948112
2.139634094223
1.914491595732
0.170616965140
1.096180069110
1.072157698605
1.034046000000
2.431335503996
1.121490000000
0.000000000000
1.203093718814
1.206353265935
1.984419000000
0.951467603655
1.365546000000
2.373753000000
1.974162135757
1.013688000000
1.124400724436
1.107720000000
2.779303820747
0.000000000000
2.221683548495
2.623326171048
1.411179000000
0.000000000000
0.000000000000
1.047384000000
1.681892155943
0.815670000000
0.167088528903
2.421777000000
2.938764215530
0.498691975934
1.008449728736
4.255232784932
0.000000000000
0.000000000000
1.010178000000
0.000000000000
0.164588925630
0.487473956026
1.126080000000
2.974954955749
1.315644657283
1.158210000000
0.000000000000
0.000000000000
0.166733774456
0.000000000000
0.957202791139
1.003562272569
2.247489000000
1.055808000000
1.510785379155
0.158944586617
0.000000000000
0.325663641643
2.449645859591
1.133730000000
1.052298000000
1.100906314803
1.151325000000
2.464497000000
0.658075705425
0.000000000000
0.802845000000
1.011140221473
2.196624000000
1.414259397239
0.000000000000
0.000000000000
0.000000000000
2.288078183557
0.507190475865
1.134495000000
0.507190475865
0.998483901116
1.042470000000
0.789507000000
1.690136203855
2.329596000000
0.000000000000
0.162331190025
0.000000000000
0.922791666233
1.823292016672
2.924153856101
2.121383888282
0.153751794725
3.591373149995
2.264846400398
3.313564655596
0.167862642258
0.169478759902
1.251830503141
0.158041492375
0.161089435442
2.478204000000
1.015125176795
1.531549335813
0.179836427566
2.973250578364
0.000000000000
1.891675755971
1.360380000000
0.000000000000
2.224098371473
1.048086000000
0.000000000000
1.343201235854
3.230466000000
0.165039759475
1.393098000000
0.000000000000
0.000000000000
0.158551989620
0.851067000000
2.804507656998
3.147097249611
1.897886595871
2.202885000000
0.858053055707
3.404123755927
0.839773035799
0.000000000000
0.159057473397
0.919924072491
0.000000000000
2.050965934919
1.540343169096
1.755489739955
2.117802141490
0.000000000000
0.153864681505
1.110564000000
2.172003000000
1.450543312055
1.188810000000
1.553753735923
2.861818391906
0.000000000000
2.837661115710
1.954683000000
0.925659259975
2.183547685435
0.000000000000
1.008155303245
0.925085741227
1.646701615918
2.021903334969
0.000000000000
0.156348190671
0.494612695968
0.000000000000
0.000000000000
0.000000000000
1.068444000000
0.000000000000
2.191183976103
0.000000000000
1.081782000000
0.495632515959
0.169706400950
0.159960567640
2.066853327498
1.186079616561
1.645756195760
0.521467955749
0.503451135896
1.723418895607
2.294967977034
0.000000000000
2.228198795788
1.266050831388
0.000000000000
0.879102775602
0.153751794725
2.128518000000
3.286303357510
0.000000000000
1.228266451618
0.831060000000
0.000000000000
1.518293303245
0.829802115849
0.173803939806
1.061424000000
0.498012095940
1.659446395677
1.297901451938
5.157761137059
0.000000000000
1.082446532054
2.039897022579
0.837003335813
1.644152875976
3.173069309888
1.941381000000
2.294098841302
0.164356836332
0.000000000000
1.554211682269
0.000000000000
0.831573000000
3.075038922503
2.634510247604
1.954687055102
1.824829456809
2.184847895746
0.000000000000
0.164927585971
1.360380000000
1.031940000000
0.000000000000
1.155150000000
0.164701812411
0.804384000000
0.000000000000
1.562611631949
0.492233115987
1.293038542958
2.174465599894
1.567153477380
1.013901171048
1.855752202898
3.304321215807
0.323174530016
0.821313000000
1.352631000000
2.065272949809
1.297763964285
0.336600683104
0.000000000000
0.000000000000
2.524845703535
1.536910144616
0.000000000000
0.672379052068
3.218850000000
0.000000000000
0.153864681505
0.856263491415
0.000000000000
1.115370000000
1.369851000000
0.000000000000
1.348326000000
2.882211690748
3.551571000000
0.000000000000
0.000000000000
0.871901555638
0.484074556054
1.407735000000
0.000000000000
0.166177964713
0.000000000000
0.000000000000
0.000000000000
0.800280000000
1.015794000000
1.031910165550
1.322370938951
1.139085000000
0.498352035937
1.175805000000
1.986880428586
1.147500000000
0.802845000000
0.519428315765
0.000000000000
0.885196115571
2.777133078699
0.172324272996
1.425623410962
0.000000000000
2.047576939806
1.119960000000
2.191569000000
1.340577000000
1.868697000000
0.000000000000
0.824904000000
0.843650615779
1.675084075893
0.000000000000
1.088802000000
1.340577000000
1.543157375907
1.070550000000
1.943904135896
0.520448135757
0.915909441252
1.004562000000
2.356898580426
1.045936396769
1.470095372234
0.000000000000
0.495632515959
0.850554000000
0.510249935840
1.122255000000
1.752467208251
0.498352035937
0.000000000000
0.706248580248
1.098465311844
1.336680575824
0.834138000000
1.110015000000
2.189202000000
2.219582921805
0.158154379155
0.000000000000
0.845866375768
0.988665040073
1.038258000000
0.956596794725
2.920175504730
0.000000000000
0.000000000000
0.644032564380
1.043172000000
2.696867153076
0.000000000000
0.472516596148
2.183688000000
0.000000000000
0.154203341846
1.208894682617
2.062069072491
0.823154835882
0.000000000000
0.167543810998
0.504810895885
0.508890175851
1.786536000000
0.815157000000
0.993816887855
2.170077000000
1.426071792155
1.058616000000
1.787173453667
0.000000000000
1.129905000000
2.953017798933
1.341438000000
1.290039606187
0.000000000000
1.142910000000
1.075590000000
1.393959000000
0.000000000000
0.508890175851
1.794466385681
0.887807022579
0.881872475588
1.513410473397
1.676532295718
0.835164000000
3.007204875699
1.055297148130
1.105425000000
0.883218872591
3.659017093832
2.057756314221
0.000000000000
1.167390000000
0.000000000000
2.091316678649
2.620790651855
0.817209000000
1.194854682617
1.349284586617
0.000000000000
0.156686851012
0.000000000000
0.799254000000
0.927953334969
1.198496298758
2.770869815696
1.958265000000
1.164330000000
0.000000000000
4.229412034994
0.000000000000
0.992568092666
1.062828000000
0.000000000000
2.105080203605
0.000000000000
0.000000000000
1.516290221046
0.815670000000
1.305793566994
0.000000000000
0.000000000000
1.338025554664
2.209170000000
3.141639993807
0.000000000000
0.153864681505
0.821126096667
0.498352035937
0.000000000000
0.000000000000
1.606537032208
1.875474000000
0.167429990474
0.950320566158
0.505150835882
1.182460586617
0.000000000000
1.714018375768
0.830356055846
1.804332049479
2.465438751814
2.417289585931
1.164156169950
1.313014575962
1.711311595594
0.978042604949
0.000000000000
1.307859000000
2.152226868698
1.709820216271
1.913483195621
1.494350502809
1.094276033112
1.906444831602
0.000000000000
1.869295195760
0.814131000000
1.733491596273
0.000000000000
0.000000000000
3.305190000000
0.000000000000
1.798467173132
0.000000000000
0.000000000000
1.155915000000
0.899277397547
1.121490000000
4.070535156618
0.000000000000
0.978368568285
0.949173528661
0.832571815835
0.159170360178
1.856265975796
0.657173498523
1.959083064034
1.632083656012
1.973598191189
0.833112000000
1.388793000000
1.586269856068
0.000000000000
0.327633139057
1.030536000000
0.835895455818
1.375017000000
0.166291785236
3.370241195285
0.000000000000
0.000000000000
3.066375788560
0.000000000000
1.086608554096
0.000000000000
2.434564997866
0.000000000000
0.909600735019
0.161766756124
0.152848700483
1.755492424502
0.945158897422
0.000000000000
0.000000000000
0.000000000000
1.844802000000
0.000000000000
1.368341851495
0.000000000000
2.120016322222
0.153413134384
1.520394580597
2.361054117718
2.093456316434
2.156274000000
0.000000000000
0.000000000000
1.357797000000
0.157251284913
1.540398039496
0.681983804180
0.000000000000
1.903331055707
1.165883835905
1.113840000000
1.110312256954
1.089360000000
0.835895455818
0.000000000000
0.000000000000
1.251922016236
0.165604906653
0.484074556054
0.926232778724
1.898759741227
0.000000000000
1.974672000000
1.028430000000
0.000000000000
1.675379875560
1.528845103931
3.432577453667
1.030078041143
0.000000000000
1.275769536007
0.000000000000
1.815850173294
1.048713914161
0.838242000000
2.555038841873
0.844758495774
0.000000000000
0.897556841302
2.805352083386
0.928526853718
0.000000000000
0.000000000000
0.000000000000
0.168088415819
0.935982597447
0.000000000000
0.660904481204
0.000000000000
0.000000000000
1.880925915932
0.000000000000
0.507870355860
0.000000000000
1.237808939378
0.000000000000
2.457682791354
1.909758815696
1.334004315904
0.171072247235
0.000000000000
1.362963000000
0.000000000000
3.294339000000
0.875225195621
0.494612695968
2.516958000000
0.000000000000
0.000000000000
0.156348190671
1.078961258268
0.000000000000
1.532859510707
1.077885000000
1.980945000000
0.169820221473
0.807462000000
0.841988795788
1.006497258336
0.000000000000
1.631232995982
0.833625000000
0.000000000000
0.000000000000
2.624293440744
0.155332209649
0.153864681505
0.910174253768
2.149043152070
0.809001000000
1.302033375615
0.168226734141
0.483394676059
0.167999093093
0.837557275810
0.841988795788
3.132276735019
3.199022876144
0.661356707675
0.000000000000
0.000000000000
1.223123529330
1.916911141277
1.280725042424
1.772216626999
2.095117297903
0.864146395677
3.231124392319
1.153620000000
0.000000000000
1.517080246958
1.766363967008
1.321682991825
1.171859093093
1.393959000000
1.359519000000
0.000000000000
0.000000000000
1.047384000000
0.794637000000
2.001205815609
0.169023477807
0.162194246380
1.869201606287
0.160145476952
1.199171020518
2.194402341200
1.053000000000
0.000000000000
2.066916850366
2.296896701732
1.092843944884
0.000000000000
2.467674000000
0.934835559950
0.674725157418
1.055106000000
0.774117000000
0.500391675921
0.000000000000
2.412651000000
0.851959715738
1.040364000000
3.069384055569
0.687301415742
1.847722875837
1.066382303117
4.235466641152
1.866780000000
0.871347615641
0.850788549918
0.000000000000
0.157364171693
1.069848000000
0.000000000000
1.282029000000
2.011593375615
2.199617575685
1.583576228626
1.598930595871
0.000000000000
0.000000000000
0.162194246380
0.000000000000
2.381643000000
1.339716000000
0.000000000000
2.401958864970
1.536755057828
1.938744000000
2.292491375630
1.292543657710
1.075464000000
1.887682688168
2.648606217242
1.074013179940
0.807462000000
2.671309378447
1.706285010089
1.925253000000
0.000000000000
2.848969316269
0.000000000000
0.159960567640
1.312483035937
3.536841000000
1.422372000000
1.826036335951
0.000000000000
1.834229247230
0.154993549308
0.161540982563
0.000000000000
0.861376695691
0.000000000000
2.227175735646
0.000000000000
2.185800835911
2.219069650990
0.508550235854
0.000000000000
0.000000000000
0.519428315765
0.829521000000
2.313578266183
1.032114286220
0.830034000000
0.000000000000
1.898455355721
1.037267648661
2.049315261634
2.405721000000
1.050192000000
0.509909995843
0.000000000000
0.872455495635
2.052593062345
0.000000000000
0.000000000000
3.579318000000
0.000000000000
1.196560455066
0.000000000000
0.158096707525
0.000000000000
3.523072871516
1.853982000000
0.000000000000
0.000000000000
1.113840000000
0.992868919004
1.950530855513
2.081008871695
3.115647446154
2.191566281936
1.107054000000
0.000000000000
1.685965000421
0.000000000000
0.000000000000
2.376954000000
0.000000000000
3.272982000000
0.000000000000
0.000000000000
1.074762000000
0.000000000000
1.376739000000
1.973916627723
0.000000000000
0.825930000000
0.000000000000
0.000000000000
1.533001095783
1.395053101840
0.000000000000
1.149030000000
1.573156227335
0.000000000000
0.000000000000
2.206403695552
1.808560864142
2.359443175851
1.182995708806
1.407735000000
0.000000000000
0.000000000000
2.160885404650
0.000000000000
1.920283675643
1.255761548016
1.399512051412
0.000000000000
0.000000000000
1.192828341200
0.000000000000
0.151381172339
1.086300000000
0.959571926922
1.379322000000
1.399986000000
2.408701411567
1.030536000000
0.847989000000
1.758360018244
0.000000000000
0.818748000000
0.507190475865
0.000000000000
1.110780000000
0.000000000000
0.157251284913
0.967156718169
1.214820000000
1.095120000000
2.200689000000
0.480675156081
1.973916000000
3.857920475865
0.896274915516
1.333689000000
2.779654062109
1.580382887675
2.297066213696
0.881872475588
0.000000000000
0.166846661236
0.000000000000
0.171755170378
0.000000000000
0.848502000000
0.000000000000
2.264903767224
3.321054960000
0.000000000000
0.000000000000
0.891843395538
0.000000000000
1.955565000000
1.903353935563
0.977391196139
0.160976548662
0.000000000000
0.000000000000
0.000000000000
1.302981118855
1.557469528476
1.819440956026
1.060246114944
4.030314950512
0.658413973449
1.208625171048
1.076868000000
1.956705935563
1.074060000000
0.637893169927
2.228463000000
1.507637929750
0.898703878799
0.000000000000
0.000000000000
1.485872055607
0.969379790371
0.000000000000
0.999177759475
0.816696000000
0.000000000000
1.356075000000
1.955664029983
0.973511606615
0.901571472541
0.000000000000
1.738992267985
2.269668709938
0.513309395815
0.000000000000
0.492912995982
0.000000000000
0.000000000000
1.411179000000
1.117665000000
2.224785595594
1.982349000000
0.846420315765
0.873009435632
1.112310000000
2.897438262490
2.468081735923
0.000000000000
0.998946000000
2.142416080782
0.162308066904
1.818538075893
2.112937054317
0.812079000000
0.000000000000
0.826956000000
1.279506914044
0.000000000000
0.820287000000
1.881435675921
0.000000000000
1.994786672441
0.000000000000
2.225080335674
1.238134967190
0.165040472752
0.499031915932
4.088746855652
0.000000000000
0.639622302011
1.053702000000
1.122255000000
2.529132491478
1.028333697542
2.400093000000
0.156686851012
0.513649335813
0.505490775879
0.156912624572
0.000000000000
0.509909995843
1.134495000000
1.717218259975
0.000000000000
0.930247409963
3.448751580426
0.159576374334
0.000000000000
1.158210000000
0.000000000000
3.452962703730
0.876333075616
0.000000000000
0.000000000000
0.000000000000
2.026919735646
0.000000000000
2.168118000000
1.325940000000
0.000000000000
1.793830581701
3.834862111553
0.671436902186
0.000000000000
0.000000000000
0.324532906354
1.133730000000
0.000000000000
3.029879695968
1.875289355721
0.501751435910
0.836703000000
0.000000000000
0.000000000000
1.672371135896
2.633339133276
0.164698297903
0.000000000000
0.000000000000
1.714376697522
4.925539331517
0.817722000000
0.163460057828
0.000000000000
0.000000000000
1.050192000000
0.000000000000
2.285664790770
2.190814715738
3.632897104385
1.031238000000
0.000000000000
0.158718813057
0.000000000000
0.000000000000
0.000000000000
1.107584804533
1.083240000000
0.160942220619
1.965987000000
2.489496000000
1.139085000000
0.819774000000
0.172779555092
2.419694287140
0.960875913190
2.041533975657
1.031940000000
0.000000000000
1.439674662107
2.016737015613
3.554535221907
0.869685795649
2.864165063147
0.800280000000
1.122255000000
3.483357630707
1.934492853718
4.017384841740
1.149795000000
2.717607331990
1.015755887741
0.507530415862
2.825590866031
2.155500000000
0.157702832034
0.000000000000
0.969715579571
2.419542351703
1.048350193814
0.000000000000
1.851414895885
1.414623000000
0.000000000000
1.366407000000
0.000000000000
0.526227115710
0.957502862521
1.066338000000
0.844204555777
1.698816615641
2.008625472541
2.157000000000
0.941717784932
1.131435000000
1.257622680859
0.000000000000
1.370712000000
0.000000000000
0.926232778724
0.865808215668
0.493932815973
0.000000000000
0.511609695829
0.947452972416
0.000000000000
1.330296183258
1.979735436608
2.860633655596
1.801029615679
0.000000000000
2.495017875837
0.943438341177
0.877483685107
1.045012314718
0.157477058474
1.106190000000
0.000000000000
0.825417000000
0.000000000000
2.602891062109
2.005281634919
1.102842000000
0.000000000000
0.487813896023
0.941144266183
0.501411495912
0.000000000000
0.000000000000
2.055330564103
1.144277783164
0.884365910088
0.913041847510
1.060020000000
1.075550326081
0.956629272391
2.129349000000
1.206063964231
1.866099215807
0.947452972416
0.000000000000
1.483926002187
1.881833103639
2.330493459875
0.879656715599
1.201815000000
0.000000000000
1.384488000000
0.896983322554
1.761305926991
0.334058348097
1.387071000000
0.000000000000
1.518338990474
0.000000000000
0.000000000000
0.000000000000
0.165040472752
0.000000000000
0.939997228686
0.158041492375
1.000350000000
4.240363477048
0.000000000000
0.171868990901
0.000000000000
0.000000000000
0.675323169945
2.155027131600
0.000000000000
0.848502000000
2.317909253768
0.172665734568
0.496992275948
1.418167667232
0.000000000000
1.698467375630
0.000000000000
1.334486091783
0.000000000000
2.304384473397
1.083186000000
0.794637000000
1.045980000000
0.512289575824
1.053702000000
0.862484575685
2.263086960000
0.859714875699
3.086076875837
0.872613000000
2.609074503569
2.704194556054
0.176763273424
1.935252000000
0.000000000000
0.947452972416
1.368372322222
0.831573000000
0.000000000000
1.750053078699
0.000000000000
0.169820221473
0.849743955749
2.270549922503
2.662344495774
2.200248000000
1.424094000000
0.000000000000
0.000000000000
1.409990330990
0.885750055569
0.000000000000
1.050894000000
0.000000000000
0.000000000000
1.558014734568
1.118430000000
0.802845000000
1.067272074511
0.000000000000
0.000000000000
1.414770347210
1.538463272142
0.496652335951
3.930228741899
0.000000000000
0.000000000000
1.934478000000
0.000000000000
2.665013939378
0.000000000000
0.000000000000
0.000000000000
0.504810895885
1.994121000000
0.000000000000
0.835341515821
1.141380000000
1.096245000000
0.000000000000
1.139850000000
1.155774076805
1.884971595871
0.000000000000
0.846420315765
1.021324856839
1.133730000000
0.889627635549
1.861758000000
2.465376988399
0.516028915793
0.000000000000
1.121490000000
1.307767016236
0.948026491164
1.089313968207
2.703488991686
1.253823323238
3.479540784932
0.000000000000
1.312237760329
0.162444076805
0.164701812411
2.470773000000
0.154880662527
0.161766756124
0.000000000000
1.054637069781
0.878548835605
1.520018251631
1.045857323383
1.077570000000
0.000000000000
0.000000000000
1.102365000000
2.457075275948
1.168920000000
1.116180000000
1.142910000000
2.411966471847
0.000000000000
0.974747511353
2.283190146547
0.000000000000
1.394820000000
1.361908517823
1.348304297476
0.512629515821
1.980624275671
0.847989000000
1.577719775998
1.556545724105
0.714109804259
2.336389845571
1.121796000000
0.000000000000
1.189637374761
2.207893071459
0.910174253768
0.000000000000
0.164584477380
1.698126315904
1.214907452900
1.256429939378
2.198088000000
0.961436939378
1.820848538869
0.000000000000
0.925085741227
0.161089435442
0.000000000000
0.000000000000
0.165604906653
0.000000000000
1.287195000000
0.000000000000
0.000000000000
2.458820771861
0.000000000000
0.000000000000
0.803871000000
1.076868000000
0.000000000000
0.822852000000
1.152855000000
1.161270000000
1.985954995427
3.361418875560
0.000000000000
1.405573190976
0.000000000000
1.069848000000
3.313452147485
3.211262675660
1.091901279306
0.921644628736
0.317310953647
0.000000000000
0.000000000000
0.873009435632
1.878204083804
0.169781717523
0.171982811425
0.159396133738
1.136025000000
0.000000000000
1.974391720946
2.034306426127
2.909403000000
0.000000000000
0.830547000000
1.358658000000
4.499134655596
2.464760836975
0.324421887060
0.834233635826
0.000000000000
0.000000000000
0.000000000000
0.000000000000
1.027713968792
0.000000000000
0.000000000000
1.409589902165
2.427662191603
1.322496000000
1.585988945254
0.000000000000
0.860268815696
0.320335553127
0.501411495912
0.815157000000
0.000000000000
2.962818000000
0.162990990047
2.333285810998
0.000000000000
0.000000000000
0.165039759475
0.903865547535
2.256152403347
1.016341309451
1.770403911961
2.052014784809
0.000000000000
3.306009775602
0.661819610117
